[0.019s] Invoking command in '/home/rajitha-niroshan/FYP/Repos/Others/our_arm_v2/build/manipulator_msgs': CMAKE_PREFIX_PATH=${CMAKE_PREFIX_PATH}:/opt/ros/jazzy DEBUGINFOD_URLS=https://debuginfod.ubuntu.com /usr/bin/cmake --build /home/rajitha-niroshan/FYP/Repos/Others/our_arm_v2/build/manipulator_msgs -- -j8 -l8
[0.083s] [  1%] Built target manipulator_msgs__rosidl_generator_type_description
[0.093s] [  1%] Built target ament_cmake_python_copy_manipulator_msgs
[0.110s] [  3%] Built target manipulator_msgs__cpp
[0.114s] [ 25%] Built target manipulator_msgs__rosidl_generator_c
[0.158s] [ 34%] Built target manipulator_msgs__rosidl_typesupport_fastrtps_c
[0.162s] [ 43%] Built target manipulator_msgs__rosidl_typesupport_introspection_c
[0.163s] [ 54%] Built target manipulator_msgs__rosidl_typesupport_introspection_cpp
[0.163s] [ 62%] Built target manipulator_msgs__rosidl_typesupport_cpp
[0.163s] [ 71%] Built target manipulator_msgs__rosidl_typesupport_c
[0.163s] [ 81%] Built target manipulator_msgs__rosidl_typesupport_fastrtps_cpp
[0.187s] [ 81%] Built target manipulator_msgs
[0.209s] [ 82%] Built target manipulator_msgs__py
[0.237s] [ 90%] Built target manipulator_msgs__rosidl_generator_py
[0.261s] [100%] Built target manipulator_msgs_s__rosidl_typesupport_c
[0.262s] [100%] Built target manipulator_msgs_s__rosidl_typesupport_fastrtps_c
[0.262s] [100%] Built target manipulator_msgs_s__rosidl_typesupport_introspection_c
[0.374s] running egg_info
[0.396s] writing manipulator_msgs.egg-info/PKG-INFO
[0.396s] writing dependency_links to manipulator_msgs.egg-info/dependency_links.txt
[0.396s] writing top-level names to manipulator_msgs.egg-info/top_level.txt
[0.469s] reading manifest file 'manipulator_msgs.egg-info/SOURCES.txt'
[0.470s] writing manifest file 'manipulator_msgs.egg-info/SOURCES.txt'
[0.502s] [100%] Built target ament_cmake_python_build_manipulator_msgs_egg
[0.514s] Invoked command in '/home/rajitha-niroshan/FYP/Repos/Others/our_arm_v2/build/manipulator_msgs' returned '0': CMAKE_PREFIX_PATH=${CMAKE_PREFIX_PATH}:/opt/ros/jazzy DEBUGINFOD_URLS=https://debuginfod.ubuntu.com /usr/bin/cmake --build /home/rajitha-niroshan/FYP/Repos/Others/our_arm_v2/build/manipulator_msgs -- -j8 -l8
[0.515s] Invoking command in '/home/rajitha-niroshan/FYP/Repos/Others/our_arm_v2/build/manipulator_msgs': CMAKE_PREFIX_PATH=${CMAKE_PREFIX_PATH}:/opt/ros/jazzy DEBUGINFOD_URLS=https://debuginfod.ubuntu.com /usr/bin/cmake --install /home/rajitha-niroshan/FYP/Repos/Others/our_arm_v2/build/manipulator_msgs
[0.528s] -- Install configuration: ""
[0.528s] -- Up-to-date: /home/rajitha-niroshan/FYP/Repos/Others/our_arm_v2/install/manipulator_msgs/share/ament_index/resource_index/rosidl_interfaces/manipulator_msgs
[0.528s] -- Up-to-date: /home/rajitha-niroshan/FYP/Repos/Others/our_arm_v2/install/manipulator_msgs/share/manipulator_msgs/srv/AddTwoInts.json
[0.528s] -- Up-to-date: /home/rajitha-niroshan/FYP/Repos/Others/our_arm_v2/install/manipulator_msgs/share/manipulator_msgs/srv/QuaternionToEuler.json
[0.528s] -- Up-to-date: /home/rajitha-niroshan/FYP/Repos/Others/our_arm_v2/install/manipulator_msgs/share/manipulator_msgs/srv/EulerToQuaternion.json
[0.529s] -- Up-to-date: /home/rajitha-niroshan/FYP/Repos/Others/our_arm_v2/install/manipulator_msgs/share/manipulator_msgs/action/Fibonacci.json
[0.529s] -- Up-to-date: /home/rajitha-niroshan/FYP/Repos/Others/our_arm_v2/install/manipulator_msgs/include/manipulator_msgs/manipulator_msgs
[0.529s] -- Up-to-date: /home/rajitha-niroshan/FYP/Repos/Others/our_arm_v2/install/manipulator_msgs/include/manipulator_msgs/manipulator_msgs/action
[0.529s] -- Up-to-date: /home/rajitha-niroshan/FYP/Repos/Others/our_arm_v2/install/manipulator_msgs/include/manipulator_msgs/manipulator_msgs/action/fibonacci.h
[0.529s] -- Up-to-date: /home/rajitha-niroshan/FYP/Repos/Others/our_arm_v2/install/manipulator_msgs/include/manipulator_msgs/manipulator_msgs/action/detail
[0.529s] -- Up-to-date: /home/rajitha-niroshan/FYP/Repos/Others/our_arm_v2/install/manipulator_msgs/include/manipulator_msgs/manipulator_msgs/action/detail/fibonacci__functions.h
[0.530s] -- Up-to-date: /home/rajitha-niroshan/FYP/Repos/Others/our_arm_v2/install/manipulator_msgs/include/manipulator_msgs/manipulator_msgs/action/detail/fibonacci__description.c
[0.530s] -- Up-to-date: /home/rajitha-niroshan/FYP/Repos/Others/our_arm_v2/install/manipulator_msgs/include/manipulator_msgs/manipulator_msgs/action/detail/fibonacci__type_support.c
[0.530s] -- Up-to-date: /home/rajitha-niroshan/FYP/Repos/Others/our_arm_v2/install/manipulator_msgs/include/manipulator_msgs/manipulator_msgs/action/detail/fibonacci__functions.c
[0.530s] -- Up-to-date: /home/rajitha-niroshan/FYP/Repos/Others/our_arm_v2/install/manipulator_msgs/include/manipulator_msgs/manipulator_msgs/action/detail/fibonacci__struct.h
[0.530s] -- Up-to-date: /home/rajitha-niroshan/FYP/Repos/Others/our_arm_v2/install/manipulator_msgs/include/manipulator_msgs/manipulator_msgs/action/detail/fibonacci__type_support.h
[0.531s] -- Up-to-date: /home/rajitha-niroshan/FYP/Repos/Others/our_arm_v2/install/manipulator_msgs/include/manipulator_msgs/manipulator_msgs/msg
[0.531s] -- Up-to-date: /home/rajitha-niroshan/FYP/Repos/Others/our_arm_v2/install/manipulator_msgs/include/manipulator_msgs/manipulator_msgs/msg/rosidl_generator_c__visibility_control.h
[0.531s] -- Up-to-date: /home/rajitha-niroshan/FYP/Repos/Others/our_arm_v2/install/manipulator_msgs/include/manipulator_msgs/manipulator_msgs/srv
[0.531s] -- Up-to-date: /home/rajitha-niroshan/FYP/Repos/Others/our_arm_v2/install/manipulator_msgs/include/manipulator_msgs/manipulator_msgs/srv/euler_to_quaternion.h
[0.531s] -- Up-to-date: /home/rajitha-niroshan/FYP/Repos/Others/our_arm_v2/install/manipulator_msgs/include/manipulator_msgs/manipulator_msgs/srv/quaternion_to_euler.h
[0.531s] -- Up-to-date: /home/rajitha-niroshan/FYP/Repos/Others/our_arm_v2/install/manipulator_msgs/include/manipulator_msgs/manipulator_msgs/srv/add_two_ints.h
[0.531s] -- Up-to-date: /home/rajitha-niroshan/FYP/Repos/Others/our_arm_v2/install/manipulator_msgs/include/manipulator_msgs/manipulator_msgs/srv/detail
[0.531s] -- Up-to-date: /home/rajitha-niroshan/FYP/Repos/Others/our_arm_v2/install/manipulator_msgs/include/manipulator_msgs/manipulator_msgs/srv/detail/quaternion_to_euler__type_support.c
[0.532s] -- Up-to-date: /home/rajitha-niroshan/FYP/Repos/Others/our_arm_v2/install/manipulator_msgs/include/manipulator_msgs/manipulator_msgs/srv/detail/euler_to_quaternion__type_support.h
[0.532s] -- Up-to-date: /home/rajitha-niroshan/FYP/Repos/Others/our_arm_v2/install/manipulator_msgs/include/manipulator_msgs/manipulator_msgs/srv/detail/quaternion_to_euler__type_support.h
[0.532s] -- Up-to-date: /home/rajitha-niroshan/FYP/Repos/Others/our_arm_v2/install/manipulator_msgs/include/manipulator_msgs/manipulator_msgs/srv/detail/quaternion_to_euler__description.c
[0.532s] -- Up-to-date: /home/rajitha-niroshan/FYP/Repos/Others/our_arm_v2/install/manipulator_msgs/include/manipulator_msgs/manipulator_msgs/srv/detail/add_two_ints__functions.c
[0.532s] -- Up-to-date: /home/rajitha-niroshan/FYP/Repos/Others/our_arm_v2/install/manipulator_msgs/include/manipulator_msgs/manipulator_msgs/srv/detail/euler_to_quaternion__type_support.c
[0.532s] -- Up-to-date: /home/rajitha-niroshan/FYP/Repos/Others/our_arm_v2/install/manipulator_msgs/include/manipulator_msgs/manipulator_msgs/srv/detail/quaternion_to_euler__struct.h
[0.532s] -- Up-to-date: /home/rajitha-niroshan/FYP/Repos/Others/our_arm_v2/install/manipulator_msgs/include/manipulator_msgs/manipulator_msgs/srv/detail/euler_to_quaternion__struct.h
[0.532s] -- Up-to-date: /home/rajitha-niroshan/FYP/Repos/Others/our_arm_v2/install/manipulator_msgs/include/manipulator_msgs/manipulator_msgs/srv/detail/add_two_ints__description.c
[0.533s] -- Up-to-date: /home/rajitha-niroshan/FYP/Repos/Others/our_arm_v2/install/manipulator_msgs/include/manipulator_msgs/manipulator_msgs/srv/detail/add_two_ints__type_support.c
[0.533s] -- Up-to-date: /home/rajitha-niroshan/FYP/Repos/Others/our_arm_v2/install/manipulator_msgs/include/manipulator_msgs/manipulator_msgs/srv/detail/add_two_ints__type_support.h
[0.533s] -- Up-to-date: /home/rajitha-niroshan/FYP/Repos/Others/our_arm_v2/install/manipulator_msgs/include/manipulator_msgs/manipulator_msgs/srv/detail/quaternion_to_euler__functions.c
[0.533s] -- Up-to-date: /home/rajitha-niroshan/FYP/Repos/Others/our_arm_v2/install/manipulator_msgs/include/manipulator_msgs/manipulator_msgs/srv/detail/add_two_ints__struct.h
[0.534s] -- Up-to-date: /home/rajitha-niroshan/FYP/Repos/Others/our_arm_v2/install/manipulator_msgs/include/manipulator_msgs/manipulator_msgs/srv/detail/euler_to_quaternion__functions.c
[0.534s] -- Up-to-date: /home/rajitha-niroshan/FYP/Repos/Others/our_arm_v2/install/manipulator_msgs/include/manipulator_msgs/manipulator_msgs/srv/detail/euler_to_quaternion__description.c
[0.534s] -- Up-to-date: /home/rajitha-niroshan/FYP/Repos/Others/our_arm_v2/install/manipulator_msgs/include/manipulator_msgs/manipulator_msgs/srv/detail/quaternion_to_euler__functions.h
[0.534s] -- Up-to-date: /home/rajitha-niroshan/FYP/Repos/Others/our_arm_v2/install/manipulator_msgs/include/manipulator_msgs/manipulator_msgs/srv/detail/add_two_ints__functions.h
[0.534s] -- Up-to-date: /home/rajitha-niroshan/FYP/Repos/Others/our_arm_v2/install/manipulator_msgs/include/manipulator_msgs/manipulator_msgs/srv/detail/euler_to_quaternion__functions.h
[0.534s] -- Up-to-date: /home/rajitha-niroshan/FYP/Repos/Others/our_arm_v2/install/manipulator_msgs/share/manipulator_msgs/environment/library_path.sh
[0.535s] -- Up-to-date: /home/rajitha-niroshan/FYP/Repos/Others/our_arm_v2/install/manipulator_msgs/share/manipulator_msgs/environment/library_path.dsv
[0.535s] -- Up-to-date: /home/rajitha-niroshan/FYP/Repos/Others/our_arm_v2/install/manipulator_msgs/lib/libmanipulator_msgs__rosidl_generator_c.so
[0.535s] -- Up-to-date: /home/rajitha-niroshan/FYP/Repos/Others/our_arm_v2/install/manipulator_msgs/include/manipulator_msgs/manipulator_msgs
[0.535s] -- Up-to-date: /home/rajitha-niroshan/FYP/Repos/Others/our_arm_v2/install/manipulator_msgs/include/manipulator_msgs/manipulator_msgs/action
[0.535s] -- Up-to-date: /home/rajitha-niroshan/FYP/Repos/Others/our_arm_v2/install/manipulator_msgs/include/manipulator_msgs/manipulator_msgs/action/detail
[0.535s] -- Up-to-date: /home/rajitha-niroshan/FYP/Repos/Others/our_arm_v2/install/manipulator_msgs/include/manipulator_msgs/manipulator_msgs/action/detail/fibonacci__rosidl_typesupport_fastrtps_c.h
[0.535s] -- Up-to-date: /home/rajitha-niroshan/FYP/Repos/Others/our_arm_v2/install/manipulator_msgs/include/manipulator_msgs/manipulator_msgs/msg
[0.535s] -- Up-to-date: /home/rajitha-niroshan/FYP/Repos/Others/our_arm_v2/install/manipulator_msgs/include/manipulator_msgs/manipulator_msgs/msg/rosidl_typesupport_fastrtps_c__visibility_control.h
[0.536s] -- Up-to-date: /home/rajitha-niroshan/FYP/Repos/Others/our_arm_v2/install/manipulator_msgs/include/manipulator_msgs/manipulator_msgs/srv
[0.536s] -- Up-to-date: /home/rajitha-niroshan/FYP/Repos/Others/our_arm_v2/install/manipulator_msgs/include/manipulator_msgs/manipulator_msgs/srv/detail
[0.536s] -- Up-to-date: /home/rajitha-niroshan/FYP/Repos/Others/our_arm_v2/install/manipulator_msgs/include/manipulator_msgs/manipulator_msgs/srv/detail/add_two_ints__rosidl_typesupport_fastrtps_c.h
[0.536s] -- Up-to-date: /home/rajitha-niroshan/FYP/Repos/Others/our_arm_v2/install/manipulator_msgs/include/manipulator_msgs/manipulator_msgs/srv/detail/quaternion_to_euler__rosidl_typesupport_fastrtps_c.h
[0.536s] -- Up-to-date: /home/rajitha-niroshan/FYP/Repos/Others/our_arm_v2/install/manipulator_msgs/include/manipulator_msgs/manipulator_msgs/srv/detail/euler_to_quaternion__rosidl_typesupport_fastrtps_c.h
[0.536s] -- Up-to-date: /home/rajitha-niroshan/FYP/Repos/Others/our_arm_v2/install/manipulator_msgs/lib/libmanipulator_msgs__rosidl_typesupport_fastrtps_c.so
[0.536s] -- Up-to-date: /home/rajitha-niroshan/FYP/Repos/Others/our_arm_v2/install/manipulator_msgs/include/manipulator_msgs/manipulator_msgs
[0.536s] -- Up-to-date: /home/rajitha-niroshan/FYP/Repos/Others/our_arm_v2/install/manipulator_msgs/include/manipulator_msgs/manipulator_msgs/action
[0.536s] -- Up-to-date: /home/rajitha-niroshan/FYP/Repos/Others/our_arm_v2/install/manipulator_msgs/include/manipulator_msgs/manipulator_msgs/action/fibonacci.hpp
[0.536s] -- Up-to-date: /home/rajitha-niroshan/FYP/Repos/Others/our_arm_v2/install/manipulator_msgs/include/manipulator_msgs/manipulator_msgs/action/detail
[0.537s] -- Up-to-date: /home/rajitha-niroshan/FYP/Repos/Others/our_arm_v2/install/manipulator_msgs/include/manipulator_msgs/manipulator_msgs/action/detail/fibonacci__type_support.hpp
[0.537s] -- Up-to-date: /home/rajitha-niroshan/FYP/Repos/Others/our_arm_v2/install/manipulator_msgs/include/manipulator_msgs/manipulator_msgs/action/detail/fibonacci__struct.hpp
[0.537s] -- Up-to-date: /home/rajitha-niroshan/FYP/Repos/Others/our_arm_v2/install/manipulator_msgs/include/manipulator_msgs/manipulator_msgs/action/detail/fibonacci__traits.hpp
[0.537s] -- Up-to-date: /home/rajitha-niroshan/FYP/Repos/Others/our_arm_v2/install/manipulator_msgs/include/manipulator_msgs/manipulator_msgs/action/detail/fibonacci__builder.hpp
[0.537s] -- Up-to-date: /home/rajitha-niroshan/FYP/Repos/Others/our_arm_v2/install/manipulator_msgs/include/manipulator_msgs/manipulator_msgs/msg
[0.537s] -- Up-to-date: /home/rajitha-niroshan/FYP/Repos/Others/our_arm_v2/install/manipulator_msgs/include/manipulator_msgs/manipulator_msgs/msg/rosidl_generator_cpp__visibility_control.hpp
[0.537s] -- Up-to-date: /home/rajitha-niroshan/FYP/Repos/Others/our_arm_v2/install/manipulator_msgs/include/manipulator_msgs/manipulator_msgs/srv
[0.537s] -- Up-to-date: /home/rajitha-niroshan/FYP/Repos/Others/our_arm_v2/install/manipulator_msgs/include/manipulator_msgs/manipulator_msgs/srv/add_two_ints.hpp
[0.537s] -- Up-to-date: /home/rajitha-niroshan/FYP/Repos/Others/our_arm_v2/install/manipulator_msgs/include/manipulator_msgs/manipulator_msgs/srv/euler_to_quaternion.hpp
[0.537s] -- Up-to-date: /home/rajitha-niroshan/FYP/Repos/Others/our_arm_v2/install/manipulator_msgs/include/manipulator_msgs/manipulator_msgs/srv/quaternion_to_euler.hpp
[0.537s] -- Up-to-date: /home/rajitha-niroshan/FYP/Repos/Others/our_arm_v2/install/manipulator_msgs/include/manipulator_msgs/manipulator_msgs/srv/detail
[0.538s] -- Up-to-date: /home/rajitha-niroshan/FYP/Repos/Others/our_arm_v2/install/manipulator_msgs/include/manipulator_msgs/manipulator_msgs/srv/detail/euler_to_quaternion__type_support.hpp
[0.538s] -- Up-to-date: /home/rajitha-niroshan/FYP/Repos/Others/our_arm_v2/install/manipulator_msgs/include/manipulator_msgs/manipulator_msgs/srv/detail/euler_to_quaternion__builder.hpp
[0.538s] -- Up-to-date: /home/rajitha-niroshan/FYP/Repos/Others/our_arm_v2/install/manipulator_msgs/include/manipulator_msgs/manipulator_msgs/srv/detail/quaternion_to_euler__builder.hpp
[0.538s] -- Up-to-date: /home/rajitha-niroshan/FYP/Repos/Others/our_arm_v2/install/manipulator_msgs/include/manipulator_msgs/manipulator_msgs/srv/detail/add_two_ints__builder.hpp
[0.538s] -- Up-to-date: /home/rajitha-niroshan/FYP/Repos/Others/our_arm_v2/install/manipulator_msgs/include/manipulator_msgs/manipulator_msgs/srv/detail/add_two_ints__traits.hpp
[0.538s] -- Up-to-date: /home/rajitha-niroshan/FYP/Repos/Others/our_arm_v2/install/manipulator_msgs/include/manipulator_msgs/manipulator_msgs/srv/detail/euler_to_quaternion__traits.hpp
[0.538s] -- Up-to-date: /home/rajitha-niroshan/FYP/Repos/Others/our_arm_v2/install/manipulator_msgs/include/manipulator_msgs/manipulator_msgs/srv/detail/quaternion_to_euler__type_support.hpp
[0.538s] -- Up-to-date: /home/rajitha-niroshan/FYP/Repos/Others/our_arm_v2/install/manipulator_msgs/include/manipulator_msgs/manipulator_msgs/srv/detail/add_two_ints__type_support.hpp
[0.538s] -- Up-to-date: /home/rajitha-niroshan/FYP/Repos/Others/our_arm_v2/install/manipulator_msgs/include/manipulator_msgs/manipulator_msgs/srv/detail/add_two_ints__struct.hpp
[0.538s] -- Up-to-date: /home/rajitha-niroshan/FYP/Repos/Others/our_arm_v2/install/manipulator_msgs/include/manipulator_msgs/manipulator_msgs/srv/detail/quaternion_to_euler__struct.hpp
[0.538s] -- Up-to-date: /home/rajitha-niroshan/FYP/Repos/Others/our_arm_v2/install/manipulator_msgs/include/manipulator_msgs/manipulator_msgs/srv/detail/quaternion_to_euler__traits.hpp
[0.538s] -- Up-to-date: /home/rajitha-niroshan/FYP/Repos/Others/our_arm_v2/install/manipulator_msgs/include/manipulator_msgs/manipulator_msgs/srv/detail/euler_to_quaternion__struct.hpp
[0.538s] -- Up-to-date: /home/rajitha-niroshan/FYP/Repos/Others/our_arm_v2/install/manipulator_msgs/include/manipulator_msgs/manipulator_msgs
[0.538s] -- Up-to-date: /home/rajitha-niroshan/FYP/Repos/Others/our_arm_v2/install/manipulator_msgs/include/manipulator_msgs/manipulator_msgs/action
[0.538s] -- Up-to-date: /home/rajitha-niroshan/FYP/Repos/Others/our_arm_v2/install/manipulator_msgs/include/manipulator_msgs/manipulator_msgs/action/detail
[0.538s] -- Up-to-date: /home/rajitha-niroshan/FYP/Repos/Others/our_arm_v2/install/manipulator_msgs/include/manipulator_msgs/manipulator_msgs/action/detail/dds_fastrtps
[0.539s] -- Up-to-date: /home/rajitha-niroshan/FYP/Repos/Others/our_arm_v2/install/manipulator_msgs/include/manipulator_msgs/manipulator_msgs/action/detail/fibonacci__rosidl_typesupport_fastrtps_cpp.hpp
[0.539s] -- Up-to-date: /home/rajitha-niroshan/FYP/Repos/Others/our_arm_v2/install/manipulator_msgs/include/manipulator_msgs/manipulator_msgs/msg
[0.539s] -- Up-to-date: /home/rajitha-niroshan/FYP/Repos/Others/our_arm_v2/install/manipulator_msgs/include/manipulator_msgs/manipulator_msgs/msg/rosidl_typesupport_fastrtps_cpp__visibility_control.h
[0.539s] -- Up-to-date: /home/rajitha-niroshan/FYP/Repos/Others/our_arm_v2/install/manipulator_msgs/include/manipulator_msgs/manipulator_msgs/srv
[0.539s] -- Up-to-date: /home/rajitha-niroshan/FYP/Repos/Others/our_arm_v2/install/manipulator_msgs/include/manipulator_msgs/manipulator_msgs/srv/detail
[0.539s] -- Up-to-date: /home/rajitha-niroshan/FYP/Repos/Others/our_arm_v2/install/manipulator_msgs/include/manipulator_msgs/manipulator_msgs/srv/detail/quaternion_to_euler__rosidl_typesupport_fastrtps_cpp.hpp
[0.539s] -- Up-to-date: /home/rajitha-niroshan/FYP/Repos/Others/our_arm_v2/install/manipulator_msgs/include/manipulator_msgs/manipulator_msgs/srv/detail/dds_fastrtps
[0.539s] -- Up-to-date: /home/rajitha-niroshan/FYP/Repos/Others/our_arm_v2/install/manipulator_msgs/include/manipulator_msgs/manipulator_msgs/srv/detail/add_two_ints__rosidl_typesupport_fastrtps_cpp.hpp
[0.539s] -- Up-to-date: /home/rajitha-niroshan/FYP/Repos/Others/our_arm_v2/install/manipulator_msgs/include/manipulator_msgs/manipulator_msgs/srv/detail/euler_to_quaternion__rosidl_typesupport_fastrtps_cpp.hpp
[0.539s] -- Up-to-date: /home/rajitha-niroshan/FYP/Repos/Others/our_arm_v2/install/manipulator_msgs/lib/libmanipulator_msgs__rosidl_typesupport_fastrtps_cpp.so
[0.539s] -- Up-to-date: /home/rajitha-niroshan/FYP/Repos/Others/our_arm_v2/install/manipulator_msgs/include/manipulator_msgs/manipulator_msgs
[0.539s] -- Up-to-date: /home/rajitha-niroshan/FYP/Repos/Others/our_arm_v2/install/manipulator_msgs/include/manipulator_msgs/manipulator_msgs/action
[0.539s] -- Up-to-date: /home/rajitha-niroshan/FYP/Repos/Others/our_arm_v2/install/manipulator_msgs/include/manipulator_msgs/manipulator_msgs/action/detail
[0.539s] -- Up-to-date: /home/rajitha-niroshan/FYP/Repos/Others/our_arm_v2/install/manipulator_msgs/include/manipulator_msgs/manipulator_msgs/action/detail/fibonacci__rosidl_typesupport_introspection_c.h
[0.539s] -- Up-to-date: /home/rajitha-niroshan/FYP/Repos/Others/our_arm_v2/install/manipulator_msgs/include/manipulator_msgs/manipulator_msgs/action/detail/fibonacci__type_support.c
[0.540s] -- Up-to-date: /home/rajitha-niroshan/FYP/Repos/Others/our_arm_v2/install/manipulator_msgs/include/manipulator_msgs/manipulator_msgs/msg
[0.540s] -- Up-to-date: /home/rajitha-niroshan/FYP/Repos/Others/our_arm_v2/install/manipulator_msgs/include/manipulator_msgs/manipulator_msgs/msg/rosidl_typesupport_introspection_c__visibility_control.h
[0.540s] -- Up-to-date: /home/rajitha-niroshan/FYP/Repos/Others/our_arm_v2/install/manipulator_msgs/include/manipulator_msgs/manipulator_msgs/srv
[0.540s] -- Up-to-date: /home/rajitha-niroshan/FYP/Repos/Others/our_arm_v2/install/manipulator_msgs/include/manipulator_msgs/manipulator_msgs/srv/detail
[0.540s] -- Up-to-date: /home/rajitha-niroshan/FYP/Repos/Others/our_arm_v2/install/manipulator_msgs/include/manipulator_msgs/manipulator_msgs/srv/detail/quaternion_to_euler__type_support.c
[0.540s] -- Up-to-date: /home/rajitha-niroshan/FYP/Repos/Others/our_arm_v2/install/manipulator_msgs/include/manipulator_msgs/manipulator_msgs/srv/detail/euler_to_quaternion__type_support.c
[0.540s] -- Up-to-date: /home/rajitha-niroshan/FYP/Repos/Others/our_arm_v2/install/manipulator_msgs/include/manipulator_msgs/manipulator_msgs/srv/detail/euler_to_quaternion__rosidl_typesupport_introspection_c.h
[0.540s] -- Up-to-date: /home/rajitha-niroshan/FYP/Repos/Others/our_arm_v2/install/manipulator_msgs/include/manipulator_msgs/manipulator_msgs/srv/detail/add_two_ints__type_support.c
[0.540s] -- Up-to-date: /home/rajitha-niroshan/FYP/Repos/Others/our_arm_v2/install/manipulator_msgs/include/manipulator_msgs/manipulator_msgs/srv/detail/quaternion_to_euler__rosidl_typesupport_introspection_c.h
[0.540s] -- Up-to-date: /home/rajitha-niroshan/FYP/Repos/Others/our_arm_v2/install/manipulator_msgs/include/manipulator_msgs/manipulator_msgs/srv/detail/add_two_ints__rosidl_typesupport_introspection_c.h
[0.540s] -- Up-to-date: /home/rajitha-niroshan/FYP/Repos/Others/our_arm_v2/install/manipulator_msgs/lib/libmanipulator_msgs__rosidl_typesupport_introspection_c.so
[0.540s] -- Up-to-date: /home/rajitha-niroshan/FYP/Repos/Others/our_arm_v2/install/manipulator_msgs/lib/libmanipulator_msgs__rosidl_typesupport_c.so
[0.540s] -- Up-to-date: /home/rajitha-niroshan/FYP/Repos/Others/our_arm_v2/install/manipulator_msgs/include/manipulator_msgs/manipulator_msgs
[0.540s] -- Up-to-date: /home/rajitha-niroshan/FYP/Repos/Others/our_arm_v2/install/manipulator_msgs/include/manipulator_msgs/manipulator_msgs/action
[0.540s] -- Up-to-date: /home/rajitha-niroshan/FYP/Repos/Others/our_arm_v2/install/manipulator_msgs/include/manipulator_msgs/manipulator_msgs/action/detail
[0.541s] -- Up-to-date: /home/rajitha-niroshan/FYP/Repos/Others/our_arm_v2/install/manipulator_msgs/include/manipulator_msgs/manipulator_msgs/action/detail/fibonacci__type_support.cpp
[0.541s] -- Up-to-date: /home/rajitha-niroshan/FYP/Repos/Others/our_arm_v2/install/manipulator_msgs/include/manipulator_msgs/manipulator_msgs/action/detail/fibonacci__rosidl_typesupport_introspection_cpp.hpp
[0.541s] -- Up-to-date: /home/rajitha-niroshan/FYP/Repos/Others/our_arm_v2/install/manipulator_msgs/include/manipulator_msgs/manipulator_msgs/srv
[0.541s] -- Up-to-date: /home/rajitha-niroshan/FYP/Repos/Others/our_arm_v2/install/manipulator_msgs/include/manipulator_msgs/manipulator_msgs/srv/detail
[0.541s] -- Up-to-date: /home/rajitha-niroshan/FYP/Repos/Others/our_arm_v2/install/manipulator_msgs/include/manipulator_msgs/manipulator_msgs/srv/detail/euler_to_quaternion__type_support.cpp
[0.541s] -- Up-to-date: /home/rajitha-niroshan/FYP/Repos/Others/our_arm_v2/install/manipulator_msgs/include/manipulator_msgs/manipulator_msgs/srv/detail/quaternion_to_euler__type_support.cpp
[0.541s] -- Up-to-date: /home/rajitha-niroshan/FYP/Repos/Others/our_arm_v2/install/manipulator_msgs/include/manipulator_msgs/manipulator_msgs/srv/detail/add_two_ints__rosidl_typesupport_introspection_cpp.hpp
[0.541s] -- Up-to-date: /home/rajitha-niroshan/FYP/Repos/Others/our_arm_v2/install/manipulator_msgs/include/manipulator_msgs/manipulator_msgs/srv/detail/euler_to_quaternion__rosidl_typesupport_introspection_cpp.hpp
[0.541s] -- Up-to-date: /home/rajitha-niroshan/FYP/Repos/Others/our_arm_v2/install/manipulator_msgs/include/manipulator_msgs/manipulator_msgs/srv/detail/add_two_ints__type_support.cpp
[0.541s] -- Up-to-date: /home/rajitha-niroshan/FYP/Repos/Others/our_arm_v2/install/manipulator_msgs/include/manipulator_msgs/manipulator_msgs/srv/detail/quaternion_to_euler__rosidl_typesupport_introspection_cpp.hpp
[0.541s] -- Up-to-date: /home/rajitha-niroshan/FYP/Repos/Others/our_arm_v2/install/manipulator_msgs/lib/libmanipulator_msgs__rosidl_typesupport_introspection_cpp.so
[0.541s] -- Up-to-date: /home/rajitha-niroshan/FYP/Repos/Others/our_arm_v2/install/manipulator_msgs/lib/libmanipulator_msgs__rosidl_typesupport_cpp.so
[0.541s] -- Up-to-date: /home/rajitha-niroshan/FYP/Repos/Others/our_arm_v2/install/manipulator_msgs/share/manipulator_msgs/environment/pythonpath.sh
[0.541s] -- Up-to-date: /home/rajitha-niroshan/FYP/Repos/Others/our_arm_v2/install/manipulator_msgs/share/manipulator_msgs/environment/pythonpath.dsv
[0.541s] -- Up-to-date: /home/rajitha-niroshan/FYP/Repos/Others/our_arm_v2/install/manipulator_msgs/lib/python3.12/site-packages/manipulator_msgs-0.0.0-py3.12.egg-info
[0.541s] -- Installing: /home/rajitha-niroshan/FYP/Repos/Others/our_arm_v2/install/manipulator_msgs/lib/python3.12/site-packages/manipulator_msgs-0.0.0-py3.12.egg-info/dependency_links.txt
[0.542s] -- Installing: /home/rajitha-niroshan/FYP/Repos/Others/our_arm_v2/install/manipulator_msgs/lib/python3.12/site-packages/manipulator_msgs-0.0.0-py3.12.egg-info/SOURCES.txt
[0.542s] -- Installing: /home/rajitha-niroshan/FYP/Repos/Others/our_arm_v2/install/manipulator_msgs/lib/python3.12/site-packages/manipulator_msgs-0.0.0-py3.12.egg-info/PKG-INFO
[0.542s] -- Installing: /home/rajitha-niroshan/FYP/Repos/Others/our_arm_v2/install/manipulator_msgs/lib/python3.12/site-packages/manipulator_msgs-0.0.0-py3.12.egg-info/top_level.txt
[0.542s] -- Up-to-date: /home/rajitha-niroshan/FYP/Repos/Others/our_arm_v2/install/manipulator_msgs/lib/python3.12/site-packages/manipulator_msgs
[0.542s] -- Up-to-date: /home/rajitha-niroshan/FYP/Repos/Others/our_arm_v2/install/manipulator_msgs/lib/python3.12/site-packages/manipulator_msgs/manipulator_msgs_s__rosidl_typesupport_introspection_c.so
[0.542s] -- Up-to-date: /home/rajitha-niroshan/FYP/Repos/Others/our_arm_v2/install/manipulator_msgs/lib/python3.12/site-packages/manipulator_msgs/__init__.py
[0.542s] -- Up-to-date: /home/rajitha-niroshan/FYP/Repos/Others/our_arm_v2/install/manipulator_msgs/lib/python3.12/site-packages/manipulator_msgs/manipulator_msgs_s__rosidl_typesupport_c.so
[0.542s] -- Up-to-date: /home/rajitha-niroshan/FYP/Repos/Others/our_arm_v2/install/manipulator_msgs/lib/python3.12/site-packages/manipulator_msgs/_manipulator_msgs_s.ep.rosidl_typesupport_introspection_c.c
[0.542s] -- Up-to-date: /home/rajitha-niroshan/FYP/Repos/Others/our_arm_v2/install/manipulator_msgs/lib/python3.12/site-packages/manipulator_msgs/_manipulator_msgs_s.ep.rosidl_typesupport_fastrtps_c.c
[0.542s] -- Up-to-date: /home/rajitha-niroshan/FYP/Repos/Others/our_arm_v2/install/manipulator_msgs/lib/python3.12/site-packages/manipulator_msgs/_manipulator_msgs_s.ep.rosidl_typesupport_c.c
[0.542s] -- Up-to-date: /home/rajitha-niroshan/FYP/Repos/Others/our_arm_v2/install/manipulator_msgs/lib/python3.12/site-packages/manipulator_msgs/manipulator_msgs_s__rosidl_typesupport_fastrtps_c.so
[0.543s] -- Up-to-date: /home/rajitha-niroshan/FYP/Repos/Others/our_arm_v2/install/manipulator_msgs/lib/python3.12/site-packages/manipulator_msgs/action
[0.543s] -- Up-to-date: /home/rajitha-niroshan/FYP/Repos/Others/our_arm_v2/install/manipulator_msgs/lib/python3.12/site-packages/manipulator_msgs/action/__init__.py
[0.543s] -- Up-to-date: /home/rajitha-niroshan/FYP/Repos/Others/our_arm_v2/install/manipulator_msgs/lib/python3.12/site-packages/manipulator_msgs/action/_fibonacci_s.c
[0.543s] -- Up-to-date: /home/rajitha-niroshan/FYP/Repos/Others/our_arm_v2/install/manipulator_msgs/lib/python3.12/site-packages/manipulator_msgs/action/_fibonacci.py
[0.543s] -- Up-to-date: /home/rajitha-niroshan/FYP/Repos/Others/our_arm_v2/install/manipulator_msgs/lib/python3.12/site-packages/manipulator_msgs/srv
[0.543s] -- Up-to-date: /home/rajitha-niroshan/FYP/Repos/Others/our_arm_v2/install/manipulator_msgs/lib/python3.12/site-packages/manipulator_msgs/srv/__init__.py
[0.543s] -- Up-to-date: /home/rajitha-niroshan/FYP/Repos/Others/our_arm_v2/install/manipulator_msgs/lib/python3.12/site-packages/manipulator_msgs/srv/_add_two_ints.py
[0.543s] -- Up-to-date: /home/rajitha-niroshan/FYP/Repos/Others/our_arm_v2/install/manipulator_msgs/lib/python3.12/site-packages/manipulator_msgs/srv/_euler_to_quaternion_s.c
[0.544s] -- Up-to-date: /home/rajitha-niroshan/FYP/Repos/Others/our_arm_v2/install/manipulator_msgs/lib/python3.12/site-packages/manipulator_msgs/srv/_add_two_ints_s.c
[0.544s] -- Up-to-date: /home/rajitha-niroshan/FYP/Repos/Others/our_arm_v2/install/manipulator_msgs/lib/python3.12/site-packages/manipulator_msgs/srv/_quaternion_to_euler.py
[0.544s] -- Up-to-date: /home/rajitha-niroshan/FYP/Repos/Others/our_arm_v2/install/manipulator_msgs/lib/python3.12/site-packages/manipulator_msgs/srv/_euler_to_quaternion.py
[0.544s] -- Up-to-date: /home/rajitha-niroshan/FYP/Repos/Others/our_arm_v2/install/manipulator_msgs/lib/python3.12/site-packages/manipulator_msgs/srv/_quaternion_to_euler_s.c
[0.593s] Listing '/home/rajitha-niroshan/FYP/Repos/Others/our_arm_v2/install/manipulator_msgs/lib/python3.12/site-packages/manipulator_msgs'...
[0.593s] Listing '/home/rajitha-niroshan/FYP/Repos/Others/our_arm_v2/install/manipulator_msgs/lib/python3.12/site-packages/manipulator_msgs/action'...
[0.593s] Listing '/home/rajitha-niroshan/FYP/Repos/Others/our_arm_v2/install/manipulator_msgs/lib/python3.12/site-packages/manipulator_msgs/srv'...
[0.598s] -- Up-to-date: /home/rajitha-niroshan/FYP/Repos/Others/our_arm_v2/install/manipulator_msgs/lib/python3.12/site-packages/manipulator_msgs/manipulator_msgs_s__rosidl_typesupport_fastrtps_c.so
[0.598s] -- Up-to-date: /home/rajitha-niroshan/FYP/Repos/Others/our_arm_v2/install/manipulator_msgs/lib/python3.12/site-packages/manipulator_msgs/manipulator_msgs_s__rosidl_typesupport_introspection_c.so
[0.598s] -- Up-to-date: /home/rajitha-niroshan/FYP/Repos/Others/our_arm_v2/install/manipulator_msgs/lib/python3.12/site-packages/manipulator_msgs/manipulator_msgs_s__rosidl_typesupport_c.so
[0.599s] -- Up-to-date: /home/rajitha-niroshan/FYP/Repos/Others/our_arm_v2/install/manipulator_msgs/lib/libmanipulator_msgs__rosidl_generator_py.so
[0.599s] -- Up-to-date: /home/rajitha-niroshan/FYP/Repos/Others/our_arm_v2/install/manipulator_msgs/share/manipulator_msgs/srv/AddTwoInts.idl
[0.599s] -- Up-to-date: /home/rajitha-niroshan/FYP/Repos/Others/our_arm_v2/install/manipulator_msgs/share/manipulator_msgs/srv/QuaternionToEuler.idl
[0.599s] -- Up-to-date: /home/rajitha-niroshan/FYP/Repos/Others/our_arm_v2/install/manipulator_msgs/share/manipulator_msgs/srv/EulerToQuaternion.idl
[0.599s] -- Up-to-date: /home/rajitha-niroshan/FYP/Repos/Others/our_arm_v2/install/manipulator_msgs/share/manipulator_msgs/action/Fibonacci.idl
[0.599s] -- Up-to-date: /home/rajitha-niroshan/FYP/Repos/Others/our_arm_v2/install/manipulator_msgs/share/manipulator_msgs/srv/AddTwoInts.srv
[0.599s] -- Up-to-date: /home/rajitha-niroshan/FYP/Repos/Others/our_arm_v2/install/manipulator_msgs/share/manipulator_msgs/srv/QuaternionToEuler.srv
[0.600s] -- Up-to-date: /home/rajitha-niroshan/FYP/Repos/Others/our_arm_v2/install/manipulator_msgs/share/manipulator_msgs/srv/EulerToQuaternion.srv
[0.600s] -- Up-to-date: /home/rajitha-niroshan/FYP/Repos/Others/our_arm_v2/install/manipulator_msgs/share/manipulator_msgs/action/Fibonacci.action
[0.600s] -- Up-to-date: /home/rajitha-niroshan/FYP/Repos/Others/our_arm_v2/install/manipulator_msgs/share/ament_index/resource_index/package_run_dependencies/manipulator_msgs
[0.600s] -- Up-to-date: /home/rajitha-niroshan/FYP/Repos/Others/our_arm_v2/install/manipulator_msgs/share/ament_index/resource_index/parent_prefix_path/manipulator_msgs
[0.600s] -- Up-to-date: /home/rajitha-niroshan/FYP/Repos/Others/our_arm_v2/install/manipulator_msgs/share/manipulator_msgs/environment/ament_prefix_path.sh
[0.600s] -- Up-to-date: /home/rajitha-niroshan/FYP/Repos/Others/our_arm_v2/install/manipulator_msgs/share/manipulator_msgs/environment/ament_prefix_path.dsv
[0.600s] -- Up-to-date: /home/rajitha-niroshan/FYP/Repos/Others/our_arm_v2/install/manipulator_msgs/share/manipulator_msgs/environment/path.sh
[0.600s] -- Up-to-date: /home/rajitha-niroshan/FYP/Repos/Others/our_arm_v2/install/manipulator_msgs/share/manipulator_msgs/environment/path.dsv
[0.600s] -- Up-to-date: /home/rajitha-niroshan/FYP/Repos/Others/our_arm_v2/install/manipulator_msgs/share/manipulator_msgs/local_setup.bash
[0.601s] -- Up-to-date: /home/rajitha-niroshan/FYP/Repos/Others/our_arm_v2/install/manipulator_msgs/share/manipulator_msgs/local_setup.sh
[0.601s] -- Up-to-date: /home/rajitha-niroshan/FYP/Repos/Others/our_arm_v2/install/manipulator_msgs/share/manipulator_msgs/local_setup.zsh
[0.601s] -- Up-to-date: /home/rajitha-niroshan/FYP/Repos/Others/our_arm_v2/install/manipulator_msgs/share/manipulator_msgs/local_setup.dsv
[0.601s] -- Installing: /home/rajitha-niroshan/FYP/Repos/Others/our_arm_v2/install/manipulator_msgs/share/manipulator_msgs/package.dsv
[0.601s] -- Up-to-date: /home/rajitha-niroshan/FYP/Repos/Others/our_arm_v2/install/manipulator_msgs/share/ament_index/resource_index/packages/manipulator_msgs
[0.601s] -- Up-to-date: /home/rajitha-niroshan/FYP/Repos/Others/our_arm_v2/install/manipulator_msgs/share/manipulator_msgs/cmake/export_manipulator_msgs__rosidl_generator_cExport.cmake
[0.601s] -- Up-to-date: /home/rajitha-niroshan/FYP/Repos/Others/our_arm_v2/install/manipulator_msgs/share/manipulator_msgs/cmake/export_manipulator_msgs__rosidl_generator_cExport-noconfig.cmake
[0.601s] -- Up-to-date: /home/rajitha-niroshan/FYP/Repos/Others/our_arm_v2/install/manipulator_msgs/share/manipulator_msgs/cmake/export_manipulator_msgs__rosidl_typesupport_fastrtps_cExport.cmake
[0.601s] -- Up-to-date: /home/rajitha-niroshan/FYP/Repos/Others/our_arm_v2/install/manipulator_msgs/share/manipulator_msgs/cmake/export_manipulator_msgs__rosidl_typesupport_fastrtps_cExport-noconfig.cmake
[0.601s] -- Up-to-date: /home/rajitha-niroshan/FYP/Repos/Others/our_arm_v2/install/manipulator_msgs/share/manipulator_msgs/cmake/export_manipulator_msgs__rosidl_generator_cppExport.cmake
[0.602s] -- Up-to-date: /home/rajitha-niroshan/FYP/Repos/Others/our_arm_v2/install/manipulator_msgs/share/manipulator_msgs/cmake/export_manipulator_msgs__rosidl_typesupport_fastrtps_cppExport.cmake
[0.602s] -- Up-to-date: /home/rajitha-niroshan/FYP/Repos/Others/our_arm_v2/install/manipulator_msgs/share/manipulator_msgs/cmake/export_manipulator_msgs__rosidl_typesupport_fastrtps_cppExport-noconfig.cmake
[0.602s] -- Up-to-date: /home/rajitha-niroshan/FYP/Repos/Others/our_arm_v2/install/manipulator_msgs/share/manipulator_msgs/cmake/manipulator_msgs__rosidl_typesupport_introspection_cExport.cmake
[0.602s] -- Up-to-date: /home/rajitha-niroshan/FYP/Repos/Others/our_arm_v2/install/manipulator_msgs/share/manipulator_msgs/cmake/manipulator_msgs__rosidl_typesupport_introspection_cExport-noconfig.cmake
[0.602s] -- Up-to-date: /home/rajitha-niroshan/FYP/Repos/Others/our_arm_v2/install/manipulator_msgs/share/manipulator_msgs/cmake/manipulator_msgs__rosidl_typesupport_cExport.cmake
[0.602s] -- Up-to-date: /home/rajitha-niroshan/FYP/Repos/Others/our_arm_v2/install/manipulator_msgs/share/manipulator_msgs/cmake/manipulator_msgs__rosidl_typesupport_cExport-noconfig.cmake
[0.602s] -- Up-to-date: /home/rajitha-niroshan/FYP/Repos/Others/our_arm_v2/install/manipulator_msgs/share/manipulator_msgs/cmake/manipulator_msgs__rosidl_typesupport_introspection_cppExport.cmake
[0.602s] -- Up-to-date: /home/rajitha-niroshan/FYP/Repos/Others/our_arm_v2/install/manipulator_msgs/share/manipulator_msgs/cmake/manipulator_msgs__rosidl_typesupport_introspection_cppExport-noconfig.cmake
[0.602s] -- Up-to-date: /home/rajitha-niroshan/FYP/Repos/Others/our_arm_v2/install/manipulator_msgs/share/manipulator_msgs/cmake/manipulator_msgs__rosidl_typesupport_cppExport.cmake
[0.602s] -- Up-to-date: /home/rajitha-niroshan/FYP/Repos/Others/our_arm_v2/install/manipulator_msgs/share/manipulator_msgs/cmake/manipulator_msgs__rosidl_typesupport_cppExport-noconfig.cmake
[0.602s] -- Up-to-date: /home/rajitha-niroshan/FYP/Repos/Others/our_arm_v2/install/manipulator_msgs/share/manipulator_msgs/cmake/export_manipulator_msgs__rosidl_generator_pyExport.cmake
[0.603s] -- Up-to-date: /home/rajitha-niroshan/FYP/Repos/Others/our_arm_v2/install/manipulator_msgs/share/manipulator_msgs/cmake/export_manipulator_msgs__rosidl_generator_pyExport-noconfig.cmake
[0.603s] -- Up-to-date: /home/rajitha-niroshan/FYP/Repos/Others/our_arm_v2/install/manipulator_msgs/share/manipulator_msgs/cmake/rosidl_cmake-extras.cmake
[0.603s] -- Up-to-date: /home/rajitha-niroshan/FYP/Repos/Others/our_arm_v2/install/manipulator_msgs/share/manipulator_msgs/cmake/ament_cmake_export_dependencies-extras.cmake
[0.603s] -- Up-to-date: /home/rajitha-niroshan/FYP/Repos/Others/our_arm_v2/install/manipulator_msgs/share/manipulator_msgs/cmake/ament_cmake_export_include_directories-extras.cmake
[0.603s] -- Up-to-date: /home/rajitha-niroshan/FYP/Repos/Others/our_arm_v2/install/manipulator_msgs/share/manipulator_msgs/cmake/ament_cmake_export_libraries-extras.cmake
[0.603s] -- Up-to-date: /home/rajitha-niroshan/FYP/Repos/Others/our_arm_v2/install/manipulator_msgs/share/manipulator_msgs/cmake/ament_cmake_export_targets-extras.cmake
[0.603s] -- Up-to-date: /home/rajitha-niroshan/FYP/Repos/Others/our_arm_v2/install/manipulator_msgs/share/manipulator_msgs/cmake/rosidl_cmake_export_typesupport_targets-extras.cmake
[0.603s] -- Up-to-date: /home/rajitha-niroshan/FYP/Repos/Others/our_arm_v2/install/manipulator_msgs/share/manipulator_msgs/cmake/rosidl_cmake_export_typesupport_libraries-extras.cmake
[0.603s] -- Up-to-date: /home/rajitha-niroshan/FYP/Repos/Others/our_arm_v2/install/manipulator_msgs/share/manipulator_msgs/cmake/manipulator_msgsConfig.cmake
[0.603s] -- Up-to-date: /home/rajitha-niroshan/FYP/Repos/Others/our_arm_v2/install/manipulator_msgs/share/manipulator_msgs/cmake/manipulator_msgsConfig-version.cmake
[0.603s] -- Up-to-date: /home/rajitha-niroshan/FYP/Repos/Others/our_arm_v2/install/manipulator_msgs/share/manipulator_msgs/package.xml
[0.604s] Invoked command in '/home/rajitha-niroshan/FYP/Repos/Others/our_arm_v2/build/manipulator_msgs' returned '0': CMAKE_PREFIX_PATH=${CMAKE_PREFIX_PATH}:/opt/ros/jazzy DEBUGINFOD_URLS=https://debuginfod.ubuntu.com /usr/bin/cmake --install /home/rajitha-niroshan/FYP/Repos/Others/our_arm_v2/build/manipulator_msgs
