[0.761s] Invoking command in '/home/rajitha-niroshan/FYP/Repos/Others/our_arm_v2/src/manipulator_py_examples': AMENT_PREFIX_PATH=/home/rajitha-niroshan/FYP/Repos/Others/our_arm_v2/install/manipulator_msgs:${AMENT_PREFIX_PATH} CMAKE_PREFIX_PATH=/home/rajitha-niroshan/FYP/Repos/Others/our_arm_v2/install/manipulator_msgs:${CMAKE_PREFIX_PATH} DEBUGINFOD_URLS=https://debuginfod.ubuntu.com LD_LIBRARY_PATH=/home/rajitha-niroshan/FYP/Repos/Others/our_arm_v2/install/manipulator_msgs/lib:${LD_LIBRARY_PATH} PYTHONPATH=/home/rajitha-niroshan/FYP/Repos/Others/our_arm_v2/build/manipulator_py_examples/prefix_override:/usr/lib/python3/dist-packages/colcon_core/task/python/colcon_distutils_commands:/home/rajitha-niroshan/FYP/Repos/Others/our_arm_v2/install/manipulator_py_examples/lib/python3.12/site-packages:/home/rajitha-niroshan/FYP/Repos/Others/our_arm_v2/install/manipulator_msgs/lib/python3.12/site-packages:${PYTHONPATH} /usr/bin/python3 -W ignore:setup.py install is deprecated -W ignore:easy_install command is deprecated setup.py egg_info --egg-base ../../build/manipulator_py_examples build --build-base /home/rajitha-niroshan/FYP/Repos/Others/our_arm_v2/build/manipulator_py_examples/build install --record /home/rajitha-niroshan/FYP/Repos/Others/our_arm_v2/build/manipulator_py_examples/install.log --single-version-externally-managed install_data
[1.014s] running egg_info
[1.014s] creating ../../build/manipulator_py_examples/manipulator_py_examples.egg-info
[1.030s] writing ../../build/manipulator_py_examples/manipulator_py_examples.egg-info/PKG-INFO
[1.031s] writing dependency_links to ../../build/manipulator_py_examples/manipulator_py_examples.egg-info/dependency_links.txt
[1.031s] writing entry points to ../../build/manipulator_py_examples/manipulator_py_examples.egg-info/entry_points.txt
[1.031s] writing requirements to ../../build/manipulator_py_examples/manipulator_py_examples.egg-info/requires.txt
[1.031s] writing top-level names to ../../build/manipulator_py_examples/manipulator_py_examples.egg-info/top_level.txt
[1.031s] writing manifest file '../../build/manipulator_py_examples/manipulator_py_examples.egg-info/SOURCES.txt'
[1.069s] reading manifest file '../../build/manipulator_py_examples/manipulator_py_examples.egg-info/SOURCES.txt'
[1.070s] writing manifest file '../../build/manipulator_py_examples/manipulator_py_examples.egg-info/SOURCES.txt'
[1.070s] running build
[1.070s] running build_py
[1.070s] creating /home/rajitha-niroshan/FYP/Repos/Others/our_arm_v2/build/manipulator_py_examples/build
[1.070s] creating /home/rajitha-niroshan/FYP/Repos/Others/our_arm_v2/build/manipulator_py_examples/build/lib
[1.070s] creating /home/rajitha-niroshan/FYP/Repos/Others/our_arm_v2/build/manipulator_py_examples/build/lib/manipulator_py_examples
[1.070s] copying manipulator_py_examples/__init__.py -> /home/rajitha-niroshan/FYP/Repos/Others/our_arm_v2/build/manipulator_py_examples/build/lib/manipulator_py_examples
[1.071s] copying manipulator_py_examples/simple_service_server.py -> /home/rajitha-niroshan/FYP/Repos/Others/our_arm_v2/build/manipulator_py_examples/build/lib/manipulator_py_examples
[1.071s] copying manipulator_py_examples/simple_action_client.py -> /home/rajitha-niroshan/FYP/Repos/Others/our_arm_v2/build/manipulator_py_examples/build/lib/manipulator_py_examples
[1.071s] copying manipulator_py_examples/simple_action_server.py -> /home/rajitha-niroshan/FYP/Repos/Others/our_arm_v2/build/manipulator_py_examples/build/lib/manipulator_py_examples
[1.071s] copying manipulator_py_examples/simple_service_client.py -> /home/rajitha-niroshan/FYP/Repos/Others/our_arm_v2/build/manipulator_py_examples/build/lib/manipulator_py_examples
[1.071s] running install
[1.077s] running install_lib
[1.095s] creating /home/rajitha-niroshan/FYP/Repos/Others/our_arm_v2/install/manipulator_py_examples/lib/python3.12/site-packages/manipulator_py_examples
[1.095s] copying /home/rajitha-niroshan/FYP/Repos/Others/our_arm_v2/build/manipulator_py_examples/build/lib/manipulator_py_examples/__init__.py -> /home/rajitha-niroshan/FYP/Repos/Others/our_arm_v2/install/manipulator_py_examples/lib/python3.12/site-packages/manipulator_py_examples
[1.095s] copying /home/rajitha-niroshan/FYP/Repos/Others/our_arm_v2/build/manipulator_py_examples/build/lib/manipulator_py_examples/simple_service_server.py -> /home/rajitha-niroshan/FYP/Repos/Others/our_arm_v2/install/manipulator_py_examples/lib/python3.12/site-packages/manipulator_py_examples
[1.095s] copying /home/rajitha-niroshan/FYP/Repos/Others/our_arm_v2/build/manipulator_py_examples/build/lib/manipulator_py_examples/simple_action_client.py -> /home/rajitha-niroshan/FYP/Repos/Others/our_arm_v2/install/manipulator_py_examples/lib/python3.12/site-packages/manipulator_py_examples
[1.095s] copying /home/rajitha-niroshan/FYP/Repos/Others/our_arm_v2/build/manipulator_py_examples/build/lib/manipulator_py_examples/simple_action_server.py -> /home/rajitha-niroshan/FYP/Repos/Others/our_arm_v2/install/manipulator_py_examples/lib/python3.12/site-packages/manipulator_py_examples
[1.095s] copying /home/rajitha-niroshan/FYP/Repos/Others/our_arm_v2/build/manipulator_py_examples/build/lib/manipulator_py_examples/simple_service_client.py -> /home/rajitha-niroshan/FYP/Repos/Others/our_arm_v2/install/manipulator_py_examples/lib/python3.12/site-packages/manipulator_py_examples
[1.096s] byte-compiling /home/rajitha-niroshan/FYP/Repos/Others/our_arm_v2/install/manipulator_py_examples/lib/python3.12/site-packages/manipulator_py_examples/__init__.py to __init__.cpython-312.pyc
[1.096s] byte-compiling /home/rajitha-niroshan/FYP/Repos/Others/our_arm_v2/install/manipulator_py_examples/lib/python3.12/site-packages/manipulator_py_examples/simple_service_server.py to simple_service_server.cpython-312.pyc
[1.096s] byte-compiling /home/rajitha-niroshan/FYP/Repos/Others/our_arm_v2/install/manipulator_py_examples/lib/python3.12/site-packages/manipulator_py_examples/simple_action_client.py to simple_action_client.cpython-312.pyc
[1.097s] byte-compiling /home/rajitha-niroshan/FYP/Repos/Others/our_arm_v2/install/manipulator_py_examples/lib/python3.12/site-packages/manipulator_py_examples/simple_action_server.py to simple_action_server.cpython-312.pyc
[1.097s] byte-compiling /home/rajitha-niroshan/FYP/Repos/Others/our_arm_v2/install/manipulator_py_examples/lib/python3.12/site-packages/manipulator_py_examples/simple_service_client.py to simple_service_client.cpython-312.pyc
[1.098s] running install_data
[1.098s] creating /home/rajitha-niroshan/FYP/Repos/Others/our_arm_v2/install/manipulator_py_examples/share/ament_index
[1.098s] creating /home/rajitha-niroshan/FYP/Repos/Others/our_arm_v2/install/manipulator_py_examples/share/ament_index/resource_index
[1.098s] creating /home/rajitha-niroshan/FYP/Repos/Others/our_arm_v2/install/manipulator_py_examples/share/ament_index/resource_index/packages
[1.098s] copying resource/manipulator_py_examples -> /home/rajitha-niroshan/FYP/Repos/Others/our_arm_v2/install/manipulator_py_examples/share/ament_index/resource_index/packages
[1.098s] copying package.xml -> /home/rajitha-niroshan/FYP/Repos/Others/our_arm_v2/install/manipulator_py_examples/share/manipulator_py_examples
[1.098s] running install_egg_info
[1.116s] Copying ../../build/manipulator_py_examples/manipulator_py_examples.egg-info to /home/rajitha-niroshan/FYP/Repos/Others/our_arm_v2/install/manipulator_py_examples/lib/python3.12/site-packages/manipulator_py_examples-0.0.0-py3.12.egg-info
[1.117s] running install_scripts
[1.242s] Installing simple_action_client script to /home/rajitha-niroshan/FYP/Repos/Others/our_arm_v2/install/manipulator_py_examples/lib/manipulator_py_examples
[1.243s] Installing simple_action_server script to /home/rajitha-niroshan/FYP/Repos/Others/our_arm_v2/install/manipulator_py_examples/lib/manipulator_py_examples
[1.243s] Installing simple_service_client script to /home/rajitha-niroshan/FYP/Repos/Others/our_arm_v2/install/manipulator_py_examples/lib/manipulator_py_examples
[1.243s] Installing simple_service_server script to /home/rajitha-niroshan/FYP/Repos/Others/our_arm_v2/install/manipulator_py_examples/lib/manipulator_py_examples
[1.243s] writing list of installed files to '/home/rajitha-niroshan/FYP/Repos/Others/our_arm_v2/build/manipulator_py_examples/install.log'
[1.265s] Invoked command in '/home/rajitha-niroshan/FYP/Repos/Others/our_arm_v2/src/manipulator_py_examples' returned '0': AMENT_PREFIX_PATH=/home/rajitha-niroshan/FYP/Repos/Others/our_arm_v2/install/manipulator_msgs:${AMENT_PREFIX_PATH} CMAKE_PREFIX_PATH=/home/rajitha-niroshan/FYP/Repos/Others/our_arm_v2/install/manipulator_msgs:${CMAKE_PREFIX_PATH} DEBUGINFOD_URLS=https://debuginfod.ubuntu.com LD_LIBRARY_PATH=/home/rajitha-niroshan/FYP/Repos/Others/our_arm_v2/install/manipulator_msgs/lib:${LD_LIBRARY_PATH} PYTHONPATH=/home/rajitha-niroshan/FYP/Repos/Others/our_arm_v2/build/manipulator_py_examples/prefix_override:/usr/lib/python3/dist-packages/colcon_core/task/python/colcon_distutils_commands:/home/rajitha-niroshan/FYP/Repos/Others/our_arm_v2/install/manipulator_py_examples/lib/python3.12/site-packages:/home/rajitha-niroshan/FYP/Repos/Others/our_arm_v2/install/manipulator_msgs/lib/python3.12/site-packages:${PYTHONPATH} /usr/bin/python3 -W ignore:setup.py install is deprecated -W ignore:easy_install command is deprecated setup.py egg_info --egg-base ../../build/manipulator_py_examples build --build-base /home/rajitha-niroshan/FYP/Repos/Others/our_arm_v2/build/manipulator_py_examples/build install --record /home/rajitha-niroshan/FYP/Repos/Others/our_arm_v2/build/manipulator_py_examples/install.log --single-version-externally-managed install_data
