running egg_info
creating ../../build/manipulator_py_examples/manipulator_py_examples.egg-info
writing ../../build/manipulator_py_examples/manipulator_py_examples.egg-info/PKG-INFO
writing dependency_links to ../../build/manipulator_py_examples/manipulator_py_examples.egg-info/dependency_links.txt
writing entry points to ../../build/manipulator_py_examples/manipulator_py_examples.egg-info/entry_points.txt
writing requirements to ../../build/manipulator_py_examples/manipulator_py_examples.egg-info/requires.txt
writing top-level names to ../../build/manipulator_py_examples/manipulator_py_examples.egg-info/top_level.txt
writing manifest file '../../build/manipulator_py_examples/manipulator_py_examples.egg-info/SOURCES.txt'
reading manifest file '../../build/manipulator_py_examples/manipulator_py_examples.egg-info/SOURCES.txt'
writing manifest file '../../build/manipulator_py_examples/manipulator_py_examples.egg-info/SOURCES.txt'
running build
running build_py
creating /home/rajitha-niroshan/FYP/Repos/Others/ROS2-Manipulator-Robot-with-Python/build/manipulator_py_examples/build
creating /home/rajitha-niroshan/FYP/Repos/Others/ROS2-Manipulator-Robot-with-Python/build/manipulator_py_examples/build/lib
creating /home/rajitha-niroshan/FYP/Repos/Others/ROS2-Manipulator-Robot-with-Python/build/manipulator_py_examples/build/lib/manipulator_py_examples
copying manipulator_py_examples/__init__.py -> /home/rajitha-niroshan/FYP/Repos/Others/ROS2-Manipulator-Robot-with-Python/build/manipulator_py_examples/build/lib/manipulator_py_examples
copying manipulator_py_examples/simple_service_server.py -> /home/rajitha-niroshan/FYP/Repos/Others/ROS2-Manipulator-Robot-with-Python/build/manipulator_py_examples/build/lib/manipulator_py_examples
copying manipulator_py_examples/simple_service_client.py -> /home/rajitha-niroshan/FYP/Repos/Others/ROS2-Manipulator-Robot-with-Python/build/manipulator_py_examples/build/lib/manipulator_py_examples
running install
running install_lib
creating /home/rajitha-niroshan/FYP/Repos/Others/ROS2-Manipulator-Robot-with-Python/install/manipulator_py_examples/lib/python3.12/site-packages/manipulator_py_examples
copying /home/rajitha-niroshan/FYP/Repos/Others/ROS2-Manipulator-Robot-with-Python/build/manipulator_py_examples/build/lib/manipulator_py_examples/__init__.py -> /home/rajitha-niroshan/FYP/Repos/Others/ROS2-Manipulator-Robot-with-Python/install/manipulator_py_examples/lib/python3.12/site-packages/manipulator_py_examples
copying /home/rajitha-niroshan/FYP/Repos/Others/ROS2-Manipulator-Robot-with-Python/build/manipulator_py_examples/build/lib/manipulator_py_examples/simple_service_server.py -> /home/rajitha-niroshan/FYP/Repos/Others/ROS2-Manipulator-Robot-with-Python/install/manipulator_py_examples/lib/python3.12/site-packages/manipulator_py_examples
copying /home/rajitha-niroshan/FYP/Repos/Others/ROS2-Manipulator-Robot-with-Python/build/manipulator_py_examples/build/lib/manipulator_py_examples/simple_service_client.py -> /home/rajitha-niroshan/FYP/Repos/Others/ROS2-Manipulator-Robot-with-Python/install/manipulator_py_examples/lib/python3.12/site-packages/manipulator_py_examples
byte-compiling /home/rajitha-niroshan/FYP/Repos/Others/ROS2-Manipulator-Robot-with-Python/install/manipulator_py_examples/lib/python3.12/site-packages/manipulator_py_examples/__init__.py to __init__.cpython-312.pyc
byte-compiling /home/rajitha-niroshan/FYP/Repos/Others/ROS2-Manipulator-Robot-with-Python/install/manipulator_py_examples/lib/python3.12/site-packages/manipulator_py_examples/simple_service_server.py to simple_service_server.cpython-312.pyc
byte-compiling /home/rajitha-niroshan/FYP/Repos/Others/ROS2-Manipulator-Robot-with-Python/install/manipulator_py_examples/lib/python3.12/site-packages/manipulator_py_examples/simple_service_client.py to simple_service_client.cpython-312.pyc
running install_data
creating /home/rajitha-niroshan/FYP/Repos/Others/ROS2-Manipulator-Robot-with-Python/install/manipulator_py_examples/share/ament_index
creating /home/rajitha-niroshan/FYP/Repos/Others/ROS2-Manipulator-Robot-with-Python/install/manipulator_py_examples/share/ament_index/resource_index
creating /home/rajitha-niroshan/FYP/Repos/Others/ROS2-Manipulator-Robot-with-Python/install/manipulator_py_examples/share/ament_index/resource_index/packages
copying resource/manipulator_py_examples -> /home/rajitha-niroshan/FYP/Repos/Others/ROS2-Manipulator-Robot-with-Python/install/manipulator_py_examples/share/ament_index/resource_index/packages
copying package.xml -> /home/rajitha-niroshan/FYP/Repos/Others/ROS2-Manipulator-Robot-with-Python/install/manipulator_py_examples/share/manipulator_py_examples
running install_egg_info
Copying ../../build/manipulator_py_examples/manipulator_py_examples.egg-info to /home/rajitha-niroshan/FYP/Repos/Others/ROS2-Manipulator-Robot-with-Python/install/manipulator_py_examples/lib/python3.12/site-packages/manipulator_py_examples-0.0.0-py3.12.egg-info
running install_scripts
Installing simple_service_client script to /home/rajitha-niroshan/FYP/Repos/Others/ROS2-Manipulator-Robot-with-Python/install/manipulator_py_examples/lib/manipulator_py_examples
Installing simple_service_server script to /home/rajitha-niroshan/FYP/Repos/Others/ROS2-Manipulator-Robot-with-Python/install/manipulator_py_examples/lib/manipulator_py_examples
writing list of installed files to '/home/rajitha-niroshan/FYP/Repos/Others/ROS2-Manipulator-Robot-with-Python/build/manipulator_py_examples/install.log'
