[0.955s] Invoking command in '/home/rajitha-niroshan/FYP/Repos/Others/ROS2-Manipulator-Robot-with-Python/src/manipulator_py_examples': AMENT_PREFIX_PATH=/home/rajitha-niroshan/FYP/Repos/Others/ROS2-Manipulator-Robot-with-Python/install/manipulator_msgs:${AMENT_PREFIX_PATH} CMAKE_PREFIX_PATH=/home/rajitha-niroshan/FYP/Repos/Others/ROS2-Manipulator-Robot-with-Python/install/manipulator_msgs:${CMAKE_PREFIX_PATH} DEBUGINFOD_URLS=https://debuginfod.ubuntu.com LD_LIBRARY_PATH=/home/rajitha-niroshan/FYP/Repos/Others/ROS2-Manipulator-Robot-with-Python/install/manipulator_msgs/lib:${LD_LIBRARY_PATH} PYTHONPATH=/home/rajitha-niroshan/FYP/Repos/Others/ROS2-Manipulator-Robot-with-Python/build/manipulator_py_examples/prefix_override:/usr/lib/python3/dist-packages/colcon_core/task/python/colcon_distutils_commands:/home/rajitha-niroshan/FYP/Repos/Others/ROS2-Manipulator-Robot-with-Python/install/manipulator_py_examples/lib/python3.12/site-packages:/home/rajitha-niroshan/FYP/Repos/Others/ROS2-Manipulator-Robot-with-Python/install/manipulator_msgs/lib/python3.12/site-packages:${PYTHONPATH} /usr/bin/python3 -W ignore:setup.py install is deprecated -W ignore:easy_install command is deprecated setup.py egg_info --egg-base ../../build/manipulator_py_examples build --build-base /home/rajitha-niroshan/FYP/Repos/Others/ROS2-Manipulator-Robot-with-Python/build/manipulator_py_examples/build install --record /home/rajitha-niroshan/FYP/Repos/Others/ROS2-Manipulator-Robot-with-Python/build/manipulator_py_examples/install.log --single-version-externally-managed install_data
[1.275s] running egg_info
[1.276s] creating ../../build/manipulator_py_examples/manipulator_py_examples.egg-info
[1.298s] writing ../../build/manipulator_py_examples/manipulator_py_examples.egg-info/PKG-INFO
[1.298s] writing dependency_links to ../../build/manipulator_py_examples/manipulator_py_examples.egg-info/dependency_links.txt
[1.298s] writing entry points to ../../build/manipulator_py_examples/manipulator_py_examples.egg-info/entry_points.txt
[1.299s] writing requirements to ../../build/manipulator_py_examples/manipulator_py_examples.egg-info/requires.txt
[1.299s] writing top-level names to ../../build/manipulator_py_examples/manipulator_py_examples.egg-info/top_level.txt
[1.299s] writing manifest file '../../build/manipulator_py_examples/manipulator_py_examples.egg-info/SOURCES.txt'
[1.347s] reading manifest file '../../build/manipulator_py_examples/manipulator_py_examples.egg-info/SOURCES.txt'
[1.347s] writing manifest file '../../build/manipulator_py_examples/manipulator_py_examples.egg-info/SOURCES.txt'
[1.347s] running build
[1.348s] running build_py
[1.348s] creating /home/rajitha-niroshan/FYP/Repos/Others/ROS2-Manipulator-Robot-with-Python/build/manipulator_py_examples/build
[1.348s] creating /home/rajitha-niroshan/FYP/Repos/Others/ROS2-Manipulator-Robot-with-Python/build/manipulator_py_examples/build/lib
[1.348s] creating /home/rajitha-niroshan/FYP/Repos/Others/ROS2-Manipulator-Robot-with-Python/build/manipulator_py_examples/build/lib/manipulator_py_examples
[1.348s] copying manipulator_py_examples/__init__.py -> /home/rajitha-niroshan/FYP/Repos/Others/ROS2-Manipulator-Robot-with-Python/build/manipulator_py_examples/build/lib/manipulator_py_examples
[1.348s] copying manipulator_py_examples/simple_service_server.py -> /home/rajitha-niroshan/FYP/Repos/Others/ROS2-Manipulator-Robot-with-Python/build/manipulator_py_examples/build/lib/manipulator_py_examples
[1.348s] copying manipulator_py_examples/simple_service_client.py -> /home/rajitha-niroshan/FYP/Repos/Others/ROS2-Manipulator-Robot-with-Python/build/manipulator_py_examples/build/lib/manipulator_py_examples
[1.349s] running install
[1.356s] running install_lib
[1.379s] creating /home/rajitha-niroshan/FYP/Repos/Others/ROS2-Manipulator-Robot-with-Python/install/manipulator_py_examples/lib/python3.12/site-packages/manipulator_py_examples
[1.379s] copying /home/rajitha-niroshan/FYP/Repos/Others/ROS2-Manipulator-Robot-with-Python/build/manipulator_py_examples/build/lib/manipulator_py_examples/__init__.py -> /home/rajitha-niroshan/FYP/Repos/Others/ROS2-Manipulator-Robot-with-Python/install/manipulator_py_examples/lib/python3.12/site-packages/manipulator_py_examples
[1.379s] copying /home/rajitha-niroshan/FYP/Repos/Others/ROS2-Manipulator-Robot-with-Python/build/manipulator_py_examples/build/lib/manipulator_py_examples/simple_service_server.py -> /home/rajitha-niroshan/FYP/Repos/Others/ROS2-Manipulator-Robot-with-Python/install/manipulator_py_examples/lib/python3.12/site-packages/manipulator_py_examples
[1.380s] copying /home/rajitha-niroshan/FYP/Repos/Others/ROS2-Manipulator-Robot-with-Python/build/manipulator_py_examples/build/lib/manipulator_py_examples/simple_service_client.py -> /home/rajitha-niroshan/FYP/Repos/Others/ROS2-Manipulator-Robot-with-Python/install/manipulator_py_examples/lib/python3.12/site-packages/manipulator_py_examples
[1.380s] byte-compiling /home/rajitha-niroshan/FYP/Repos/Others/ROS2-Manipulator-Robot-with-Python/install/manipulator_py_examples/lib/python3.12/site-packages/manipulator_py_examples/__init__.py to __init__.cpython-312.pyc
[1.380s] byte-compiling /home/rajitha-niroshan/FYP/Repos/Others/ROS2-Manipulator-Robot-with-Python/install/manipulator_py_examples/lib/python3.12/site-packages/manipulator_py_examples/simple_service_server.py to simple_service_server.cpython-312.pyc
[1.381s] byte-compiling /home/rajitha-niroshan/FYP/Repos/Others/ROS2-Manipulator-Robot-with-Python/install/manipulator_py_examples/lib/python3.12/site-packages/manipulator_py_examples/simple_service_client.py to simple_service_client.cpython-312.pyc
[1.381s] running install_data
[1.382s] creating /home/rajitha-niroshan/FYP/Repos/Others/ROS2-Manipulator-Robot-with-Python/install/manipulator_py_examples/share/ament_index
[1.382s] creating /home/rajitha-niroshan/FYP/Repos/Others/ROS2-Manipulator-Robot-with-Python/install/manipulator_py_examples/share/ament_index/resource_index
[1.382s] creating /home/rajitha-niroshan/FYP/Repos/Others/ROS2-Manipulator-Robot-with-Python/install/manipulator_py_examples/share/ament_index/resource_index/packages
[1.382s] copying resource/manipulator_py_examples -> /home/rajitha-niroshan/FYP/Repos/Others/ROS2-Manipulator-Robot-with-Python/install/manipulator_py_examples/share/ament_index/resource_index/packages
[1.382s] copying package.xml -> /home/rajitha-niroshan/FYP/Repos/Others/ROS2-Manipulator-Robot-with-Python/install/manipulator_py_examples/share/manipulator_py_examples
[1.382s] running install_egg_info
[1.411s] Copying ../../build/manipulator_py_examples/manipulator_py_examples.egg-info to /home/rajitha-niroshan/FYP/Repos/Others/ROS2-Manipulator-Robot-with-Python/install/manipulator_py_examples/lib/python3.12/site-packages/manipulator_py_examples-0.0.0-py3.12.egg-info
[1.412s] running install_scripts
[1.567s] Installing simple_service_client script to /home/rajitha-niroshan/FYP/Repos/Others/ROS2-Manipulator-Robot-with-Python/install/manipulator_py_examples/lib/manipulator_py_examples
[1.567s] Installing simple_service_server script to /home/rajitha-niroshan/FYP/Repos/Others/ROS2-Manipulator-Robot-with-Python/install/manipulator_py_examples/lib/manipulator_py_examples
[1.568s] writing list of installed files to '/home/rajitha-niroshan/FYP/Repos/Others/ROS2-Manipulator-Robot-with-Python/build/manipulator_py_examples/install.log'
[1.600s] Invoked command in '/home/rajitha-niroshan/FYP/Repos/Others/ROS2-Manipulator-Robot-with-Python/src/manipulator_py_examples' returned '0': AMENT_PREFIX_PATH=/home/rajitha-niroshan/FYP/Repos/Others/ROS2-Manipulator-Robot-with-Python/install/manipulator_msgs:${AMENT_PREFIX_PATH} CMAKE_PREFIX_PATH=/home/rajitha-niroshan/FYP/Repos/Others/ROS2-Manipulator-Robot-with-Python/install/manipulator_msgs:${CMAKE_PREFIX_PATH} DEBUGINFOD_URLS=https://debuginfod.ubuntu.com LD_LIBRARY_PATH=/home/rajitha-niroshan/FYP/Repos/Others/ROS2-Manipulator-Robot-with-Python/install/manipulator_msgs/lib:${LD_LIBRARY_PATH} PYTHONPATH=/home/rajitha-niroshan/FYP/Repos/Others/ROS2-Manipulator-Robot-with-Python/build/manipulator_py_examples/prefix_override:/usr/lib/python3/dist-packages/colcon_core/task/python/colcon_distutils_commands:/home/rajitha-niroshan/FYP/Repos/Others/ROS2-Manipulator-Robot-with-Python/install/manipulator_py_examples/lib/python3.12/site-packages:/home/rajitha-niroshan/FYP/Repos/Others/ROS2-Manipulator-Robot-with-Python/install/manipulator_msgs/lib/python3.12/site-packages:${PYTHONPATH} /usr/bin/python3 -W ignore:setup.py install is deprecated -W ignore:easy_install command is deprecated setup.py egg_info --egg-base ../../build/manipulator_py_examples build --build-base /home/rajitha-niroshan/FYP/Repos/Others/ROS2-Manipulator-Robot-with-Python/build/manipulator_py_examples/build install --record /home/rajitha-niroshan/FYP/Repos/Others/ROS2-Manipulator-Robot-with-Python/build/manipulator_py_examples/install.log --single-version-externally-managed install_data
