[0.704s] Invoking command in '/home/rajitha-niroshan/FYP/Repos/Others/ROS2-Manipulator-Robot-with-Python/src/manipulator_py_examples': AMENT_PREFIX_PATH=/home/rajitha-niroshan/FYP/Repos/Others/ROS2-Manipulator-Robot-with-Python/install/manipulator_msgs:${AMENT_PREFIX_PATH} CMAKE_PREFIX_PATH=/home/rajitha-niroshan/FYP/Repos/Others/ROS2-Manipulator-Robot-with-Python/install/manipulator_msgs:${CMAKE_PREFIX_PATH} DEBUGINFOD_URLS=https://debuginfod.ubuntu.com LD_LIBRARY_PATH=/home/rajitha-niroshan/FYP/Repos/Others/ROS2-Manipulator-Robot-with-Python/install/manipulator_msgs/lib:${LD_LIBRARY_PATH} PYTHONPATH=/home/rajitha-niroshan/FYP/Repos/Others/ROS2-Manipulator-Robot-with-Python/build/manipulator_py_examples/prefix_override:/usr/lib/python3/dist-packages/colcon_core/task/python/colcon_distutils_commands:/home/rajitha-niroshan/FYP/Repos/Others/ROS2-Manipulator-Robot-with-Python/install/manipulator_py_examples/lib/python3.12/site-packages:/home/rajitha-niroshan/FYP/Repos/Others/ROS2-Manipulator-Robot-with-Python/install/manipulator_msgs/lib/python3.12/site-packages:${PYTHONPATH} /usr/bin/python3 -W ignore:setup.py install is deprecated -W ignore:easy_install command is deprecated setup.py egg_info --egg-base ../../build/manipulator_py_examples build --build-base /home/rajitha-niroshan/FYP/Repos/Others/ROS2-Manipulator-Robot-with-Python/build/manipulator_py_examples/build install --record /home/rajitha-niroshan/FYP/Repos/Others/ROS2-Manipulator-Robot-with-Python/build/manipulator_py_examples/install.log --single-version-externally-managed install_data
[0.917s] running egg_info
[0.933s] writing ../../build/manipulator_py_examples/manipulator_py_examples.egg-info/PKG-INFO
[0.933s] writing dependency_links to ../../build/manipulator_py_examples/manipulator_py_examples.egg-info/dependency_links.txt
[0.933s] writing entry points to ../../build/manipulator_py_examples/manipulator_py_examples.egg-info/entry_points.txt
[0.933s] writing requirements to ../../build/manipulator_py_examples/manipulator_py_examples.egg-info/requires.txt
[0.933s] writing top-level names to ../../build/manipulator_py_examples/manipulator_py_examples.egg-info/top_level.txt
[0.963s] reading manifest file '../../build/manipulator_py_examples/manipulator_py_examples.egg-info/SOURCES.txt'
[0.964s] writing manifest file '../../build/manipulator_py_examples/manipulator_py_examples.egg-info/SOURCES.txt'
[0.964s] running build
[0.964s] running build_py
[0.964s] copying manipulator_py_examples/simple_action_server.py -> /home/rajitha-niroshan/FYP/Repos/Others/ROS2-Manipulator-Robot-with-Python/build/manipulator_py_examples/build/lib/manipulator_py_examples
[0.965s] running install
[0.970s] running install_lib
[0.986s] copying /home/rajitha-niroshan/FYP/Repos/Others/ROS2-Manipulator-Robot-with-Python/build/manipulator_py_examples/build/lib/manipulator_py_examples/simple_action_server.py -> /home/rajitha-niroshan/FYP/Repos/Others/ROS2-Manipulator-Robot-with-Python/install/manipulator_py_examples/lib/python3.12/site-packages/manipulator_py_examples
[0.986s] byte-compiling /home/rajitha-niroshan/FYP/Repos/Others/ROS2-Manipulator-Robot-with-Python/install/manipulator_py_examples/lib/python3.12/site-packages/manipulator_py_examples/simple_action_server.py to simple_action_server.cpython-312.pyc
[0.987s] running install_data
[0.987s] running install_egg_info
[1.003s] removing '/home/rajitha-niroshan/FYP/Repos/Others/ROS2-Manipulator-Robot-with-Python/install/manipulator_py_examples/lib/python3.12/site-packages/manipulator_py_examples-0.0.0-py3.12.egg-info' (and everything under it)
[1.004s] Copying ../../build/manipulator_py_examples/manipulator_py_examples.egg-info to /home/rajitha-niroshan/FYP/Repos/Others/ROS2-Manipulator-Robot-with-Python/install/manipulator_py_examples/lib/python3.12/site-packages/manipulator_py_examples-0.0.0-py3.12.egg-info
[1.004s] running install_scripts
[1.102s] Installing simple_action_server script to /home/rajitha-niroshan/FYP/Repos/Others/ROS2-Manipulator-Robot-with-Python/install/manipulator_py_examples/lib/manipulator_py_examples
[1.102s] Installing simple_service_client script to /home/rajitha-niroshan/FYP/Repos/Others/ROS2-Manipulator-Robot-with-Python/install/manipulator_py_examples/lib/manipulator_py_examples
[1.102s] Installing simple_service_server script to /home/rajitha-niroshan/FYP/Repos/Others/ROS2-Manipulator-Robot-with-Python/install/manipulator_py_examples/lib/manipulator_py_examples
[1.103s] writing list of installed files to '/home/rajitha-niroshan/FYP/Repos/Others/ROS2-Manipulator-Robot-with-Python/build/manipulator_py_examples/install.log'
[1.125s] Invoked command in '/home/rajitha-niroshan/FYP/Repos/Others/ROS2-Manipulator-Robot-with-Python/src/manipulator_py_examples' returned '0': AMENT_PREFIX_PATH=/home/rajitha-niroshan/FYP/Repos/Others/ROS2-Manipulator-Robot-with-Python/install/manipulator_msgs:${AMENT_PREFIX_PATH} CMAKE_PREFIX_PATH=/home/rajitha-niroshan/FYP/Repos/Others/ROS2-Manipulator-Robot-with-Python/install/manipulator_msgs:${CMAKE_PREFIX_PATH} DEBUGINFOD_URLS=https://debuginfod.ubuntu.com LD_LIBRARY_PATH=/home/rajitha-niroshan/FYP/Repos/Others/ROS2-Manipulator-Robot-with-Python/install/manipulator_msgs/lib:${LD_LIBRARY_PATH} PYTHONPATH=/home/rajitha-niroshan/FYP/Repos/Others/ROS2-Manipulator-Robot-with-Python/build/manipulator_py_examples/prefix_override:/usr/lib/python3/dist-packages/colcon_core/task/python/colcon_distutils_commands:/home/rajitha-niroshan/FYP/Repos/Others/ROS2-Manipulator-Robot-with-Python/install/manipulator_py_examples/lib/python3.12/site-packages:/home/rajitha-niroshan/FYP/Repos/Others/ROS2-Manipulator-Robot-with-Python/install/manipulator_msgs/lib/python3.12/site-packages:${PYTHONPATH} /usr/bin/python3 -W ignore:setup.py install is deprecated -W ignore:easy_install command is deprecated setup.py egg_info --egg-base ../../build/manipulator_py_examples build --build-base /home/rajitha-niroshan/FYP/Repos/Others/ROS2-Manipulator-Robot-with-Python/build/manipulator_py_examples/build install --record /home/rajitha-niroshan/FYP/Repos/Others/ROS2-Manipulator-Robot-with-Python/build/manipulator_py_examples/install.log --single-version-externally-managed install_data
