[0.157s] Invoking command in '/home/rajitha-niroshan/FYP/Repos/Others/ROS2-Manipulator-Robot-with-Python/build/manipulator_utils': AMENT_PREFIX_PATH=/home/rajitha-niroshan/FYP/Repos/Others/ROS2-Manipulator-Robot-with-Python/install/manipulator_msgs:${AMENT_PREFIX_PATH} CMAKE_PREFIX_PATH=/home/rajitha-niroshan/FYP/Repos/Others/ROS2-Manipulator-Robot-with-Python/install/manipulator_msgs:/opt/ros/jazzy/opt/gz_sim_vendor:/opt/ros/jazzy/opt/gz_sensors_vendor:/opt/ros/jazzy/opt/gz_physics_vendor:/opt/ros/jazzy/opt/sdformat_vendor:/opt/ros/jazzy/opt/gz_gui_vendor:/opt/ros/jazzy/opt/gz_transport_vendor:/opt/ros/jazzy/opt/gz_rendering_vendor:/opt/ros/jazzy/opt/gz_plugin_vendor:/opt/ros/jazzy/opt/gz_fuel_tools_vendor:/opt/ros/jazzy/opt/gz_msgs_vendor:/opt/ros/jazzy/opt/gz_common_vendor:/opt/ros/jazzy/opt/gz_math_vendor:/opt/ros/jazzy/opt/gz_utils_vendor:/opt/ros/jazzy/opt/gz_tools_vendor:/opt/ros/jazzy/opt/gz_ogre_next_vendor:/opt/ros/jazzy/opt/gz_dartsim_vendor:/opt/ros/jazzy/opt/gz_cmake_vendor:/opt/ros/jazzy DEBUGINFOD_URLS=https://debuginfod.ubuntu.com LD_LIBRARY_PATH=/home/rajitha-niroshan/FYP/Repos/Others/ROS2-Manipulator-Robot-with-Python/install/manipulator_msgs/lib:${LD_LIBRARY_PATH} PYTHONPATH=/home/rajitha-niroshan/FYP/Repos/Others/ROS2-Manipulator-Robot-with-Python/install/manipulator_msgs/lib/python3.12/site-packages:${PYTHONPATH} /usr/bin/cmake /home/rajitha-niroshan/FYP/Repos/Others/ROS2-Manipulator-Robot-with-Python/src/manipulator_utils -DCMAKE_INSTALL_PREFIX=/home/rajitha-niroshan/FYP/Repos/Others/ROS2-Manipulator-Robot-with-Python/install/manipulator_utils
[0.198s] -- The C compiler identification is GNU 13.3.0
[0.238s] -- The CXX compiler identification is GNU 13.3.0
[0.249s] -- Detecting C compiler ABI info
[0.314s] -- Detecting C compiler ABI info - done
[0.320s] -- Check for working C compiler: /usr/bin/cc - skipped
[0.320s] -- Detecting C compile features
[0.321s] -- Detecting C compile features - done
[0.327s] -- Detecting CXX compiler ABI info
[0.403s] -- Detecting CXX compiler ABI info - done
[0.410s] -- Check for working CXX compiler: /usr/bin/c++ - skipped
[0.410s] -- Detecting CXX compile features
[0.410s] -- Detecting CXX compile features - done
[0.413s] -- Found ament_cmake: 2.5.4 (/opt/ros/jazzy/share/ament_cmake/cmake)
[0.523s] -- Found Python3: /usr/bin/python3 (found version "3.12.3") found components: Interpreter 
[0.611s] -- Found rclpy: 7.1.5 (/opt/ros/jazzy/share/rclpy/cmake)
[0.611s] -- Found manipulator_msgs: 0.0.0 (/home/rajitha-niroshan/FYP/Repos/Others/ROS2-Manipulator-Robot-with-Python/install/manipulator_msgs/share/manipulator_msgs/cmake)
[0.651s] -- Found rosidl_generator_c: 4.6.6 (/opt/ros/jazzy/share/rosidl_generator_c/cmake)
[0.663s] -- Found rosidl_generator_cpp: 4.6.6 (/opt/ros/jazzy/share/rosidl_generator_cpp/cmake)
[0.677s] -- Using all available rosidl_typesupport_c: rosidl_typesupport_fastrtps_c;rosidl_typesupport_introspection_c
[0.693s] -- Using all available rosidl_typesupport_cpp: rosidl_typesupport_fastrtps_cpp;rosidl_typesupport_introspection_cpp
[0.818s] -- Found ament_lint_auto: 0.17.3 (/opt/ros/jazzy/share/ament_lint_auto/cmake)
[0.901s] -- Added test 'flake8' to check Python code syntax and style conventions
[0.901s] -- Configured 'flake8' exclude dirs and/or files: 
[0.901s] -- Added test 'lint_cmake' to check CMake code style
[0.902s] -- Added test 'pep257' to check Python code against some of the docstring style conventions in PEP 257
[0.903s] -- Added test 'xmllint' to check XML markup files
[0.904s] -- Configuring done (0.7s)
[0.907s] -- Generating done (0.0s)
[0.909s] -- Build files have been written to: /home/rajitha-niroshan/FYP/Repos/Others/ROS2-Manipulator-Robot-with-Python/build/manipulator_utils
[0.914s] Invoked command in '/home/rajitha-niroshan/FYP/Repos/Others/ROS2-Manipulator-Robot-with-Python/build/manipulator_utils' returned '0': AMENT_PREFIX_PATH=/home/rajitha-niroshan/FYP/Repos/Others/ROS2-Manipulator-Robot-with-Python/install/manipulator_msgs:${AMENT_PREFIX_PATH} CMAKE_PREFIX_PATH=/home/rajitha-niroshan/FYP/Repos/Others/ROS2-Manipulator-Robot-with-Python/install/manipulator_msgs:/opt/ros/jazzy/opt/gz_sim_vendor:/opt/ros/jazzy/opt/gz_sensors_vendor:/opt/ros/jazzy/opt/gz_physics_vendor:/opt/ros/jazzy/opt/sdformat_vendor:/opt/ros/jazzy/opt/gz_gui_vendor:/opt/ros/jazzy/opt/gz_transport_vendor:/opt/ros/jazzy/opt/gz_rendering_vendor:/opt/ros/jazzy/opt/gz_plugin_vendor:/opt/ros/jazzy/opt/gz_fuel_tools_vendor:/opt/ros/jazzy/opt/gz_msgs_vendor:/opt/ros/jazzy/opt/gz_common_vendor:/opt/ros/jazzy/opt/gz_math_vendor:/opt/ros/jazzy/opt/gz_utils_vendor:/opt/ros/jazzy/opt/gz_tools_vendor:/opt/ros/jazzy/opt/gz_ogre_next_vendor:/opt/ros/jazzy/opt/gz_dartsim_vendor:/opt/ros/jazzy/opt/gz_cmake_vendor:/opt/ros/jazzy DEBUGINFOD_URLS=https://debuginfod.ubuntu.com LD_LIBRARY_PATH=/home/rajitha-niroshan/FYP/Repos/Others/ROS2-Manipulator-Robot-with-Python/install/manipulator_msgs/lib:${LD_LIBRARY_PATH} PYTHONPATH=/home/rajitha-niroshan/FYP/Repos/Others/ROS2-Manipulator-Robot-with-Python/install/manipulator_msgs/lib/python3.12/site-packages:${PYTHONPATH} /usr/bin/cmake /home/rajitha-niroshan/FYP/Repos/Others/ROS2-Manipulator-Robot-with-Python/src/manipulator_utils -DCMAKE_INSTALL_PREFIX=/home/rajitha-niroshan/FYP/Repos/Others/ROS2-Manipulator-Robot-with-Python/install/manipulator_utils
[0.915s] Invoking command in '/home/rajitha-niroshan/FYP/Repos/Others/ROS2-Manipulator-Robot-with-Python/build/manipulator_utils': AMENT_PREFIX_PATH=/home/rajitha-niroshan/FYP/Repos/Others/ROS2-Manipulator-Robot-with-Python/install/manipulator_msgs:${AMENT_PREFIX_PATH} CMAKE_PREFIX_PATH=/home/rajitha-niroshan/FYP/Repos/Others/ROS2-Manipulator-Robot-with-Python/install/manipulator_msgs:/opt/ros/jazzy/opt/gz_sim_vendor:/opt/ros/jazzy/opt/gz_sensors_vendor:/opt/ros/jazzy/opt/gz_physics_vendor:/opt/ros/jazzy/opt/sdformat_vendor:/opt/ros/jazzy/opt/gz_gui_vendor:/opt/ros/jazzy/opt/gz_transport_vendor:/opt/ros/jazzy/opt/gz_rendering_vendor:/opt/ros/jazzy/opt/gz_plugin_vendor:/opt/ros/jazzy/opt/gz_fuel_tools_vendor:/opt/ros/jazzy/opt/gz_msgs_vendor:/opt/ros/jazzy/opt/gz_common_vendor:/opt/ros/jazzy/opt/gz_math_vendor:/opt/ros/jazzy/opt/gz_utils_vendor:/opt/ros/jazzy/opt/gz_tools_vendor:/opt/ros/jazzy/opt/gz_ogre_next_vendor:/opt/ros/jazzy/opt/gz_dartsim_vendor:/opt/ros/jazzy/opt/gz_cmake_vendor:/opt/ros/jazzy DEBUGINFOD_URLS=https://debuginfod.ubuntu.com LD_LIBRARY_PATH=/home/rajitha-niroshan/FYP/Repos/Others/ROS2-Manipulator-Robot-with-Python/install/manipulator_msgs/lib:${LD_LIBRARY_PATH} PYTHONPATH=/home/rajitha-niroshan/FYP/Repos/Others/ROS2-Manipulator-Robot-with-Python/install/manipulator_msgs/lib/python3.12/site-packages:${PYTHONPATH} /usr/bin/cmake --build /home/rajitha-niroshan/FYP/Repos/Others/ROS2-Manipulator-Robot-with-Python/build/manipulator_utils -- -j8 -l8
[0.958s] Built target ament_cmake_python_copy_manipulator_utils
[1.119s] running egg_info
[1.119s] creating manipulator_utils.egg-info
[1.133s] writing manipulator_utils.egg-info/PKG-INFO
[1.133s] writing dependency_links to manipulator_utils.egg-info/dependency_links.txt
[1.133s] writing top-level names to manipulator_utils.egg-info/top_level.txt
[1.133s] writing manifest file 'manipulator_utils.egg-info/SOURCES.txt'
[1.177s] reading manifest file 'manipulator_utils.egg-info/SOURCES.txt'
[1.177s] writing manifest file 'manipulator_utils.egg-info/SOURCES.txt'
[1.196s] Built target ament_cmake_python_build_manipulator_utils_egg
[1.204s] Invoked command in '/home/rajitha-niroshan/FYP/Repos/Others/ROS2-Manipulator-Robot-with-Python/build/manipulator_utils' returned '0': AMENT_PREFIX_PATH=/home/rajitha-niroshan/FYP/Repos/Others/ROS2-Manipulator-Robot-with-Python/install/manipulator_msgs:${AMENT_PREFIX_PATH} CMAKE_PREFIX_PATH=/home/rajitha-niroshan/FYP/Repos/Others/ROS2-Manipulator-Robot-with-Python/install/manipulator_msgs:/opt/ros/jazzy/opt/gz_sim_vendor:/opt/ros/jazzy/opt/gz_sensors_vendor:/opt/ros/jazzy/opt/gz_physics_vendor:/opt/ros/jazzy/opt/sdformat_vendor:/opt/ros/jazzy/opt/gz_gui_vendor:/opt/ros/jazzy/opt/gz_transport_vendor:/opt/ros/jazzy/opt/gz_rendering_vendor:/opt/ros/jazzy/opt/gz_plugin_vendor:/opt/ros/jazzy/opt/gz_fuel_tools_vendor:/opt/ros/jazzy/opt/gz_msgs_vendor:/opt/ros/jazzy/opt/gz_common_vendor:/opt/ros/jazzy/opt/gz_math_vendor:/opt/ros/jazzy/opt/gz_utils_vendor:/opt/ros/jazzy/opt/gz_tools_vendor:/opt/ros/jazzy/opt/gz_ogre_next_vendor:/opt/ros/jazzy/opt/gz_dartsim_vendor:/opt/ros/jazzy/opt/gz_cmake_vendor:/opt/ros/jazzy DEBUGINFOD_URLS=https://debuginfod.ubuntu.com LD_LIBRARY_PATH=/home/rajitha-niroshan/FYP/Repos/Others/ROS2-Manipulator-Robot-with-Python/install/manipulator_msgs/lib:${LD_LIBRARY_PATH} PYTHONPATH=/home/rajitha-niroshan/FYP/Repos/Others/ROS2-Manipulator-Robot-with-Python/install/manipulator_msgs/lib/python3.12/site-packages:${PYTHONPATH} /usr/bin/cmake --build /home/rajitha-niroshan/FYP/Repos/Others/ROS2-Manipulator-Robot-with-Python/build/manipulator_utils -- -j8 -l8
[1.205s] Invoking command in '/home/rajitha-niroshan/FYP/Repos/Others/ROS2-Manipulator-Robot-with-Python/build/manipulator_utils': AMENT_PREFIX_PATH=/home/rajitha-niroshan/FYP/Repos/Others/ROS2-Manipulator-Robot-with-Python/install/manipulator_msgs:${AMENT_PREFIX_PATH} CMAKE_PREFIX_PATH=/home/rajitha-niroshan/FYP/Repos/Others/ROS2-Manipulator-Robot-with-Python/install/manipulator_msgs:/opt/ros/jazzy/opt/gz_sim_vendor:/opt/ros/jazzy/opt/gz_sensors_vendor:/opt/ros/jazzy/opt/gz_physics_vendor:/opt/ros/jazzy/opt/sdformat_vendor:/opt/ros/jazzy/opt/gz_gui_vendor:/opt/ros/jazzy/opt/gz_transport_vendor:/opt/ros/jazzy/opt/gz_rendering_vendor:/opt/ros/jazzy/opt/gz_plugin_vendor:/opt/ros/jazzy/opt/gz_fuel_tools_vendor:/opt/ros/jazzy/opt/gz_msgs_vendor:/opt/ros/jazzy/opt/gz_common_vendor:/opt/ros/jazzy/opt/gz_math_vendor:/opt/ros/jazzy/opt/gz_utils_vendor:/opt/ros/jazzy/opt/gz_tools_vendor:/opt/ros/jazzy/opt/gz_ogre_next_vendor:/opt/ros/jazzy/opt/gz_dartsim_vendor:/opt/ros/jazzy/opt/gz_cmake_vendor:/opt/ros/jazzy DEBUGINFOD_URLS=https://debuginfod.ubuntu.com LD_LIBRARY_PATH=/home/rajitha-niroshan/FYP/Repos/Others/ROS2-Manipulator-Robot-with-Python/install/manipulator_msgs/lib:${LD_LIBRARY_PATH} PYTHONPATH=/home/rajitha-niroshan/FYP/Repos/Others/ROS2-Manipulator-Robot-with-Python/install/manipulator_msgs/lib/python3.12/site-packages:${PYTHONPATH} /usr/bin/cmake --install /home/rajitha-niroshan/FYP/Repos/Others/ROS2-Manipulator-Robot-with-Python/build/manipulator_utils
[1.211s] -- Install configuration: ""
[1.211s] -- Installing: /home/rajitha-niroshan/FYP/Repos/Others/ROS2-Manipulator-Robot-with-Python/install/manipulator_utils/share/manipulator_utils/environment/pythonpath.sh
[1.211s] -- Installing: /home/rajitha-niroshan/FYP/Repos/Others/ROS2-Manipulator-Robot-with-Python/install/manipulator_utils/share/manipulator_utils/environment/pythonpath.dsv
[1.211s] -- Installing: /home/rajitha-niroshan/FYP/Repos/Others/ROS2-Manipulator-Robot-with-Python/install/manipulator_utils/lib/python3.12/site-packages/manipulator_utils-0.0.0-py3.12.egg-info
[1.211s] -- Installing: /home/rajitha-niroshan/FYP/Repos/Others/ROS2-Manipulator-Robot-with-Python/install/manipulator_utils/lib/python3.12/site-packages/manipulator_utils-0.0.0-py3.12.egg-info/dependency_links.txt
[1.211s] -- Installing: /home/rajitha-niroshan/FYP/Repos/Others/ROS2-Manipulator-Robot-with-Python/install/manipulator_utils/lib/python3.12/site-packages/manipulator_utils-0.0.0-py3.12.egg-info/SOURCES.txt
[1.211s] -- Installing: /home/rajitha-niroshan/FYP/Repos/Others/ROS2-Manipulator-Robot-with-Python/install/manipulator_utils/lib/python3.12/site-packages/manipulator_utils-0.0.0-py3.12.egg-info/PKG-INFO
[1.211s] -- Installing: /home/rajitha-niroshan/FYP/Repos/Others/ROS2-Manipulator-Robot-with-Python/install/manipulator_utils/lib/python3.12/site-packages/manipulator_utils-0.0.0-py3.12.egg-info/top_level.txt
[1.212s] -- Installing: /home/rajitha-niroshan/FYP/Repos/Others/ROS2-Manipulator-Robot-with-Python/install/manipulator_utils/lib/python3.12/site-packages/manipulator_utils
[1.212s] -- Installing: /home/rajitha-niroshan/FYP/Repos/Others/ROS2-Manipulator-Robot-with-Python/install/manipulator_utils/lib/python3.12/site-packages/manipulator_utils/__init__.py
[1.212s] -- Installing: /home/rajitha-niroshan/FYP/Repos/Others/ROS2-Manipulator-Robot-with-Python/install/manipulator_utils/lib/python3.12/site-packages/manipulator_utils/angle_conversion.py
[1.238s] Listing '/home/rajitha-niroshan/FYP/Repos/Others/ROS2-Manipulator-Robot-with-Python/install/manipulator_utils/lib/python3.12/site-packages/manipulator_utils'...
[1.238s] Compiling '/home/rajitha-niroshan/FYP/Repos/Others/ROS2-Manipulator-Robot-with-Python/install/manipulator_utils/lib/python3.12/site-packages/manipulator_utils/__init__.py'...
[1.238s] Compiling '/home/rajitha-niroshan/FYP/Repos/Others/ROS2-Manipulator-Robot-with-Python/install/manipulator_utils/lib/python3.12/site-packages/manipulator_utils/angle_conversion.py'...
[1.242s] -- Installing: /home/rajitha-niroshan/FYP/Repos/Others/ROS2-Manipulator-Robot-with-Python/install/manipulator_utils/lib/manipulator_utils/angle_conversion.py
[1.242s] -- Installing: /home/rajitha-niroshan/FYP/Repos/Others/ROS2-Manipulator-Robot-with-Python/install/manipulator_utils/share/ament_index/resource_index/package_run_dependencies/manipulator_utils
[1.242s] -- Installing: /home/rajitha-niroshan/FYP/Repos/Others/ROS2-Manipulator-Robot-with-Python/install/manipulator_utils/share/ament_index/resource_index/parent_prefix_path/manipulator_utils
[1.242s] -- Installing: /home/rajitha-niroshan/FYP/Repos/Others/ROS2-Manipulator-Robot-with-Python/install/manipulator_utils/share/manipulator_utils/environment/ament_prefix_path.sh
[1.242s] -- Installing: /home/rajitha-niroshan/FYP/Repos/Others/ROS2-Manipulator-Robot-with-Python/install/manipulator_utils/share/manipulator_utils/environment/ament_prefix_path.dsv
[1.242s] -- Installing: /home/rajitha-niroshan/FYP/Repos/Others/ROS2-Manipulator-Robot-with-Python/install/manipulator_utils/share/manipulator_utils/environment/path.sh
[1.242s] -- Installing: /home/rajitha-niroshan/FYP/Repos/Others/ROS2-Manipulator-Robot-with-Python/install/manipulator_utils/share/manipulator_utils/environment/path.dsv
[1.242s] -- Installing: /home/rajitha-niroshan/FYP/Repos/Others/ROS2-Manipulator-Robot-with-Python/install/manipulator_utils/share/manipulator_utils/local_setup.bash
[1.242s] -- Installing: /home/rajitha-niroshan/FYP/Repos/Others/ROS2-Manipulator-Robot-with-Python/install/manipulator_utils/share/manipulator_utils/local_setup.sh
[1.242s] -- Installing: /home/rajitha-niroshan/FYP/Repos/Others/ROS2-Manipulator-Robot-with-Python/install/manipulator_utils/share/manipulator_utils/local_setup.zsh
[1.242s] -- Installing: /home/rajitha-niroshan/FYP/Repos/Others/ROS2-Manipulator-Robot-with-Python/install/manipulator_utils/share/manipulator_utils/local_setup.dsv
[1.242s] -- Installing: /home/rajitha-niroshan/FYP/Repos/Others/ROS2-Manipulator-Robot-with-Python/install/manipulator_utils/share/manipulator_utils/package.dsv
[1.242s] -- Installing: /home/rajitha-niroshan/FYP/Repos/Others/ROS2-Manipulator-Robot-with-Python/install/manipulator_utils/share/ament_index/resource_index/packages/manipulator_utils
[1.243s] -- Installing: /home/rajitha-niroshan/FYP/Repos/Others/ROS2-Manipulator-Robot-with-Python/install/manipulator_utils/share/manipulator_utils/cmake/manipulator_utilsConfig.cmake
[1.243s] -- Installing: /home/rajitha-niroshan/FYP/Repos/Others/ROS2-Manipulator-Robot-with-Python/install/manipulator_utils/share/manipulator_utils/cmake/manipulator_utilsConfig-version.cmake
[1.243s] -- Installing: /home/rajitha-niroshan/FYP/Repos/Others/ROS2-Manipulator-Robot-with-Python/install/manipulator_utils/share/manipulator_utils/package.xml
[1.245s] Invoked command in '/home/rajitha-niroshan/FYP/Repos/Others/ROS2-Manipulator-Robot-with-Python/build/manipulator_utils' returned '0': AMENT_PREFIX_PATH=/home/rajitha-niroshan/FYP/Repos/Others/ROS2-Manipulator-Robot-with-Python/install/manipulator_msgs:${AMENT_PREFIX_PATH} CMAKE_PREFIX_PATH=/home/rajitha-niroshan/FYP/Repos/Others/ROS2-Manipulator-Robot-with-Python/install/manipulator_msgs:/opt/ros/jazzy/opt/gz_sim_vendor:/opt/ros/jazzy/opt/gz_sensors_vendor:/opt/ros/jazzy/opt/gz_physics_vendor:/opt/ros/jazzy/opt/sdformat_vendor:/opt/ros/jazzy/opt/gz_gui_vendor:/opt/ros/jazzy/opt/gz_transport_vendor:/opt/ros/jazzy/opt/gz_rendering_vendor:/opt/ros/jazzy/opt/gz_plugin_vendor:/opt/ros/jazzy/opt/gz_fuel_tools_vendor:/opt/ros/jazzy/opt/gz_msgs_vendor:/opt/ros/jazzy/opt/gz_common_vendor:/opt/ros/jazzy/opt/gz_math_vendor:/opt/ros/jazzy/opt/gz_utils_vendor:/opt/ros/jazzy/opt/gz_tools_vendor:/opt/ros/jazzy/opt/gz_ogre_next_vendor:/opt/ros/jazzy/opt/gz_dartsim_vendor:/opt/ros/jazzy/opt/gz_cmake_vendor:/opt/ros/jazzy DEBUGINFOD_URLS=https://debuginfod.ubuntu.com LD_LIBRARY_PATH=/home/rajitha-niroshan/FYP/Repos/Others/ROS2-Manipulator-Robot-with-Python/install/manipulator_msgs/lib:${LD_LIBRARY_PATH} PYTHONPATH=/home/rajitha-niroshan/FYP/Repos/Others/ROS2-Manipulator-Robot-with-Python/install/manipulator_msgs/lib/python3.12/site-packages:${PYTHONPATH} /usr/bin/cmake --install /home/rajitha-niroshan/FYP/Repos/Others/ROS2-Manipulator-Robot-with-Python/build/manipulator_utils
