[0.959s] Invoking command in '/home/rajitha-niroshan/FYP/Repos/Others/our_arm_v2/src/manipulator_py_examples': AMENT_PREFIX_PATH=/home/rajitha-niroshan/FYP/Repos/Others/our_arm_v2/install/manipulator_msgs:${AMENT_PREFIX_PATH} CMAKE_PREFIX_PATH=/home/rajitha-niroshan/FYP/Repos/Others/our_arm_v2/install/manipulator_msgs:${CMAKE_PREFIX_PATH} DEBUGINFOD_URLS=https://debuginfod.ubuntu.com LD_LIBRARY_PATH=/home/rajitha-niroshan/FYP/Repos/Others/our_arm_v2/install/manipulator_msgs/lib:${LD_LIBRARY_PATH} PYTHONPATH=/home/rajitha-niroshan/FYP/Repos/Others/our_arm_v2/build/manipulator_py_examples/prefix_override:/usr/lib/python3/dist-packages/colcon_core/task/python/colcon_distutils_commands:/home/rajitha-niroshan/FYP/Repos/Others/our_arm_v2/install/manipulator_py_examples/lib/python3.12/site-packages:/home/rajitha-niroshan/FYP/Repos/Others/our_arm_v2/install/manipulator_msgs/lib/python3.12/site-packages:${PYTHONPATH} /usr/bin/python3 -W ignore:setup.py install is deprecated -W ignore:easy_install command is deprecated setup.py egg_info --egg-base ../../build/manipulator_py_examples build --build-base /home/rajitha-niroshan/FYP/Repos/Others/our_arm_v2/build/manipulator_py_examples/build install --record /home/rajitha-niroshan/FYP/Repos/Others/our_arm_v2/build/manipulator_py_examples/install.log --single-version-externally-managed install_data
[1.257s] running egg_info
[1.278s] writing ../../build/manipulator_py_examples/manipulator_py_examples.egg-info/PKG-INFO
[1.278s] writing dependency_links to ../../build/manipulator_py_examples/manipulator_py_examples.egg-info/dependency_links.txt
[1.278s] writing entry points to ../../build/manipulator_py_examples/manipulator_py_examples.egg-info/entry_points.txt
[1.279s] writing requirements to ../../build/manipulator_py_examples/manipulator_py_examples.egg-info/requires.txt
[1.279s] writing top-level names to ../../build/manipulator_py_examples/manipulator_py_examples.egg-info/top_level.txt
[1.320s] reading manifest file '../../build/manipulator_py_examples/manipulator_py_examples.egg-info/SOURCES.txt'
[1.321s] writing manifest file '../../build/manipulator_py_examples/manipulator_py_examples.egg-info/SOURCES.txt'
[1.321s] running build
[1.321s] running build_py
[1.322s] running install
[1.329s] running install_lib
[1.351s] running install_data
[1.351s] running install_egg_info
[1.373s] removing '/home/rajitha-niroshan/FYP/Repos/Others/our_arm_v2/install/manipulator_py_examples/lib/python3.12/site-packages/manipulator_py_examples-0.0.0-py3.12.egg-info' (and everything under it)
[1.373s] Copying ../../build/manipulator_py_examples/manipulator_py_examples.egg-info to /home/rajitha-niroshan/FYP/Repos/Others/our_arm_v2/install/manipulator_py_examples/lib/python3.12/site-packages/manipulator_py_examples-0.0.0-py3.12.egg-info
[1.374s] running install_scripts
[1.527s] Installing simple_action_client script to /home/rajitha-niroshan/FYP/Repos/Others/our_arm_v2/install/manipulator_py_examples/lib/manipulator_py_examples
[1.528s] Installing simple_action_server script to /home/rajitha-niroshan/FYP/Repos/Others/our_arm_v2/install/manipulator_py_examples/lib/manipulator_py_examples
[1.528s] Installing simple_service_client script to /home/rajitha-niroshan/FYP/Repos/Others/our_arm_v2/install/manipulator_py_examples/lib/manipulator_py_examples
[1.528s] Installing simple_service_server script to /home/rajitha-niroshan/FYP/Repos/Others/our_arm_v2/install/manipulator_py_examples/lib/manipulator_py_examples
[1.528s] writing list of installed files to '/home/rajitha-niroshan/FYP/Repos/Others/our_arm_v2/build/manipulator_py_examples/install.log'
[1.578s] Invoked command in '/home/rajitha-niroshan/FYP/Repos/Others/our_arm_v2/src/manipulator_py_examples' returned '0': AMENT_PREFIX_PATH=/home/rajitha-niroshan/FYP/Repos/Others/our_arm_v2/install/manipulator_msgs:${AMENT_PREFIX_PATH} CMAKE_PREFIX_PATH=/home/rajitha-niroshan/FYP/Repos/Others/our_arm_v2/install/manipulator_msgs:${CMAKE_PREFIX_PATH} DEBUGINFOD_URLS=https://debuginfod.ubuntu.com LD_LIBRARY_PATH=/home/rajitha-niroshan/FYP/Repos/Others/our_arm_v2/install/manipulator_msgs/lib:${LD_LIBRARY_PATH} PYTHONPATH=/home/rajitha-niroshan/FYP/Repos/Others/our_arm_v2/build/manipulator_py_examples/prefix_override:/usr/lib/python3/dist-packages/colcon_core/task/python/colcon_distutils_commands:/home/rajitha-niroshan/FYP/Repos/Others/our_arm_v2/install/manipulator_py_examples/lib/python3.12/site-packages:/home/rajitha-niroshan/FYP/Repos/Others/our_arm_v2/install/manipulator_msgs/lib/python3.12/site-packages:${PYTHONPATH} /usr/bin/python3 -W ignore:setup.py install is deprecated -W ignore:easy_install command is deprecated setup.py egg_info --egg-base ../../build/manipulator_py_examples build --build-base /home/rajitha-niroshan/FYP/Repos/Others/our_arm_v2/build/manipulator_py_examples/build install --record /home/rajitha-niroshan/FYP/Repos/Others/our_arm_v2/build/manipulator_py_examples/install.log --single-version-externally-managed install_data
