[0.669s] Invoking command in '/home/rajitha-niroshan/FYP/Repos/Others/our_arm_v2/src/manipulator_py_examples': AMENT_PREFIX_PATH=/home/rajitha-niroshan/FYP/Repos/Others/our_arm_v2/install/manipulator_msgs:${AMENT_PREFIX_PATH} CMAKE_PREFIX_PATH=/home/rajitha-niroshan/FYP/Repos/Others/our_arm_v2/install/manipulator_msgs:${CMAKE_PREFIX_PATH} DEBUGINFOD_URLS=https://debuginfod.ubuntu.com LD_LIBRARY_PATH=/home/rajitha-niroshan/FYP/Repos/Others/our_arm_v2/install/manipulator_msgs/lib:${LD_LIBRARY_PATH} PYTHONPATH=/home/rajitha-niroshan/FYP/Repos/Others/our_arm_v2/build/manipulator_py_examples/prefix_override:/usr/lib/python3/dist-packages/colcon_core/task/python/colcon_distutils_commands:/home/rajitha-niroshan/FYP/Repos/Others/our_arm_v2/install/manipulator_py_examples/lib/python3.12/site-packages:/home/rajitha-niroshan/FYP/Repos/Others/our_arm_v2/install/manipulator_msgs/lib/python3.12/site-packages:${PYTHONPATH} /usr/bin/python3 -W ignore:setup.py install is deprecated -W ignore:easy_install command is deprecated setup.py egg_info --egg-base ../../build/manipulator_py_examples build --build-base /home/rajitha-niroshan/FYP/Repos/Others/our_arm_v2/build/manipulator_py_examples/build install --record /home/rajitha-niroshan/FYP/Repos/Others/our_arm_v2/build/manipulator_py_examples/install.log --single-version-externally-managed install_data
[0.885s] running egg_info
[0.901s] writing ../../build/manipulator_py_examples/manipulator_py_examples.egg-info/PKG-INFO
[0.902s] writing dependency_links to ../../build/manipulator_py_examples/manipulator_py_examples.egg-info/dependency_links.txt
[0.902s] writing entry points to ../../build/manipulator_py_examples/manipulator_py_examples.egg-info/entry_points.txt
[0.902s] writing requirements to ../../build/manipulator_py_examples/manipulator_py_examples.egg-info/requires.txt
[0.902s] writing top-level names to ../../build/manipulator_py_examples/manipulator_py_examples.egg-info/top_level.txt
[0.943s] reading manifest file '../../build/manipulator_py_examples/manipulator_py_examples.egg-info/SOURCES.txt'
[0.944s] writing manifest file '../../build/manipulator_py_examples/manipulator_py_examples.egg-info/SOURCES.txt'
[0.944s] running build
[0.944s] running build_py
[0.945s] running install
[0.954s] running install_lib
[0.974s] running install_data
[0.974s] running install_egg_info
[0.993s] removing '/home/rajitha-niroshan/FYP/Repos/Others/our_arm_v2/install/manipulator_py_examples/lib/python3.12/site-packages/manipulator_py_examples-0.0.0-py3.12.egg-info' (and everything under it)
[0.993s] Copying ../../build/manipulator_py_examples/manipulator_py_examples.egg-info to /home/rajitha-niroshan/FYP/Repos/Others/our_arm_v2/install/manipulator_py_examples/lib/python3.12/site-packages/manipulator_py_examples-0.0.0-py3.12.egg-info
[0.994s] running install_scripts
[1.098s] Installing simple_action_client script to /home/rajitha-niroshan/FYP/Repos/Others/our_arm_v2/install/manipulator_py_examples/lib/manipulator_py_examples
[1.098s] Installing simple_action_server script to /home/rajitha-niroshan/FYP/Repos/Others/our_arm_v2/install/manipulator_py_examples/lib/manipulator_py_examples
[1.099s] Installing simple_service_client script to /home/rajitha-niroshan/FYP/Repos/Others/our_arm_v2/install/manipulator_py_examples/lib/manipulator_py_examples
[1.099s] Installing simple_service_server script to /home/rajitha-niroshan/FYP/Repos/Others/our_arm_v2/install/manipulator_py_examples/lib/manipulator_py_examples
[1.099s] writing list of installed files to '/home/rajitha-niroshan/FYP/Repos/Others/our_arm_v2/build/manipulator_py_examples/install.log'
[1.129s] Invoked command in '/home/rajitha-niroshan/FYP/Repos/Others/our_arm_v2/src/manipulator_py_examples' returned '0': AMENT_PREFIX_PATH=/home/rajitha-niroshan/FYP/Repos/Others/our_arm_v2/install/manipulator_msgs:${AMENT_PREFIX_PATH} CMAKE_PREFIX_PATH=/home/rajitha-niroshan/FYP/Repos/Others/our_arm_v2/install/manipulator_msgs:${CMAKE_PREFIX_PATH} DEBUGINFOD_URLS=https://debuginfod.ubuntu.com LD_LIBRARY_PATH=/home/rajitha-niroshan/FYP/Repos/Others/our_arm_v2/install/manipulator_msgs/lib:${LD_LIBRARY_PATH} PYTHONPATH=/home/rajitha-niroshan/FYP/Repos/Others/our_arm_v2/build/manipulator_py_examples/prefix_override:/usr/lib/python3/dist-packages/colcon_core/task/python/colcon_distutils_commands:/home/rajitha-niroshan/FYP/Repos/Others/our_arm_v2/install/manipulator_py_examples/lib/python3.12/site-packages:/home/rajitha-niroshan/FYP/Repos/Others/our_arm_v2/install/manipulator_msgs/lib/python3.12/site-packages:${PYTHONPATH} /usr/bin/python3 -W ignore:setup.py install is deprecated -W ignore:easy_install command is deprecated setup.py egg_info --egg-base ../../build/manipulator_py_examples build --build-base /home/rajitha-niroshan/FYP/Repos/Others/our_arm_v2/build/manipulator_py_examples/build install --record /home/rajitha-niroshan/FYP/Repos/Others/our_arm_v2/build/manipulator_py_examples/install.log --single-version-externally-managed install_data
