[0.011s] Invoking command in '/home/rajitha-niroshan/FYP/Repos/ROS2-Manipulator-Robot-with-Python/build/manipulator_description': CMAKE_PREFIX_PATH=${CMAKE_PREFIX_PATH}:/opt/ros/jazzy DEBUGINFOD_URLS=https://debuginfod.ubuntu.com /usr/bin/cmake /home/rajitha-niroshan/FYP/Repos/ROS2-Manipulator-Robot-with-Python/manipulator_description -DCMAKE_INSTALL_PREFIX=/home/rajitha-niroshan/FYP/Repos/ROS2-Manipulator-Robot-with-Python/install/manipulator_description
[0.106s] -- The C compiler identification is GNU 13.3.0
[0.187s] -- The CXX compiler identification is GNU 13.3.0
[0.201s] -- Detecting C compiler ABI info
[0.274s] -- Detecting C compiler ABI info - done
[0.282s] -- Check for working C compiler: /usr/bin/cc - skipped
[0.282s] -- Detecting C compile features
[0.283s] -- Detecting C compile features - done
[0.290s] -- Detecting CXX compiler ABI info
[0.373s] -- Detecting CXX compiler ABI info - done
[0.382s] -- Check for working CXX compiler: /usr/bin/c++ - skipped
[0.383s] -- Detecting CXX compile features
[0.383s] -- Detecting CXX compile features - done
[0.387s] -- Found ament_cmake: 2.5.4 (/opt/ros/jazzy/share/ament_cmake/cmake)
[0.514s] -- Found Python3: /usr/bin/python3 (found version "3.12.3") found components: Interpreter 
[0.620s] -- Found ament_lint_auto: 0.17.3 (/opt/ros/jazzy/share/ament_lint_auto/cmake)
[0.716s] -- Added test 'lint_cmake' to check CMake code style
[0.717s] -- Added test 'xmllint' to check XML markup files
[0.718s] -- Configuring done (0.7s)
[0.720s] -- Generating done (0.0s)
[0.721s] -- Build files have been written to: /home/rajitha-niroshan/FYP/Repos/ROS2-Manipulator-Robot-with-Python/build/manipulator_description
[0.725s] Invoked command in '/home/rajitha-niroshan/FYP/Repos/ROS2-Manipulator-Robot-with-Python/build/manipulator_description' returned '0': CMAKE_PREFIX_PATH=${CMAKE_PREFIX_PATH}:/opt/ros/jazzy DEBUGINFOD_URLS=https://debuginfod.ubuntu.com /usr/bin/cmake /home/rajitha-niroshan/FYP/Repos/ROS2-Manipulator-Robot-with-Python/manipulator_description -DCMAKE_INSTALL_PREFIX=/home/rajitha-niroshan/FYP/Repos/ROS2-Manipulator-Robot-with-Python/install/manipulator_description
[0.726s] Invoking command in '/home/rajitha-niroshan/FYP/Repos/ROS2-Manipulator-Robot-with-Python/build/manipulator_description': CMAKE_PREFIX_PATH=${CMAKE_PREFIX_PATH}:/opt/ros/jazzy DEBUGINFOD_URLS=https://debuginfod.ubuntu.com /usr/bin/cmake --build /home/rajitha-niroshan/FYP/Repos/ROS2-Manipulator-Robot-with-Python/build/manipulator_description -- -j8 -l8
[0.759s] Invoked command in '/home/rajitha-niroshan/FYP/Repos/ROS2-Manipulator-Robot-with-Python/build/manipulator_description' returned '0': CMAKE_PREFIX_PATH=${CMAKE_PREFIX_PATH}:/opt/ros/jazzy DEBUGINFOD_URLS=https://debuginfod.ubuntu.com /usr/bin/cmake --build /home/rajitha-niroshan/FYP/Repos/ROS2-Manipulator-Robot-with-Python/build/manipulator_description -- -j8 -l8
[0.768s] Invoking command in '/home/rajitha-niroshan/FYP/Repos/ROS2-Manipulator-Robot-with-Python/build/manipulator_description': CMAKE_PREFIX_PATH=${CMAKE_PREFIX_PATH}:/opt/ros/jazzy DEBUGINFOD_URLS=https://debuginfod.ubuntu.com /usr/bin/cmake --install /home/rajitha-niroshan/FYP/Repos/ROS2-Manipulator-Robot-with-Python/build/manipulator_description
[0.775s] -- Install configuration: ""
[0.776s] -- Installing: /home/rajitha-niroshan/FYP/Repos/ROS2-Manipulator-Robot-with-Python/install/manipulator_description/share/ament_index/resource_index/package_run_dependencies/manipulator_description
[0.776s] -- Installing: /home/rajitha-niroshan/FYP/Repos/ROS2-Manipulator-Robot-with-Python/install/manipulator_description/share/ament_index/resource_index/parent_prefix_path/manipulator_description
[0.776s] -- Installing: /home/rajitha-niroshan/FYP/Repos/ROS2-Manipulator-Robot-with-Python/install/manipulator_description/share/manipulator_description/environment/ament_prefix_path.sh
[0.776s] -- Installing: /home/rajitha-niroshan/FYP/Repos/ROS2-Manipulator-Robot-with-Python/install/manipulator_description/share/manipulator_description/environment/ament_prefix_path.dsv
[0.776s] -- Installing: /home/rajitha-niroshan/FYP/Repos/ROS2-Manipulator-Robot-with-Python/install/manipulator_description/share/manipulator_description/environment/path.sh
[0.776s] -- Installing: /home/rajitha-niroshan/FYP/Repos/ROS2-Manipulator-Robot-with-Python/install/manipulator_description/share/manipulator_description/environment/path.dsv
[0.776s] -- Installing: /home/rajitha-niroshan/FYP/Repos/ROS2-Manipulator-Robot-with-Python/install/manipulator_description/share/manipulator_description/local_setup.bash
[0.776s] -- Installing: /home/rajitha-niroshan/FYP/Repos/ROS2-Manipulator-Robot-with-Python/install/manipulator_description/share/manipulator_description/local_setup.sh
[0.776s] -- Installing: /home/rajitha-niroshan/FYP/Repos/ROS2-Manipulator-Robot-with-Python/install/manipulator_description/share/manipulator_description/local_setup.zsh
[0.776s] -- Installing: /home/rajitha-niroshan/FYP/Repos/ROS2-Manipulator-Robot-with-Python/install/manipulator_description/share/manipulator_description/local_setup.dsv
[0.776s] -- Installing: /home/rajitha-niroshan/FYP/Repos/ROS2-Manipulator-Robot-with-Python/install/manipulator_description/share/manipulator_description/package.dsv
[0.777s] -- Installing: /home/rajitha-niroshan/FYP/Repos/ROS2-Manipulator-Robot-with-Python/install/manipulator_description/share/ament_index/resource_index/packages/manipulator_description
[0.777s] -- Installing: /home/rajitha-niroshan/FYP/Repos/ROS2-Manipulator-Robot-with-Python/install/manipulator_description/share/manipulator_description/cmake/manipulator_descriptionConfig.cmake
[0.777s] -- Installing: /home/rajitha-niroshan/FYP/Repos/ROS2-Manipulator-Robot-with-Python/install/manipulator_description/share/manipulator_description/cmake/manipulator_descriptionConfig-version.cmake
[0.777s] -- Installing: /home/rajitha-niroshan/FYP/Repos/ROS2-Manipulator-Robot-with-Python/install/manipulator_description/share/manipulator_description/package.xml
[0.779s] Invoked command in '/home/rajitha-niroshan/FYP/Repos/ROS2-Manipulator-Robot-with-Python/build/manipulator_description' returned '0': CMAKE_PREFIX_PATH=${CMAKE_PREFIX_PATH}:/opt/ros/jazzy DEBUGINFOD_URLS=https://debuginfod.ubuntu.com /usr/bin/cmake --install /home/rajitha-niroshan/FYP/Repos/ROS2-Manipulator-Robot-with-Python/build/manipulator_description
