[0.009s] Invoking command in '/home/rajitha-niroshan/FYP/Repos/ROS2-Manipulator-Robot-with-Python/build/manipulator_description': CMAKE_PREFIX_PATH=${CMAKE_PREFIX_PATH}:/opt/ros/jazzy DEBUGINFOD_URLS=https://debuginfod.ubuntu.com /usr/bin/cmake --build /home/rajitha-niroshan/FYP/Repos/ROS2-Manipulator-Robot-with-Python/build/manipulator_description -- -j8 -l8
[0.028s] -- Found ament_cmake: 2.5.4 (/opt/ros/jazzy/share/ament_cmake/cmake)
[0.191s] -- Found ament_lint_auto: 0.17.3 (/opt/ros/jazzy/share/ament_lint_auto/cmake)
[0.261s] -- Added test 'lint_cmake' to check CMake code style
[0.262s] -- Added test 'xmllint' to check XML markup files
[0.262s] -- Configuring done (0.2s)
[0.264s] -- Generating done (0.0s)
[0.265s] -- Build files have been written to: /home/rajitha-niroshan/FYP/Repos/ROS2-Manipulator-Robot-with-Python/build/manipulator_description
[0.282s] Invoked command in '/home/rajitha-niroshan/FYP/Repos/ROS2-Manipulator-Robot-with-Python/build/manipulator_description' returned '0': CMAKE_PREFIX_PATH=${CMAKE_PREFIX_PATH}:/opt/ros/jazzy DEBUGINFOD_URLS=https://debuginfod.ubuntu.com /usr/bin/cmake --build /home/rajitha-niroshan/FYP/Repos/ROS2-Manipulator-Robot-with-Python/build/manipulator_description -- -j8 -l8
[0.289s] Invoking command in '/home/rajitha-niroshan/FYP/Repos/ROS2-Manipulator-Robot-with-Python/build/manipulator_description': CMAKE_PREFIX_PATH=${CMAKE_PREFIX_PATH}:/opt/ros/jazzy DEBUGINFOD_URLS=https://debuginfod.ubuntu.com /usr/bin/cmake --install /home/rajitha-niroshan/FYP/Repos/ROS2-Manipulator-Robot-with-Python/build/manipulator_description
[0.295s] -- Install configuration: ""
[0.295s] -- Installing: /home/rajitha-niroshan/FYP/Repos/ROS2-Manipulator-Robot-with-Python/install/manipulator_description/share/manipulator_description/urdf
[0.295s] -- Installing: /home/rajitha-niroshan/FYP/Repos/ROS2-Manipulator-Robot-with-Python/install/manipulator_description/share/manipulator_description/urdf/manipulator.urdf.xacro
[0.295s] -- Installing: /home/rajitha-niroshan/FYP/Repos/ROS2-Manipulator-Robot-with-Python/install/manipulator_description/share/manipulator_description/meshes
[0.295s] -- Installing: /home/rajitha-niroshan/FYP/Repos/ROS2-Manipulator-Robot-with-Python/install/manipulator_description/share/manipulator_description/meshes/left_finger.STL
[0.295s] -- Installing: /home/rajitha-niroshan/FYP/Repos/ROS2-Manipulator-Robot-with-Python/install/manipulator_description/share/manipulator_description/meshes/vertical_drive_arm.STL
[0.296s] -- Installing: /home/rajitha-niroshan/FYP/Repos/ROS2-Manipulator-Robot-with-Python/install/manipulator_description/share/manipulator_description/meshes/base_plate.STL
[0.297s] -- Installing: /home/rajitha-niroshan/FYP/Repos/ROS2-Manipulator-Robot-with-Python/install/manipulator_description/share/manipulator_description/meshes/servo_plate.STL
[0.297s] -- Installing: /home/rajitha-niroshan/FYP/Repos/ROS2-Manipulator-Robot-with-Python/install/manipulator_description/share/manipulator_description/meshes/claw_support.STL
[0.297s] -- Installing: /home/rajitha-niroshan/FYP/Repos/ROS2-Manipulator-Robot-with-Python/install/manipulator_description/share/manipulator_description/meshes/link.STL
[0.298s] -- Installing: /home/rajitha-niroshan/FYP/Repos/ROS2-Manipulator-Robot-with-Python/install/manipulator_description/share/manipulator_description/meshes/horizontal_arm.STL
[0.299s] -- Installing: /home/rajitha-niroshan/FYP/Repos/ROS2-Manipulator-Robot-with-Python/install/manipulator_description/share/manipulator_description/meshes/triangular_link.STL
[0.299s] -- Installing: /home/rajitha-niroshan/FYP/Repos/ROS2-Manipulator-Robot-with-Python/install/manipulator_description/share/manipulator_description/meshes/basement.STL
[0.300s] -- Installing: /home/rajitha-niroshan/FYP/Repos/ROS2-Manipulator-Robot-with-Python/install/manipulator_description/share/manipulator_description/meshes/forward_drive_arm.STL
[0.301s] -- Installing: /home/rajitha-niroshan/FYP/Repos/ROS2-Manipulator-Robot-with-Python/install/manipulator_description/share/manipulator_description/meshes/plate.STL
[0.303s] -- Installing: /home/rajitha-niroshan/FYP/Repos/ROS2-Manipulator-Robot-with-Python/install/manipulator_description/share/manipulator_description/meshes/round_plate.STL
[0.303s] -- Installing: /home/rajitha-niroshan/FYP/Repos/ROS2-Manipulator-Robot-with-Python/install/manipulator_description/share/manipulator_description/meshes/right_finger.STL
[0.303s] -- Installing: /home/rajitha-niroshan/FYP/Repos/ROS2-Manipulator-Robot-with-Python/install/manipulator_description/share/manipulator_description/launch
[0.303s] -- Installing: /home/rajitha-niroshan/FYP/Repos/ROS2-Manipulator-Robot-with-Python/install/manipulator_description/share/manipulator_description/rviz
[0.303s] -- Up-to-date: /home/rajitha-niroshan/FYP/Repos/ROS2-Manipulator-Robot-with-Python/install/manipulator_description/share/ament_index/resource_index/package_run_dependencies/manipulator_description
[0.303s] -- Up-to-date: /home/rajitha-niroshan/FYP/Repos/ROS2-Manipulator-Robot-with-Python/install/manipulator_description/share/ament_index/resource_index/parent_prefix_path/manipulator_description
[0.304s] -- Up-to-date: /home/rajitha-niroshan/FYP/Repos/ROS2-Manipulator-Robot-with-Python/install/manipulator_description/share/manipulator_description/environment/ament_prefix_path.sh
[0.304s] -- Up-to-date: /home/rajitha-niroshan/FYP/Repos/ROS2-Manipulator-Robot-with-Python/install/manipulator_description/share/manipulator_description/environment/ament_prefix_path.dsv
[0.304s] -- Up-to-date: /home/rajitha-niroshan/FYP/Repos/ROS2-Manipulator-Robot-with-Python/install/manipulator_description/share/manipulator_description/environment/path.sh
[0.304s] -- Up-to-date: /home/rajitha-niroshan/FYP/Repos/ROS2-Manipulator-Robot-with-Python/install/manipulator_description/share/manipulator_description/environment/path.dsv
[0.304s] -- Up-to-date: /home/rajitha-niroshan/FYP/Repos/ROS2-Manipulator-Robot-with-Python/install/manipulator_description/share/manipulator_description/local_setup.bash
[0.304s] -- Up-to-date: /home/rajitha-niroshan/FYP/Repos/ROS2-Manipulator-Robot-with-Python/install/manipulator_description/share/manipulator_description/local_setup.sh
[0.304s] -- Up-to-date: /home/rajitha-niroshan/FYP/Repos/ROS2-Manipulator-Robot-with-Python/install/manipulator_description/share/manipulator_description/local_setup.zsh
[0.304s] -- Up-to-date: /home/rajitha-niroshan/FYP/Repos/ROS2-Manipulator-Robot-with-Python/install/manipulator_description/share/manipulator_description/local_setup.dsv
[0.304s] -- Up-to-date: /home/rajitha-niroshan/FYP/Repos/ROS2-Manipulator-Robot-with-Python/install/manipulator_description/share/manipulator_description/package.dsv
[0.304s] -- Up-to-date: /home/rajitha-niroshan/FYP/Repos/ROS2-Manipulator-Robot-with-Python/install/manipulator_description/share/ament_index/resource_index/packages/manipulator_description
[0.304s] -- Up-to-date: /home/rajitha-niroshan/FYP/Repos/ROS2-Manipulator-Robot-with-Python/install/manipulator_description/share/manipulator_description/cmake/manipulator_descriptionConfig.cmake
[0.304s] -- Up-to-date: /home/rajitha-niroshan/FYP/Repos/ROS2-Manipulator-Robot-with-Python/install/manipulator_description/share/manipulator_description/cmake/manipulator_descriptionConfig-version.cmake
[0.304s] -- Installing: /home/rajitha-niroshan/FYP/Repos/ROS2-Manipulator-Robot-with-Python/install/manipulator_description/share/manipulator_description/package.xml
[0.305s] Invoked command in '/home/rajitha-niroshan/FYP/Repos/ROS2-Manipulator-Robot-with-Python/build/manipulator_description' returned '0': CMAKE_PREFIX_PATH=${CMAKE_PREFIX_PATH}:/opt/ros/jazzy DEBUGINFOD_URLS=https://debuginfod.ubuntu.com /usr/bin/cmake --install /home/rajitha-niroshan/FYP/Repos/ROS2-Manipulator-Robot-with-Python/build/manipulator_description
