[0.681s] Invoking command in '/home/rajitha-niroshan/FYP/Repos/Others/ROS2-Manipulator-Robot-with-Python/src/manipulator_py_examples': AMENT_PREFIX_PATH=/home/rajitha-niroshan/FYP/Repos/Others/ROS2-Manipulator-Robot-with-Python/install/manipulator_msgs:${AMENT_PREFIX_PATH} CMAKE_PREFIX_PATH=/home/rajitha-niroshan/FYP/Repos/Others/ROS2-Manipulator-Robot-with-Python/install/manipulator_msgs:${CMAKE_PREFIX_PATH} DEBUGINFOD_URLS=https://debuginfod.ubuntu.com LD_LIBRARY_PATH=/home/rajitha-niroshan/FYP/Repos/Others/ROS2-Manipulator-Robot-with-Python/install/manipulator_msgs/lib:${LD_LIBRARY_PATH} PYTHONPATH=/home/rajitha-niroshan/FYP/Repos/Others/ROS2-Manipulator-Robot-with-Python/build/manipulator_py_examples/prefix_override:/usr/lib/python3/dist-packages/colcon_core/task/python/colcon_distutils_commands:/home/rajitha-niroshan/FYP/Repos/Others/ROS2-Manipulator-Robot-with-Python/install/manipulator_py_examples/lib/python3.12/site-packages:/home/rajitha-niroshan/FYP/Repos/Others/ROS2-Manipulator-Robot-with-Python/install/manipulator_msgs/lib/python3.12/site-packages:${PYTHONPATH} /usr/bin/python3 -W ignore:setup.py install is deprecated -W ignore:easy_install command is deprecated setup.py egg_info --egg-base ../../build/manipulator_py_examples build --build-base /home/rajitha-niroshan/FYP/Repos/Others/ROS2-Manipulator-Robot-with-Python/build/manipulator_py_examples/build install --record /home/rajitha-niroshan/FYP/Repos/Others/ROS2-Manipulator-Robot-with-Python/build/manipulator_py_examples/install.log --single-version-externally-managed install_data
[0.906s] running egg_info
[0.922s] writing ../../build/manipulator_py_examples/manipulator_py_examples.egg-info/PKG-INFO
[0.923s] writing dependency_links to ../../build/manipulator_py_examples/manipulator_py_examples.egg-info/dependency_links.txt
[0.923s] writing entry points to ../../build/manipulator_py_examples/manipulator_py_examples.egg-info/entry_points.txt
[0.923s] writing requirements to ../../build/manipulator_py_examples/manipulator_py_examples.egg-info/requires.txt
[0.923s] writing top-level names to ../../build/manipulator_py_examples/manipulator_py_examples.egg-info/top_level.txt
[0.957s] reading manifest file '../../build/manipulator_py_examples/manipulator_py_examples.egg-info/SOURCES.txt'
[0.957s] writing manifest file '../../build/manipulator_py_examples/manipulator_py_examples.egg-info/SOURCES.txt'
[0.957s] running build
[0.958s] running build_py
[0.958s] running install
[0.963s] running install_lib
[0.979s] running install_data
[0.979s] running install_egg_info
[0.995s] removing '/home/rajitha-niroshan/FYP/Repos/Others/ROS2-Manipulator-Robot-with-Python/install/manipulator_py_examples/lib/python3.12/site-packages/manipulator_py_examples-0.0.0-py3.12.egg-info' (and everything under it)
[0.995s] Copying ../../build/manipulator_py_examples/manipulator_py_examples.egg-info to /home/rajitha-niroshan/FYP/Repos/Others/ROS2-Manipulator-Robot-with-Python/install/manipulator_py_examples/lib/python3.12/site-packages/manipulator_py_examples-0.0.0-py3.12.egg-info
[0.996s] running install_scripts
[1.097s] Installing simple_service_client script to /home/rajitha-niroshan/FYP/Repos/Others/ROS2-Manipulator-Robot-with-Python/install/manipulator_py_examples/lib/manipulator_py_examples
[1.097s] Installing simple_service_server script to /home/rajitha-niroshan/FYP/Repos/Others/ROS2-Manipulator-Robot-with-Python/install/manipulator_py_examples/lib/manipulator_py_examples
[1.097s] writing list of installed files to '/home/rajitha-niroshan/FYP/Repos/Others/ROS2-Manipulator-Robot-with-Python/build/manipulator_py_examples/install.log'
[1.118s] Invoked command in '/home/rajitha-niroshan/FYP/Repos/Others/ROS2-Manipulator-Robot-with-Python/src/manipulator_py_examples' returned '0': AMENT_PREFIX_PATH=/home/rajitha-niroshan/FYP/Repos/Others/ROS2-Manipulator-Robot-with-Python/install/manipulator_msgs:${AMENT_PREFIX_PATH} CMAKE_PREFIX_PATH=/home/rajitha-niroshan/FYP/Repos/Others/ROS2-Manipulator-Robot-with-Python/install/manipulator_msgs:${CMAKE_PREFIX_PATH} DEBUGINFOD_URLS=https://debuginfod.ubuntu.com LD_LIBRARY_PATH=/home/rajitha-niroshan/FYP/Repos/Others/ROS2-Manipulator-Robot-with-Python/install/manipulator_msgs/lib:${LD_LIBRARY_PATH} PYTHONPATH=/home/rajitha-niroshan/FYP/Repos/Others/ROS2-Manipulator-Robot-with-Python/build/manipulator_py_examples/prefix_override:/usr/lib/python3/dist-packages/colcon_core/task/python/colcon_distutils_commands:/home/rajitha-niroshan/FYP/Repos/Others/ROS2-Manipulator-Robot-with-Python/install/manipulator_py_examples/lib/python3.12/site-packages:/home/rajitha-niroshan/FYP/Repos/Others/ROS2-Manipulator-Robot-with-Python/install/manipulator_msgs/lib/python3.12/site-packages:${PYTHONPATH} /usr/bin/python3 -W ignore:setup.py install is deprecated -W ignore:easy_install command is deprecated setup.py egg_info --egg-base ../../build/manipulator_py_examples build --build-base /home/rajitha-niroshan/FYP/Repos/Others/ROS2-Manipulator-Robot-with-Python/build/manipulator_py_examples/build install --record /home/rajitha-niroshan/FYP/Repos/Others/ROS2-Manipulator-Robot-with-Python/build/manipulator_py_examples/install.log --single-version-externally-managed install_data
