[0.012s] Invoking command in '/home/rajitha-niroshan/FYP/Repos/Others/our_arm_v2/build/manipulator_description': CMAKE_PREFIX_PATH=${CMAKE_PREFIX_PATH}:/opt/ros/jazzy DEBUGINFOD_URLS=https://debuginfod.ubuntu.com /usr/bin/cmake /home/rajitha-niroshan/FYP/Repos/Others/our_arm_v2/src/manipulator_description -DCMAKE_INSTALL_PREFIX=/home/rajitha-niroshan/FYP/Repos/Others/our_arm_v2/install/manipulator_description
[0.124s] -- The C compiler identification is GNU 13.3.0
[0.214s] -- The CXX compiler identification is GNU 13.3.0
[0.229s] -- Detecting C compiler ABI info
[0.302s] -- Detecting C compiler ABI info - done
[0.314s] -- Check for working C compiler: /usr/bin/cc - skipped
[0.314s] -- Detecting C compile features
[0.315s] -- Detecting C compile features - done
[0.322s] -- Detecting CXX compiler ABI info
[0.408s] -- Detecting CXX compiler ABI info - done
[0.417s] -- Check for working CXX compiler: /usr/bin/c++ - skipped
[0.417s] -- Detecting CXX compile features
[0.417s] -- Detecting CXX compile features - done
[0.429s] -- Found ament_cmake: 2.5.4 (/opt/ros/jazzy/share/ament_cmake/cmake)
[0.556s] -- Found Python3: /usr/bin/python3 (found version "3.12.3") found components: Interpreter 
[0.673s] -- Found ament_lint_auto: 0.17.3 (/opt/ros/jazzy/share/ament_lint_auto/cmake)
[0.774s] -- Added test 'flake8' to check Python code syntax and style conventions
[0.774s] -- Configured 'flake8' exclude dirs and/or files: 
[0.775s] -- Added test 'lint_cmake' to check CMake code style
[0.776s] -- Added test 'pep257' to check Python code against some of the docstring style conventions in PEP 257
[0.777s] -- Added test 'xmllint' to check XML markup files
[0.779s] -- Configuring done (0.8s)
[0.781s] -- Generating done (0.0s)
[0.783s] -- Build files have been written to: /home/rajitha-niroshan/FYP/Repos/Others/our_arm_v2/build/manipulator_description
[0.788s] Invoked command in '/home/rajitha-niroshan/FYP/Repos/Others/our_arm_v2/build/manipulator_description' returned '0': CMAKE_PREFIX_PATH=${CMAKE_PREFIX_PATH}:/opt/ros/jazzy DEBUGINFOD_URLS=https://debuginfod.ubuntu.com /usr/bin/cmake /home/rajitha-niroshan/FYP/Repos/Others/our_arm_v2/src/manipulator_description -DCMAKE_INSTALL_PREFIX=/home/rajitha-niroshan/FYP/Repos/Others/our_arm_v2/install/manipulator_description
[0.789s] Invoking command in '/home/rajitha-niroshan/FYP/Repos/Others/our_arm_v2/build/manipulator_description': CMAKE_PREFIX_PATH=${CMAKE_PREFIX_PATH}:/opt/ros/jazzy DEBUGINFOD_URLS=https://debuginfod.ubuntu.com /usr/bin/cmake --build /home/rajitha-niroshan/FYP/Repos/Others/our_arm_v2/build/manipulator_description -- -j8 -l8
[0.824s] Invoked command in '/home/rajitha-niroshan/FYP/Repos/Others/our_arm_v2/build/manipulator_description' returned '0': CMAKE_PREFIX_PATH=${CMAKE_PREFIX_PATH}:/opt/ros/jazzy DEBUGINFOD_URLS=https://debuginfod.ubuntu.com /usr/bin/cmake --build /home/rajitha-niroshan/FYP/Repos/Others/our_arm_v2/build/manipulator_description -- -j8 -l8
[0.831s] Invoking command in '/home/rajitha-niroshan/FYP/Repos/Others/our_arm_v2/build/manipulator_description': CMAKE_PREFIX_PATH=${CMAKE_PREFIX_PATH}:/opt/ros/jazzy DEBUGINFOD_URLS=https://debuginfod.ubuntu.com /usr/bin/cmake --install /home/rajitha-niroshan/FYP/Repos/Others/our_arm_v2/build/manipulator_description
[0.837s] -- Install configuration: ""
[0.837s] -- Installing: /home/rajitha-niroshan/FYP/Repos/Others/our_arm_v2/install/manipulator_description/share/manipulator_description/urdf
[0.837s] -- Installing: /home/rajitha-niroshan/FYP/Repos/Others/our_arm_v2/install/manipulator_description/share/manipulator_description/urdf/manipulator_ros2_control.xacro
[0.837s] -- Installing: /home/rajitha-niroshan/FYP/Repos/Others/our_arm_v2/install/manipulator_description/share/manipulator_description/urdf/manipulator.urdf.xacro
[0.837s] -- Installing: /home/rajitha-niroshan/FYP/Repos/Others/our_arm_v2/install/manipulator_description/share/manipulator_description/urdf/manipulator_gazebo.xacro
[0.837s] -- Installing: /home/rajitha-niroshan/FYP/Repos/Others/our_arm_v2/install/manipulator_description/share/manipulator_description/meshes
[0.837s] -- Installing: /home/rajitha-niroshan/FYP/Repos/Others/our_arm_v2/install/manipulator_description/share/manipulator_description/meshes/left_finger.STL
[0.837s] -- Installing: /home/rajitha-niroshan/FYP/Repos/Others/our_arm_v2/install/manipulator_description/share/manipulator_description/meshes/vertical_drive_arm.STL
[0.837s] -- Installing: /home/rajitha-niroshan/FYP/Repos/Others/our_arm_v2/install/manipulator_description/share/manipulator_description/meshes/base_plate.STL
[0.840s] -- Installing: /home/rajitha-niroshan/FYP/Repos/Others/our_arm_v2/install/manipulator_description/share/manipulator_description/meshes/servo_plate.STL
[0.840s] -- Installing: /home/rajitha-niroshan/FYP/Repos/Others/our_arm_v2/install/manipulator_description/share/manipulator_description/meshes/claw_support.STL
[0.840s] -- Installing: /home/rajitha-niroshan/FYP/Repos/Others/our_arm_v2/install/manipulator_description/share/manipulator_description/meshes/link.STL
[0.841s] -- Installing: /home/rajitha-niroshan/FYP/Repos/Others/our_arm_v2/install/manipulator_description/share/manipulator_description/meshes/horizontal_arm.STL
[0.842s] -- Installing: /home/rajitha-niroshan/FYP/Repos/Others/our_arm_v2/install/manipulator_description/share/manipulator_description/meshes/triangular_link.STL
[0.842s] -- Installing: /home/rajitha-niroshan/FYP/Repos/Others/our_arm_v2/install/manipulator_description/share/manipulator_description/meshes/basement.STL
[0.844s] -- Installing: /home/rajitha-niroshan/FYP/Repos/Others/our_arm_v2/install/manipulator_description/share/manipulator_description/meshes/forward_drive_arm.STL
[0.844s] -- Installing: /home/rajitha-niroshan/FYP/Repos/Others/our_arm_v2/install/manipulator_description/share/manipulator_description/meshes/plate.STL
[0.846s] -- Installing: /home/rajitha-niroshan/FYP/Repos/Others/our_arm_v2/install/manipulator_description/share/manipulator_description/meshes/pi_camera.STL
[0.846s] -- Installing: /home/rajitha-niroshan/FYP/Repos/Others/our_arm_v2/install/manipulator_description/share/manipulator_description/meshes/round_plate.STL
[0.847s] -- Installing: /home/rajitha-niroshan/FYP/Repos/Others/our_arm_v2/install/manipulator_description/share/manipulator_description/meshes/right_finger.STL
[0.847s] -- Installing: /home/rajitha-niroshan/FYP/Repos/Others/our_arm_v2/install/manipulator_description/share/manipulator_description/launch
[0.848s] -- Installing: /home/rajitha-niroshan/FYP/Repos/Others/our_arm_v2/install/manipulator_description/share/manipulator_description/launch/gazebo.launch.py
[0.848s] -- Installing: /home/rajitha-niroshan/FYP/Repos/Others/our_arm_v2/install/manipulator_description/share/manipulator_description/launch/display.launch.py
[0.848s] -- Installing: /home/rajitha-niroshan/FYP/Repos/Others/our_arm_v2/install/manipulator_description/share/manipulator_description/rviz
[0.848s] -- Installing: /home/rajitha-niroshan/FYP/Repos/Others/our_arm_v2/install/manipulator_description/share/manipulator_description/rviz/display.rviz
[0.848s] -- Installing: /home/rajitha-niroshan/FYP/Repos/Others/our_arm_v2/install/manipulator_description/share/ament_index/resource_index/package_run_dependencies/manipulator_description
[0.848s] -- Installing: /home/rajitha-niroshan/FYP/Repos/Others/our_arm_v2/install/manipulator_description/share/ament_index/resource_index/parent_prefix_path/manipulator_description
[0.848s] -- Installing: /home/rajitha-niroshan/FYP/Repos/Others/our_arm_v2/install/manipulator_description/share/manipulator_description/environment/ament_prefix_path.sh
[0.848s] -- Installing: /home/rajitha-niroshan/FYP/Repos/Others/our_arm_v2/install/manipulator_description/share/manipulator_description/environment/ament_prefix_path.dsv
[0.848s] -- Installing: /home/rajitha-niroshan/FYP/Repos/Others/our_arm_v2/install/manipulator_description/share/manipulator_description/environment/path.sh
[0.848s] -- Installing: /home/rajitha-niroshan/FYP/Repos/Others/our_arm_v2/install/manipulator_description/share/manipulator_description/environment/path.dsv
[0.848s] -- Installing: /home/rajitha-niroshan/FYP/Repos/Others/our_arm_v2/install/manipulator_description/share/manipulator_description/local_setup.bash
[0.848s] -- Installing: /home/rajitha-niroshan/FYP/Repos/Others/our_arm_v2/install/manipulator_description/share/manipulator_description/local_setup.sh
[0.849s] -- Installing: /home/rajitha-niroshan/FYP/Repos/Others/our_arm_v2/install/manipulator_description/share/manipulator_description/local_setup.zsh
[0.849s] -- Installing: /home/rajitha-niroshan/FYP/Repos/Others/our_arm_v2/install/manipulator_description/share/manipulator_description/local_setup.dsv
[0.849s] -- Installing: /home/rajitha-niroshan/FYP/Repos/Others/our_arm_v2/install/manipulator_description/share/manipulator_description/package.dsv
[0.849s] -- Installing: /home/rajitha-niroshan/FYP/Repos/Others/our_arm_v2/install/manipulator_description/share/ament_index/resource_index/packages/manipulator_description
[0.849s] -- Installing: /home/rajitha-niroshan/FYP/Repos/Others/our_arm_v2/install/manipulator_description/share/manipulator_description/cmake/manipulator_descriptionConfig.cmake
[0.849s] -- Installing: /home/rajitha-niroshan/FYP/Repos/Others/our_arm_v2/install/manipulator_description/share/manipulator_description/cmake/manipulator_descriptionConfig-version.cmake
[0.849s] -- Installing: /home/rajitha-niroshan/FYP/Repos/Others/our_arm_v2/install/manipulator_description/share/manipulator_description/package.xml
[0.854s] Invoked command in '/home/rajitha-niroshan/FYP/Repos/Others/our_arm_v2/build/manipulator_description' returned '0': CMAKE_PREFIX_PATH=${CMAKE_PREFIX_PATH}:/opt/ros/jazzy DEBUGINFOD_URLS=https://debuginfod.ubuntu.com /usr/bin/cmake --install /home/rajitha-niroshan/FYP/Repos/Others/our_arm_v2/build/manipulator_description
