[0.017s] Invoking command in '/home/rajitha-niroshan/FYP/Repos/Others/ROS2-Manipulator-Robot-with-Python/build/manipulator_msgs': CMAKE_PREFIX_PATH=${CMAKE_PREFIX_PATH}:/opt/ros/jazzy DEBUGINFOD_URLS=https://debuginfod.ubuntu.com /usr/bin/cmake /home/rajitha-niroshan/FYP/Repos/Others/ROS2-Manipulator-Robot-with-Python/src/manipulator_msgs -DCMAKE_INSTALL_PREFIX=/home/rajitha-niroshan/FYP/Repos/Others/ROS2-Manipulator-Robot-with-Python/install/manipulator_msgs
[0.075s] -- The C compiler identification is GNU 13.3.0
[0.158s] -- The CXX compiler identification is GNU 13.3.0
[0.181s] -- Detecting C compiler ABI info
[0.302s] -- Detecting C compiler ABI info - done
[0.320s] -- Check for working C compiler: /usr/bin/cc - skipped
[0.321s] -- Detecting C compile features
[0.321s] -- Detecting C compile features - done
[0.337s] -- Detecting CXX compiler ABI info
[0.462s] -- Detecting CXX compiler ABI info - done
[0.477s] -- Check for working CXX compiler: /usr/bin/c++ - skipped
[0.478s] -- Detecting CXX compile features
[0.478s] -- Detecting CXX compile features - done
[0.483s] -- Found ament_cmake: 2.5.4 (/opt/ros/jazzy/share/ament_cmake/cmake)
[0.673s] -- Found Python3: /usr/bin/python3 (found version "3.12.3") found components: Interpreter 
[0.829s] -- Found std_msgs: 5.3.6 (/opt/ros/jazzy/share/std_msgs/cmake)
[0.892s] -- Found rosidl_generator_c: 4.6.6 (/opt/ros/jazzy/share/rosidl_generator_c/cmake)
[0.913s] -- Found rosidl_generator_cpp: 4.6.6 (/opt/ros/jazzy/share/rosidl_generator_cpp/cmake)
[0.935s] -- Using all available rosidl_typesupport_c: rosidl_typesupport_fastrtps_c;rosidl_typesupport_introspection_c
[0.966s] -- Using all available rosidl_typesupport_cpp: rosidl_typesupport_fastrtps_cpp;rosidl_typesupport_introspection_cpp
[1.013s] -- Found rosidl_default_generators: 1.6.0 (/opt/ros/jazzy/share/rosidl_default_generators/cmake)
[1.035s] -- Found rosidl_adapter: 4.6.6 (/opt/ros/jazzy/share/rosidl_adapter/cmake)
[1.984s] -- Found ament_cmake_ros: 0.12.0 (/opt/ros/jazzy/share/ament_cmake_ros/cmake)
[2.941s] -- Using all available rosidl_typesupport_c: rosidl_typesupport_fastrtps_c;rosidl_typesupport_introspection_c
[3.347s] -- Using all available rosidl_typesupport_cpp: rosidl_typesupport_fastrtps_cpp;rosidl_typesupport_introspection_cpp
[3.355s] -- Found python_cmake_module: 0.11.1 (/opt/ros/jazzy/share/python_cmake_module/cmake)
[3.554s] -- Found PythonExtra: /usr/bin/python3  
[4.028s] -- Found Python3: /usr/bin/python3 (found version "3.12.3") found components: Interpreter Development NumPy Development.Module Development.Embed 
[4.074s] -- Found ament_lint_auto: 0.17.3 (/opt/ros/jazzy/share/ament_lint_auto/cmake)
[4.127s] -- Added test 'lint_cmake' to check CMake code style
[4.129s] -- Added test 'xmllint' to check XML markup files
[4.132s] -- Configuring done (4.1s)
[4.182s] -- Generating done (0.0s)
[4.194s] -- Build files have been written to: /home/rajitha-niroshan/FYP/Repos/Others/ROS2-Manipulator-Robot-with-Python/build/manipulator_msgs
[4.205s] Invoked command in '/home/rajitha-niroshan/FYP/Repos/Others/ROS2-Manipulator-Robot-with-Python/build/manipulator_msgs' returned '0': CMAKE_PREFIX_PATH=${CMAKE_PREFIX_PATH}:/opt/ros/jazzy DEBUGINFOD_URLS=https://debuginfod.ubuntu.com /usr/bin/cmake /home/rajitha-niroshan/FYP/Repos/Others/ROS2-Manipulator-Robot-with-Python/src/manipulator_msgs -DCMAKE_INSTALL_PREFIX=/home/rajitha-niroshan/FYP/Repos/Others/ROS2-Manipulator-Robot-with-Python/install/manipulator_msgs
[4.206s] Invoking command in '/home/rajitha-niroshan/FYP/Repos/Others/ROS2-Manipulator-Robot-with-Python/build/manipulator_msgs': CMAKE_PREFIX_PATH=${CMAKE_PREFIX_PATH}:/opt/ros/jazzy DEBUGINFOD_URLS=https://debuginfod.ubuntu.com /usr/bin/cmake --build /home/rajitha-niroshan/FYP/Repos/Others/ROS2-Manipulator-Robot-with-Python/build/manipulator_msgs -- -j8 -l8
[4.262s] [  1%] [34m[1mGenerating type hashes for ROS interfaces[0m
[4.274s] [  1%] Built target ament_cmake_python_copy_manipulator_msgs
[4.557s] running egg_info
[4.558s] creating manipulator_msgs.egg-info
[4.582s] writing manipulator_msgs.egg-info/PKG-INFO
[4.582s] writing dependency_links to manipulator_msgs.egg-info/dependency_links.txt
[4.582s] writing top-level names to manipulator_msgs.egg-info/top_level.txt
[4.582s] writing manifest file 'manipulator_msgs.egg-info/SOURCES.txt'
[4.591s] [  1%] Built target manipulator_msgs__rosidl_generator_type_description
[4.602s] [  3%] [34m[1mGenerating C code for ROS interfaces[0m
[4.614s] [  5%] [34m[1mGenerating C++ code for ROS interfaces[0m
[4.653s] reading manifest file 'manipulator_msgs.egg-info/SOURCES.txt'
[4.653s] writing manifest file 'manipulator_msgs.egg-info/SOURCES.txt'
[4.685s] [  5%] Built target ament_cmake_python_build_manipulator_msgs_egg
[5.141s] [  5%] Built target manipulator_msgs__cpp
[5.226s] [  7%] [32mBuilding C object CMakeFiles/manipulator_msgs__rosidl_generator_c.dir/rosidl_generator_c/manipulator_msgs/srv/detail/quaternion_to_euler__description.c.o[0m
[5.226s] [  9%] [32mBuilding C object CMakeFiles/manipulator_msgs__rosidl_generator_c.dir/rosidl_generator_c/manipulator_msgs/srv/detail/euler_to_quaternion__description.c.o[0m
[5.228s] [ 11%] [32mBuilding C object CMakeFiles/manipulator_msgs__rosidl_generator_c.dir/rosidl_generator_c/manipulator_msgs/srv/detail/add_two_ints__functions.c.o[0m
[5.228s] [ 12%] [32mBuilding C object CMakeFiles/manipulator_msgs__rosidl_generator_c.dir/rosidl_generator_c/manipulator_msgs/srv/detail/add_two_ints__description.c.o[0m
[5.228s] [ 18%] [32mBuilding C object CMakeFiles/manipulator_msgs__rosidl_generator_c.dir/rosidl_generator_c/manipulator_msgs/srv/detail/quaternion_to_euler__functions.c.o[0m
[5.228s] [ 18%] [32mBuilding C object CMakeFiles/manipulator_msgs__rosidl_generator_c.dir/rosidl_generator_c/manipulator_msgs/srv/detail/quaternion_to_euler__type_support.c.o[0m
[5.229s] [ 18%] [32mBuilding C object CMakeFiles/manipulator_msgs__rosidl_generator_c.dir/rosidl_generator_c/manipulator_msgs/srv/detail/add_two_ints__type_support.c.o[0m
[5.237s] [ 20%] [32mBuilding C object CMakeFiles/manipulator_msgs__rosidl_generator_c.dir/rosidl_generator_c/manipulator_msgs/srv/detail/euler_to_quaternion__functions.c.o[0m
[5.289s] [ 22%] [32mBuilding C object CMakeFiles/manipulator_msgs__rosidl_generator_c.dir/rosidl_generator_c/manipulator_msgs/srv/detail/euler_to_quaternion__type_support.c.o[0m
[5.341s] [ 24%] [32m[1mLinking C shared library libmanipulator_msgs__rosidl_generator_c.so[0m
[5.402s] [ 24%] Built target manipulator_msgs__rosidl_generator_c
[5.424s] [ 25%] [34m[1mGenerating C type support for eProsima Fast-RTPS[0m
[5.425s] [ 27%] [34m[1mGenerating C++ type support for eProsima Fast-RTPS[0m
[5.427s] [ 29%] [34m[1mGenerating C introspection for ROS interfaces[0m
[5.428s] [ 31%] [34m[1mGenerating C++ type support dispatch for ROS interfaces[0m
[5.428s] [ 33%] [34m[1mGenerating C++ introspection for ROS interfaces[0m
[5.429s] [ 35%] [34m[1mGenerating C type support dispatch for ROS interfaces[0m
[5.912s] [ 38%] [32mBuilding CXX object CMakeFiles/manipulator_msgs__rosidl_typesupport_introspection_cpp.dir/rosidl_typesupport_introspection_cpp/manipulator_msgs/srv/detail/add_two_ints__type_support.cpp.o[0m
[5.914s] [ 38%] [32mBuilding CXX object CMakeFiles/manipulator_msgs__rosidl_typesupport_introspection_cpp.dir/rosidl_typesupport_introspection_cpp/manipulator_msgs/srv/detail/euler_to_quaternion__type_support.cpp.o[0m
[5.918s] [ 40%] [32mBuilding CXX object CMakeFiles/manipulator_msgs__rosidl_typesupport_introspection_cpp.dir/rosidl_typesupport_introspection_cpp/manipulator_msgs/srv/detail/quaternion_to_euler__type_support.cpp.o[0m
[6.118s] [ 42%] [32mBuilding CXX object CMakeFiles/manipulator_msgs__rosidl_typesupport_cpp.dir/rosidl_typesupport_cpp/manipulator_msgs/srv/add_two_ints__type_support.cpp.o[0m
[6.140s] [ 44%] [32mBuilding CXX object CMakeFiles/manipulator_msgs__rosidl_typesupport_c.dir/rosidl_typesupport_c/manipulator_msgs/srv/add_two_ints__type_support.cpp.o[0m
[6.213s] [ 46%] [32mBuilding CXX object CMakeFiles/manipulator_msgs__rosidl_typesupport_c.dir/rosidl_typesupport_c/manipulator_msgs/srv/quaternion_to_euler__type_support.cpp.o[0m
[6.288s] [ 48%] [32mBuilding C object CMakeFiles/manipulator_msgs__rosidl_typesupport_introspection_c.dir/rosidl_typesupport_introspection_c/manipulator_msgs/srv/detail/add_two_ints__type_support.c.o[0m
[6.292s] [ 50%] [32mBuilding CXX object CMakeFiles/manipulator_msgs__rosidl_typesupport_c.dir/rosidl_typesupport_c/manipulator_msgs/srv/euler_to_quaternion__type_support.cpp.o[0m
[6.363s] [ 51%] [32mBuilding C object CMakeFiles/manipulator_msgs__rosidl_typesupport_introspection_c.dir/rosidl_typesupport_introspection_c/manipulator_msgs/srv/detail/quaternion_to_euler__type_support.c.o[0m
[6.364s] [ 53%] [32m[1mLinking CXX shared library libmanipulator_msgs__rosidl_typesupport_c.so[0m
[6.401s] [ 55%] [32mBuilding CXX object CMakeFiles/manipulator_msgs__rosidl_typesupport_fastrtps_cpp.dir/rosidl_typesupport_fastrtps_cpp/manipulator_msgs/srv/detail/dds_fastrtps/add_two_ints__type_support.cpp.o[0m
[6.437s] [ 55%] Built target manipulator_msgs__rosidl_typesupport_c
[6.438s] [ 57%] [32mBuilding C object CMakeFiles/manipulator_msgs__rosidl_typesupport_introspection_c.dir/rosidl_typesupport_introspection_c/manipulator_msgs/srv/detail/euler_to_quaternion__type_support.c.o[0m
[6.452s] [ 59%] [32mBuilding CXX object CMakeFiles/manipulator_msgs__rosidl_typesupport_fastrtps_cpp.dir/rosidl_typesupport_fastrtps_cpp/manipulator_msgs/srv/detail/dds_fastrtps/quaternion_to_euler__type_support.cpp.o[0m
[6.533s] [ 61%] [32m[1mLinking C shared library libmanipulator_msgs__rosidl_typesupport_introspection_c.so[0m
[6.580s] [ 61%] Built target manipulator_msgs__rosidl_typesupport_introspection_c
[6.582s] [ 62%] [32mBuilding CXX object CMakeFiles/manipulator_msgs__rosidl_typesupport_cpp.dir/rosidl_typesupport_cpp/manipulator_msgs/srv/quaternion_to_euler__type_support.cpp.o[0m
[6.585s] [ 64%] [32mBuilding CXX object CMakeFiles/manipulator_msgs__rosidl_typesupport_cpp.dir/rosidl_typesupport_cpp/manipulator_msgs/srv/euler_to_quaternion__type_support.cpp.o[0m
[6.598s] [ 66%] [32mBuilding CXX object CMakeFiles/manipulator_msgs__rosidl_typesupport_fastrtps_cpp.dir/rosidl_typesupport_fastrtps_cpp/manipulator_msgs/srv/detail/dds_fastrtps/euler_to_quaternion__type_support.cpp.o[0m
[6.625s] [ 68%] [32mBuilding CXX object CMakeFiles/manipulator_msgs__rosidl_typesupport_fastrtps_c.dir/rosidl_typesupport_fastrtps_c/manipulator_msgs/srv/detail/add_two_ints__type_support_c.cpp.o[0m
[6.691s] [ 70%] [32m[1mLinking CXX shared library libmanipulator_msgs__rosidl_typesupport_introspection_cpp.so[0m
[6.842s] [ 70%] Built target manipulator_msgs__rosidl_typesupport_introspection_cpp
[6.859s] [ 72%] [32mBuilding CXX object CMakeFiles/manipulator_msgs__rosidl_typesupport_fastrtps_c.dir/rosidl_typesupport_fastrtps_c/manipulator_msgs/srv/detail/quaternion_to_euler__type_support_c.cpp.o[0m
[6.969s] [ 74%] [32mBuilding CXX object CMakeFiles/manipulator_msgs__rosidl_typesupport_fastrtps_c.dir/rosidl_typesupport_fastrtps_c/manipulator_msgs/srv/detail/euler_to_quaternion__type_support_c.cpp.o[0m
[7.388s] [ 75%] [32m[1mLinking CXX shared library libmanipulator_msgs__rosidl_typesupport_cpp.so[0m
[7.487s] [ 75%] Built target manipulator_msgs__rosidl_typesupport_cpp
[7.561s] [ 77%] [32m[1mLinking CXX shared library libmanipulator_msgs__rosidl_typesupport_fastrtps_cpp.so[0m
[7.653s] [ 77%] Built target manipulator_msgs__rosidl_typesupport_fastrtps_cpp
[7.707s] [ 79%] [32m[1mLinking CXX shared library libmanipulator_msgs__rosidl_typesupport_fastrtps_c.so[0m
[7.779s] [ 79%] Built target manipulator_msgs__rosidl_typesupport_fastrtps_c
[7.817s] [ 79%] Built target manipulator_msgs
[7.856s] [ 81%] [34m[1mGenerating Python code for ROS interfaces[0m
[8.662s] [ 81%] Built target manipulator_msgs__py
[8.692s] [ 85%] [32mBuilding C object CMakeFiles/manipulator_msgs__rosidl_generator_py.dir/rosidl_generator_py/manipulator_msgs/srv/_quaternion_to_euler_s.c.o[0m
[8.692s] [ 85%] [32mBuilding C object CMakeFiles/manipulator_msgs__rosidl_generator_py.dir/rosidl_generator_py/manipulator_msgs/srv/_euler_to_quaternion_s.c.o[0m
[8.693s] [ 87%] [32mBuilding C object CMakeFiles/manipulator_msgs__rosidl_generator_py.dir/rosidl_generator_py/manipulator_msgs/srv/_add_two_ints_s.c.o[0m
[8.884s] [ 88%] [32m[1mLinking C shared library libmanipulator_msgs__rosidl_generator_py.so[0m
[8.952s] [ 88%] Built target manipulator_msgs__rosidl_generator_py
[8.990s] [ 90%] [32mBuilding C object CMakeFiles/manipulator_msgs_s__rosidl_typesupport_fastrtps_c.dir/rosidl_generator_py/manipulator_msgs/_manipulator_msgs_s.ep.rosidl_typesupport_fastrtps_c.c.o[0m
[8.990s] [ 94%] [32mBuilding C object CMakeFiles/manipulator_msgs_s__rosidl_typesupport_introspection_c.dir/rosidl_generator_py/manipulator_msgs/_manipulator_msgs_s.ep.rosidl_typesupport_introspection_c.c.o[0m
[8.991s] [ 94%] [32mBuilding C object CMakeFiles/manipulator_msgs_s__rosidl_typesupport_c.dir/rosidl_generator_py/manipulator_msgs/_manipulator_msgs_s.ep.rosidl_typesupport_c.c.o[0m
[9.151s] [ 96%] [32m[1mLinking C shared module rosidl_generator_py/manipulator_msgs/manipulator_msgs_s__rosidl_typesupport_c.so[0m
[9.156s] [ 98%] [32m[1mLinking C shared module rosidl_generator_py/manipulator_msgs/manipulator_msgs_s__rosidl_typesupport_fastrtps_c.so[0m
[9.157s] [100%] [32m[1mLinking C shared module rosidl_generator_py/manipulator_msgs/manipulator_msgs_s__rosidl_typesupport_introspection_c.so[0m
[9.184s] [100%] Built target manipulator_msgs_s__rosidl_typesupport_c
[9.188s] [100%] Built target manipulator_msgs_s__rosidl_typesupport_fastrtps_c
[9.188s] [100%] Built target manipulator_msgs_s__rosidl_typesupport_introspection_c
[9.201s] Invoked command in '/home/rajitha-niroshan/FYP/Repos/Others/ROS2-Manipulator-Robot-with-Python/build/manipulator_msgs' returned '0': CMAKE_PREFIX_PATH=${CMAKE_PREFIX_PATH}:/opt/ros/jazzy DEBUGINFOD_URLS=https://debuginfod.ubuntu.com /usr/bin/cmake --build /home/rajitha-niroshan/FYP/Repos/Others/ROS2-Manipulator-Robot-with-Python/build/manipulator_msgs -- -j8 -l8
[9.202s] Invoking command in '/home/rajitha-niroshan/FYP/Repos/Others/ROS2-Manipulator-Robot-with-Python/build/manipulator_msgs': CMAKE_PREFIX_PATH=${CMAKE_PREFIX_PATH}:/opt/ros/jazzy DEBUGINFOD_URLS=https://debuginfod.ubuntu.com /usr/bin/cmake --install /home/rajitha-niroshan/FYP/Repos/Others/ROS2-Manipulator-Robot-with-Python/build/manipulator_msgs
[9.211s] -- Install configuration: ""
[9.212s] -- Installing: /home/rajitha-niroshan/FYP/Repos/Others/ROS2-Manipulator-Robot-with-Python/install/manipulator_msgs/share/ament_index/resource_index/rosidl_interfaces/manipulator_msgs
[9.212s] -- Installing: /home/rajitha-niroshan/FYP/Repos/Others/ROS2-Manipulator-Robot-with-Python/install/manipulator_msgs/share/manipulator_msgs/srv/AddTwoInts.json
[9.212s] -- Installing: /home/rajitha-niroshan/FYP/Repos/Others/ROS2-Manipulator-Robot-with-Python/install/manipulator_msgs/share/manipulator_msgs/srv/QuaternionToEuler.json
[9.212s] -- Installing: /home/rajitha-niroshan/FYP/Repos/Others/ROS2-Manipulator-Robot-with-Python/install/manipulator_msgs/share/manipulator_msgs/srv/EulerToQuaternion.json
[9.213s] -- Installing: /home/rajitha-niroshan/FYP/Repos/Others/ROS2-Manipulator-Robot-with-Python/install/manipulator_msgs/include/manipulator_msgs/manipulator_msgs
[9.213s] -- Installing: /home/rajitha-niroshan/FYP/Repos/Others/ROS2-Manipulator-Robot-with-Python/install/manipulator_msgs/include/manipulator_msgs/manipulator_msgs/msg
[9.213s] -- Installing: /home/rajitha-niroshan/FYP/Repos/Others/ROS2-Manipulator-Robot-with-Python/install/manipulator_msgs/include/manipulator_msgs/manipulator_msgs/msg/rosidl_generator_c__visibility_control.h
[9.213s] -- Installing: /home/rajitha-niroshan/FYP/Repos/Others/ROS2-Manipulator-Robot-with-Python/install/manipulator_msgs/include/manipulator_msgs/manipulator_msgs/srv
[9.213s] -- Installing: /home/rajitha-niroshan/FYP/Repos/Others/ROS2-Manipulator-Robot-with-Python/install/manipulator_msgs/include/manipulator_msgs/manipulator_msgs/srv/euler_to_quaternion.h
[9.214s] -- Installing: /home/rajitha-niroshan/FYP/Repos/Others/ROS2-Manipulator-Robot-with-Python/install/manipulator_msgs/include/manipulator_msgs/manipulator_msgs/srv/quaternion_to_euler.h
[9.214s] -- Installing: /home/rajitha-niroshan/FYP/Repos/Others/ROS2-Manipulator-Robot-with-Python/install/manipulator_msgs/include/manipulator_msgs/manipulator_msgs/srv/add_two_ints.h
[9.214s] -- Installing: /home/rajitha-niroshan/FYP/Repos/Others/ROS2-Manipulator-Robot-with-Python/install/manipulator_msgs/include/manipulator_msgs/manipulator_msgs/srv/detail
[9.214s] -- Installing: /home/rajitha-niroshan/FYP/Repos/Others/ROS2-Manipulator-Robot-with-Python/install/manipulator_msgs/include/manipulator_msgs/manipulator_msgs/srv/detail/quaternion_to_euler__type_support.c
[9.214s] -- Installing: /home/rajitha-niroshan/FYP/Repos/Others/ROS2-Manipulator-Robot-with-Python/install/manipulator_msgs/include/manipulator_msgs/manipulator_msgs/srv/detail/euler_to_quaternion__type_support.h
[9.214s] -- Installing: /home/rajitha-niroshan/FYP/Repos/Others/ROS2-Manipulator-Robot-with-Python/install/manipulator_msgs/include/manipulator_msgs/manipulator_msgs/srv/detail/quaternion_to_euler__type_support.h
[9.215s] -- Installing: /home/rajitha-niroshan/FYP/Repos/Others/ROS2-Manipulator-Robot-with-Python/install/manipulator_msgs/include/manipulator_msgs/manipulator_msgs/srv/detail/quaternion_to_euler__description.c
[9.215s] -- Installing: /home/rajitha-niroshan/FYP/Repos/Others/ROS2-Manipulator-Robot-with-Python/install/manipulator_msgs/include/manipulator_msgs/manipulator_msgs/srv/detail/add_two_ints__functions.c
[9.215s] -- Installing: /home/rajitha-niroshan/FYP/Repos/Others/ROS2-Manipulator-Robot-with-Python/install/manipulator_msgs/include/manipulator_msgs/manipulator_msgs/srv/detail/euler_to_quaternion__type_support.c
[9.215s] -- Installing: /home/rajitha-niroshan/FYP/Repos/Others/ROS2-Manipulator-Robot-with-Python/install/manipulator_msgs/include/manipulator_msgs/manipulator_msgs/srv/detail/quaternion_to_euler__struct.h
[9.215s] -- Installing: /home/rajitha-niroshan/FYP/Repos/Others/ROS2-Manipulator-Robot-with-Python/install/manipulator_msgs/include/manipulator_msgs/manipulator_msgs/srv/detail/euler_to_quaternion__struct.h
[9.215s] -- Installing: /home/rajitha-niroshan/FYP/Repos/Others/ROS2-Manipulator-Robot-with-Python/install/manipulator_msgs/include/manipulator_msgs/manipulator_msgs/srv/detail/add_two_ints__description.c
[9.216s] -- Installing: /home/rajitha-niroshan/FYP/Repos/Others/ROS2-Manipulator-Robot-with-Python/install/manipulator_msgs/include/manipulator_msgs/manipulator_msgs/srv/detail/add_two_ints__type_support.c
[9.216s] -- Installing: /home/rajitha-niroshan/FYP/Repos/Others/ROS2-Manipulator-Robot-with-Python/install/manipulator_msgs/include/manipulator_msgs/manipulator_msgs/srv/detail/add_two_ints__type_support.h
[9.216s] -- Installing: /home/rajitha-niroshan/FYP/Repos/Others/ROS2-Manipulator-Robot-with-Python/install/manipulator_msgs/include/manipulator_msgs/manipulator_msgs/srv/detail/quaternion_to_euler__functions.c
[9.216s] -- Installing: /home/rajitha-niroshan/FYP/Repos/Others/ROS2-Manipulator-Robot-with-Python/install/manipulator_msgs/include/manipulator_msgs/manipulator_msgs/srv/detail/add_two_ints__struct.h
[9.216s] -- Installing: /home/rajitha-niroshan/FYP/Repos/Others/ROS2-Manipulator-Robot-with-Python/install/manipulator_msgs/include/manipulator_msgs/manipulator_msgs/srv/detail/euler_to_quaternion__functions.c
[9.216s] -- Installing: /home/rajitha-niroshan/FYP/Repos/Others/ROS2-Manipulator-Robot-with-Python/install/manipulator_msgs/include/manipulator_msgs/manipulator_msgs/srv/detail/euler_to_quaternion__description.c
[9.216s] -- Installing: /home/rajitha-niroshan/FYP/Repos/Others/ROS2-Manipulator-Robot-with-Python/install/manipulator_msgs/include/manipulator_msgs/manipulator_msgs/srv/detail/quaternion_to_euler__functions.h
[9.216s] -- Installing: /home/rajitha-niroshan/FYP/Repos/Others/ROS2-Manipulator-Robot-with-Python/install/manipulator_msgs/include/manipulator_msgs/manipulator_msgs/srv/detail/add_two_ints__functions.h
[9.216s] -- Installing: /home/rajitha-niroshan/FYP/Repos/Others/ROS2-Manipulator-Robot-with-Python/install/manipulator_msgs/include/manipulator_msgs/manipulator_msgs/srv/detail/euler_to_quaternion__functions.h
[9.216s] -- Installing: /home/rajitha-niroshan/FYP/Repos/Others/ROS2-Manipulator-Robot-with-Python/install/manipulator_msgs/share/manipulator_msgs/environment/library_path.sh
[9.216s] -- Installing: /home/rajitha-niroshan/FYP/Repos/Others/ROS2-Manipulator-Robot-with-Python/install/manipulator_msgs/share/manipulator_msgs/environment/library_path.dsv
[9.217s] -- Installing: /home/rajitha-niroshan/FYP/Repos/Others/ROS2-Manipulator-Robot-with-Python/install/manipulator_msgs/lib/libmanipulator_msgs__rosidl_generator_c.so
[9.217s] -- Set non-toolchain portion of runtime path of "/home/rajitha-niroshan/FYP/Repos/Others/ROS2-Manipulator-Robot-with-Python/install/manipulator_msgs/lib/libmanipulator_msgs__rosidl_generator_c.so" to ""
[9.217s] -- Up-to-date: /home/rajitha-niroshan/FYP/Repos/Others/ROS2-Manipulator-Robot-with-Python/install/manipulator_msgs/include/manipulator_msgs/manipulator_msgs
[9.217s] -- Up-to-date: /home/rajitha-niroshan/FYP/Repos/Others/ROS2-Manipulator-Robot-with-Python/install/manipulator_msgs/include/manipulator_msgs/manipulator_msgs/msg
[9.217s] -- Installing: /home/rajitha-niroshan/FYP/Repos/Others/ROS2-Manipulator-Robot-with-Python/install/manipulator_msgs/include/manipulator_msgs/manipulator_msgs/msg/rosidl_typesupport_fastrtps_c__visibility_control.h
[9.217s] -- Up-to-date: /home/rajitha-niroshan/FYP/Repos/Others/ROS2-Manipulator-Robot-with-Python/install/manipulator_msgs/include/manipulator_msgs/manipulator_msgs/srv
[9.217s] -- Up-to-date: /home/rajitha-niroshan/FYP/Repos/Others/ROS2-Manipulator-Robot-with-Python/install/manipulator_msgs/include/manipulator_msgs/manipulator_msgs/srv/detail
[9.217s] -- Installing: /home/rajitha-niroshan/FYP/Repos/Others/ROS2-Manipulator-Robot-with-Python/install/manipulator_msgs/include/manipulator_msgs/manipulator_msgs/srv/detail/add_two_ints__rosidl_typesupport_fastrtps_c.h
[9.218s] -- Installing: /home/rajitha-niroshan/FYP/Repos/Others/ROS2-Manipulator-Robot-with-Python/install/manipulator_msgs/include/manipulator_msgs/manipulator_msgs/srv/detail/quaternion_to_euler__rosidl_typesupport_fastrtps_c.h
[9.218s] -- Installing: /home/rajitha-niroshan/FYP/Repos/Others/ROS2-Manipulator-Robot-with-Python/install/manipulator_msgs/include/manipulator_msgs/manipulator_msgs/srv/detail/euler_to_quaternion__rosidl_typesupport_fastrtps_c.h
[9.218s] -- Installing: /home/rajitha-niroshan/FYP/Repos/Others/ROS2-Manipulator-Robot-with-Python/install/manipulator_msgs/lib/libmanipulator_msgs__rosidl_typesupport_fastrtps_c.so
[9.218s] -- Set non-toolchain portion of runtime path of "/home/rajitha-niroshan/FYP/Repos/Others/ROS2-Manipulator-Robot-with-Python/install/manipulator_msgs/lib/libmanipulator_msgs__rosidl_typesupport_fastrtps_c.so" to ""
[9.218s] -- Up-to-date: /home/rajitha-niroshan/FYP/Repos/Others/ROS2-Manipulator-Robot-with-Python/install/manipulator_msgs/include/manipulator_msgs/manipulator_msgs
[9.218s] -- Up-to-date: /home/rajitha-niroshan/FYP/Repos/Others/ROS2-Manipulator-Robot-with-Python/install/manipulator_msgs/include/manipulator_msgs/manipulator_msgs/msg
[9.218s] -- Installing: /home/rajitha-niroshan/FYP/Repos/Others/ROS2-Manipulator-Robot-with-Python/install/manipulator_msgs/include/manipulator_msgs/manipulator_msgs/msg/rosidl_generator_cpp__visibility_control.hpp
[9.218s] -- Up-to-date: /home/rajitha-niroshan/FYP/Repos/Others/ROS2-Manipulator-Robot-with-Python/install/manipulator_msgs/include/manipulator_msgs/manipulator_msgs/srv
[9.219s] -- Installing: /home/rajitha-niroshan/FYP/Repos/Others/ROS2-Manipulator-Robot-with-Python/install/manipulator_msgs/include/manipulator_msgs/manipulator_msgs/srv/add_two_ints.hpp
[9.219s] -- Installing: /home/rajitha-niroshan/FYP/Repos/Others/ROS2-Manipulator-Robot-with-Python/install/manipulator_msgs/include/manipulator_msgs/manipulator_msgs/srv/euler_to_quaternion.hpp
[9.219s] -- Installing: /home/rajitha-niroshan/FYP/Repos/Others/ROS2-Manipulator-Robot-with-Python/install/manipulator_msgs/include/manipulator_msgs/manipulator_msgs/srv/quaternion_to_euler.hpp
[9.219s] -- Up-to-date: /home/rajitha-niroshan/FYP/Repos/Others/ROS2-Manipulator-Robot-with-Python/install/manipulator_msgs/include/manipulator_msgs/manipulator_msgs/srv/detail
[9.219s] -- Installing: /home/rajitha-niroshan/FYP/Repos/Others/ROS2-Manipulator-Robot-with-Python/install/manipulator_msgs/include/manipulator_msgs/manipulator_msgs/srv/detail/euler_to_quaternion__type_support.hpp
[9.219s] -- Installing: /home/rajitha-niroshan/FYP/Repos/Others/ROS2-Manipulator-Robot-with-Python/install/manipulator_msgs/include/manipulator_msgs/manipulator_msgs/srv/detail/euler_to_quaternion__builder.hpp
[9.219s] -- Installing: /home/rajitha-niroshan/FYP/Repos/Others/ROS2-Manipulator-Robot-with-Python/install/manipulator_msgs/include/manipulator_msgs/manipulator_msgs/srv/detail/quaternion_to_euler__builder.hpp
[9.219s] -- Installing: /home/rajitha-niroshan/FYP/Repos/Others/ROS2-Manipulator-Robot-with-Python/install/manipulator_msgs/include/manipulator_msgs/manipulator_msgs/srv/detail/add_two_ints__builder.hpp
[9.219s] -- Installing: /home/rajitha-niroshan/FYP/Repos/Others/ROS2-Manipulator-Robot-with-Python/install/manipulator_msgs/include/manipulator_msgs/manipulator_msgs/srv/detail/add_two_ints__traits.hpp
[9.219s] -- Installing: /home/rajitha-niroshan/FYP/Repos/Others/ROS2-Manipulator-Robot-with-Python/install/manipulator_msgs/include/manipulator_msgs/manipulator_msgs/srv/detail/euler_to_quaternion__traits.hpp
[9.219s] -- Installing: /home/rajitha-niroshan/FYP/Repos/Others/ROS2-Manipulator-Robot-with-Python/install/manipulator_msgs/include/manipulator_msgs/manipulator_msgs/srv/detail/quaternion_to_euler__type_support.hpp
[9.219s] -- Installing: /home/rajitha-niroshan/FYP/Repos/Others/ROS2-Manipulator-Robot-with-Python/install/manipulator_msgs/include/manipulator_msgs/manipulator_msgs/srv/detail/add_two_ints__type_support.hpp
[9.220s] -- Installing: /home/rajitha-niroshan/FYP/Repos/Others/ROS2-Manipulator-Robot-with-Python/install/manipulator_msgs/include/manipulator_msgs/manipulator_msgs/srv/detail/add_two_ints__struct.hpp
[9.220s] -- Installing: /home/rajitha-niroshan/FYP/Repos/Others/ROS2-Manipulator-Robot-with-Python/install/manipulator_msgs/include/manipulator_msgs/manipulator_msgs/srv/detail/quaternion_to_euler__struct.hpp
[9.220s] -- Installing: /home/rajitha-niroshan/FYP/Repos/Others/ROS2-Manipulator-Robot-with-Python/install/manipulator_msgs/include/manipulator_msgs/manipulator_msgs/srv/detail/quaternion_to_euler__traits.hpp
[9.220s] -- Installing: /home/rajitha-niroshan/FYP/Repos/Others/ROS2-Manipulator-Robot-with-Python/install/manipulator_msgs/include/manipulator_msgs/manipulator_msgs/srv/detail/euler_to_quaternion__struct.hpp
[9.220s] -- Up-to-date: /home/rajitha-niroshan/FYP/Repos/Others/ROS2-Manipulator-Robot-with-Python/install/manipulator_msgs/include/manipulator_msgs/manipulator_msgs
[9.220s] -- Up-to-date: /home/rajitha-niroshan/FYP/Repos/Others/ROS2-Manipulator-Robot-with-Python/install/manipulator_msgs/include/manipulator_msgs/manipulator_msgs/msg
[9.220s] -- Installing: /home/rajitha-niroshan/FYP/Repos/Others/ROS2-Manipulator-Robot-with-Python/install/manipulator_msgs/include/manipulator_msgs/manipulator_msgs/msg/rosidl_typesupport_fastrtps_cpp__visibility_control.h
[9.220s] -- Up-to-date: /home/rajitha-niroshan/FYP/Repos/Others/ROS2-Manipulator-Robot-with-Python/install/manipulator_msgs/include/manipulator_msgs/manipulator_msgs/srv
[9.220s] -- Up-to-date: /home/rajitha-niroshan/FYP/Repos/Others/ROS2-Manipulator-Robot-with-Python/install/manipulator_msgs/include/manipulator_msgs/manipulator_msgs/srv/detail
[9.220s] -- Installing: /home/rajitha-niroshan/FYP/Repos/Others/ROS2-Manipulator-Robot-with-Python/install/manipulator_msgs/include/manipulator_msgs/manipulator_msgs/srv/detail/quaternion_to_euler__rosidl_typesupport_fastrtps_cpp.hpp
[9.220s] -- Installing: /home/rajitha-niroshan/FYP/Repos/Others/ROS2-Manipulator-Robot-with-Python/install/manipulator_msgs/include/manipulator_msgs/manipulator_msgs/srv/detail/dds_fastrtps
[9.220s] -- Installing: /home/rajitha-niroshan/FYP/Repos/Others/ROS2-Manipulator-Robot-with-Python/install/manipulator_msgs/include/manipulator_msgs/manipulator_msgs/srv/detail/add_two_ints__rosidl_typesupport_fastrtps_cpp.hpp
[9.220s] -- Installing: /home/rajitha-niroshan/FYP/Repos/Others/ROS2-Manipulator-Robot-with-Python/install/manipulator_msgs/include/manipulator_msgs/manipulator_msgs/srv/detail/euler_to_quaternion__rosidl_typesupport_fastrtps_cpp.hpp
[9.221s] -- Installing: /home/rajitha-niroshan/FYP/Repos/Others/ROS2-Manipulator-Robot-with-Python/install/manipulator_msgs/lib/libmanipulator_msgs__rosidl_typesupport_fastrtps_cpp.so
[9.221s] -- Set non-toolchain portion of runtime path of "/home/rajitha-niroshan/FYP/Repos/Others/ROS2-Manipulator-Robot-with-Python/install/manipulator_msgs/lib/libmanipulator_msgs__rosidl_typesupport_fastrtps_cpp.so" to ""
[9.221s] -- Up-to-date: /home/rajitha-niroshan/FYP/Repos/Others/ROS2-Manipulator-Robot-with-Python/install/manipulator_msgs/include/manipulator_msgs/manipulator_msgs
[9.221s] -- Up-to-date: /home/rajitha-niroshan/FYP/Repos/Others/ROS2-Manipulator-Robot-with-Python/install/manipulator_msgs/include/manipulator_msgs/manipulator_msgs/msg
[9.221s] -- Installing: /home/rajitha-niroshan/FYP/Repos/Others/ROS2-Manipulator-Robot-with-Python/install/manipulator_msgs/include/manipulator_msgs/manipulator_msgs/msg/rosidl_typesupport_introspection_c__visibility_control.h
[9.221s] -- Up-to-date: /home/rajitha-niroshan/FYP/Repos/Others/ROS2-Manipulator-Robot-with-Python/install/manipulator_msgs/include/manipulator_msgs/manipulator_msgs/srv
[9.221s] -- Up-to-date: /home/rajitha-niroshan/FYP/Repos/Others/ROS2-Manipulator-Robot-with-Python/install/manipulator_msgs/include/manipulator_msgs/manipulator_msgs/srv/detail
[9.221s] -- Installing: /home/rajitha-niroshan/FYP/Repos/Others/ROS2-Manipulator-Robot-with-Python/install/manipulator_msgs/include/manipulator_msgs/manipulator_msgs/srv/detail/quaternion_to_euler__type_support.c
[9.221s] -- Installing: /home/rajitha-niroshan/FYP/Repos/Others/ROS2-Manipulator-Robot-with-Python/install/manipulator_msgs/include/manipulator_msgs/manipulator_msgs/srv/detail/euler_to_quaternion__type_support.c
[9.221s] -- Installing: /home/rajitha-niroshan/FYP/Repos/Others/ROS2-Manipulator-Robot-with-Python/install/manipulator_msgs/include/manipulator_msgs/manipulator_msgs/srv/detail/euler_to_quaternion__rosidl_typesupport_introspection_c.h
[9.221s] -- Installing: /home/rajitha-niroshan/FYP/Repos/Others/ROS2-Manipulator-Robot-with-Python/install/manipulator_msgs/include/manipulator_msgs/manipulator_msgs/srv/detail/add_two_ints__type_support.c
[9.221s] -- Installing: /home/rajitha-niroshan/FYP/Repos/Others/ROS2-Manipulator-Robot-with-Python/install/manipulator_msgs/include/manipulator_msgs/manipulator_msgs/srv/detail/quaternion_to_euler__rosidl_typesupport_introspection_c.h
[9.222s] -- Installing: /home/rajitha-niroshan/FYP/Repos/Others/ROS2-Manipulator-Robot-with-Python/install/manipulator_msgs/include/manipulator_msgs/manipulator_msgs/srv/detail/add_two_ints__rosidl_typesupport_introspection_c.h
[9.222s] -- Installing: /home/rajitha-niroshan/FYP/Repos/Others/ROS2-Manipulator-Robot-with-Python/install/manipulator_msgs/lib/libmanipulator_msgs__rosidl_typesupport_introspection_c.so
[9.222s] -- Set non-toolchain portion of runtime path of "/home/rajitha-niroshan/FYP/Repos/Others/ROS2-Manipulator-Robot-with-Python/install/manipulator_msgs/lib/libmanipulator_msgs__rosidl_typesupport_introspection_c.so" to ""
[9.222s] -- Installing: /home/rajitha-niroshan/FYP/Repos/Others/ROS2-Manipulator-Robot-with-Python/install/manipulator_msgs/lib/libmanipulator_msgs__rosidl_typesupport_c.so
[9.222s] -- Set non-toolchain portion of runtime path of "/home/rajitha-niroshan/FYP/Repos/Others/ROS2-Manipulator-Robot-with-Python/install/manipulator_msgs/lib/libmanipulator_msgs__rosidl_typesupport_c.so" to ""
[9.222s] -- Up-to-date: /home/rajitha-niroshan/FYP/Repos/Others/ROS2-Manipulator-Robot-with-Python/install/manipulator_msgs/include/manipulator_msgs/manipulator_msgs
[9.222s] -- Up-to-date: /home/rajitha-niroshan/FYP/Repos/Others/ROS2-Manipulator-Robot-with-Python/install/manipulator_msgs/include/manipulator_msgs/manipulator_msgs/srv
[9.223s] -- Up-to-date: /home/rajitha-niroshan/FYP/Repos/Others/ROS2-Manipulator-Robot-with-Python/install/manipulator_msgs/include/manipulator_msgs/manipulator_msgs/srv/detail
[9.223s] -- Installing: /home/rajitha-niroshan/FYP/Repos/Others/ROS2-Manipulator-Robot-with-Python/install/manipulator_msgs/include/manipulator_msgs/manipulator_msgs/srv/detail/euler_to_quaternion__type_support.cpp
[9.223s] -- Installing: /home/rajitha-niroshan/FYP/Repos/Others/ROS2-Manipulator-Robot-with-Python/install/manipulator_msgs/include/manipulator_msgs/manipulator_msgs/srv/detail/quaternion_to_euler__type_support.cpp
[9.223s] -- Installing: /home/rajitha-niroshan/FYP/Repos/Others/ROS2-Manipulator-Robot-with-Python/install/manipulator_msgs/include/manipulator_msgs/manipulator_msgs/srv/detail/add_two_ints__rosidl_typesupport_introspection_cpp.hpp
[9.223s] -- Installing: /home/rajitha-niroshan/FYP/Repos/Others/ROS2-Manipulator-Robot-with-Python/install/manipulator_msgs/include/manipulator_msgs/manipulator_msgs/srv/detail/euler_to_quaternion__rosidl_typesupport_introspection_cpp.hpp
[9.223s] -- Installing: /home/rajitha-niroshan/FYP/Repos/Others/ROS2-Manipulator-Robot-with-Python/install/manipulator_msgs/include/manipulator_msgs/manipulator_msgs/srv/detail/add_two_ints__type_support.cpp
[9.223s] -- Installing: /home/rajitha-niroshan/FYP/Repos/Others/ROS2-Manipulator-Robot-with-Python/install/manipulator_msgs/include/manipulator_msgs/manipulator_msgs/srv/detail/quaternion_to_euler__rosidl_typesupport_introspection_cpp.hpp
[9.223s] -- Installing: /home/rajitha-niroshan/FYP/Repos/Others/ROS2-Manipulator-Robot-with-Python/install/manipulator_msgs/lib/libmanipulator_msgs__rosidl_typesupport_introspection_cpp.so
[9.223s] -- Set non-toolchain portion of runtime path of "/home/rajitha-niroshan/FYP/Repos/Others/ROS2-Manipulator-Robot-with-Python/install/manipulator_msgs/lib/libmanipulator_msgs__rosidl_typesupport_introspection_cpp.so" to ""
[9.223s] -- Installing: /home/rajitha-niroshan/FYP/Repos/Others/ROS2-Manipulator-Robot-with-Python/install/manipulator_msgs/lib/libmanipulator_msgs__rosidl_typesupport_cpp.so
[9.224s] -- Set non-toolchain portion of runtime path of "/home/rajitha-niroshan/FYP/Repos/Others/ROS2-Manipulator-Robot-with-Python/install/manipulator_msgs/lib/libmanipulator_msgs__rosidl_typesupport_cpp.so" to ""
[9.224s] -- Installing: /home/rajitha-niroshan/FYP/Repos/Others/ROS2-Manipulator-Robot-with-Python/install/manipulator_msgs/share/manipulator_msgs/environment/pythonpath.sh
[9.224s] -- Installing: /home/rajitha-niroshan/FYP/Repos/Others/ROS2-Manipulator-Robot-with-Python/install/manipulator_msgs/share/manipulator_msgs/environment/pythonpath.dsv
[9.224s] -- Installing: /home/rajitha-niroshan/FYP/Repos/Others/ROS2-Manipulator-Robot-with-Python/install/manipulator_msgs/lib/python3.12/site-packages/manipulator_msgs-0.0.0-py3.12.egg-info
[9.224s] -- Installing: /home/rajitha-niroshan/FYP/Repos/Others/ROS2-Manipulator-Robot-with-Python/install/manipulator_msgs/lib/python3.12/site-packages/manipulator_msgs-0.0.0-py3.12.egg-info/dependency_links.txt
[9.224s] -- Installing: /home/rajitha-niroshan/FYP/Repos/Others/ROS2-Manipulator-Robot-with-Python/install/manipulator_msgs/lib/python3.12/site-packages/manipulator_msgs-0.0.0-py3.12.egg-info/SOURCES.txt
[9.224s] -- Installing: /home/rajitha-niroshan/FYP/Repos/Others/ROS2-Manipulator-Robot-with-Python/install/manipulator_msgs/lib/python3.12/site-packages/manipulator_msgs-0.0.0-py3.12.egg-info/PKG-INFO
[9.224s] -- Installing: /home/rajitha-niroshan/FYP/Repos/Others/ROS2-Manipulator-Robot-with-Python/install/manipulator_msgs/lib/python3.12/site-packages/manipulator_msgs-0.0.0-py3.12.egg-info/top_level.txt
[9.224s] -- Installing: /home/rajitha-niroshan/FYP/Repos/Others/ROS2-Manipulator-Robot-with-Python/install/manipulator_msgs/lib/python3.12/site-packages/manipulator_msgs
[9.225s] -- Installing: /home/rajitha-niroshan/FYP/Repos/Others/ROS2-Manipulator-Robot-with-Python/install/manipulator_msgs/lib/python3.12/site-packages/manipulator_msgs/manipulator_msgs_s__rosidl_typesupport_introspection_c.so
[9.225s] -- Installing: /home/rajitha-niroshan/FYP/Repos/Others/ROS2-Manipulator-Robot-with-Python/install/manipulator_msgs/lib/python3.12/site-packages/manipulator_msgs/__init__.py
[9.225s] -- Installing: /home/rajitha-niroshan/FYP/Repos/Others/ROS2-Manipulator-Robot-with-Python/install/manipulator_msgs/lib/python3.12/site-packages/manipulator_msgs/manipulator_msgs_s__rosidl_typesupport_c.so
[9.225s] -- Installing: /home/rajitha-niroshan/FYP/Repos/Others/ROS2-Manipulator-Robot-with-Python/install/manipulator_msgs/lib/python3.12/site-packages/manipulator_msgs/_manipulator_msgs_s.ep.rosidl_typesupport_introspection_c.c
[9.225s] -- Installing: /home/rajitha-niroshan/FYP/Repos/Others/ROS2-Manipulator-Robot-with-Python/install/manipulator_msgs/lib/python3.12/site-packages/manipulator_msgs/_manipulator_msgs_s.ep.rosidl_typesupport_fastrtps_c.c
[9.225s] -- Installing: /home/rajitha-niroshan/FYP/Repos/Others/ROS2-Manipulator-Robot-with-Python/install/manipulator_msgs/lib/python3.12/site-packages/manipulator_msgs/_manipulator_msgs_s.ep.rosidl_typesupport_c.c
[9.225s] -- Installing: /home/rajitha-niroshan/FYP/Repos/Others/ROS2-Manipulator-Robot-with-Python/install/manipulator_msgs/lib/python3.12/site-packages/manipulator_msgs/manipulator_msgs_s__rosidl_typesupport_fastrtps_c.so
[9.225s] -- Installing: /home/rajitha-niroshan/FYP/Repos/Others/ROS2-Manipulator-Robot-with-Python/install/manipulator_msgs/lib/python3.12/site-packages/manipulator_msgs/srv
[9.225s] -- Installing: /home/rajitha-niroshan/FYP/Repos/Others/ROS2-Manipulator-Robot-with-Python/install/manipulator_msgs/lib/python3.12/site-packages/manipulator_msgs/srv/__init__.py
[9.225s] -- Installing: /home/rajitha-niroshan/FYP/Repos/Others/ROS2-Manipulator-Robot-with-Python/install/manipulator_msgs/lib/python3.12/site-packages/manipulator_msgs/srv/_add_two_ints.py
[9.225s] -- Installing: /home/rajitha-niroshan/FYP/Repos/Others/ROS2-Manipulator-Robot-with-Python/install/manipulator_msgs/lib/python3.12/site-packages/manipulator_msgs/srv/_euler_to_quaternion_s.c
[9.226s] -- Installing: /home/rajitha-niroshan/FYP/Repos/Others/ROS2-Manipulator-Robot-with-Python/install/manipulator_msgs/lib/python3.12/site-packages/manipulator_msgs/srv/_add_two_ints_s.c
[9.226s] -- Installing: /home/rajitha-niroshan/FYP/Repos/Others/ROS2-Manipulator-Robot-with-Python/install/manipulator_msgs/lib/python3.12/site-packages/manipulator_msgs/srv/_quaternion_to_euler.py
[9.226s] -- Installing: /home/rajitha-niroshan/FYP/Repos/Others/ROS2-Manipulator-Robot-with-Python/install/manipulator_msgs/lib/python3.12/site-packages/manipulator_msgs/srv/_euler_to_quaternion.py
[9.226s] -- Installing: /home/rajitha-niroshan/FYP/Repos/Others/ROS2-Manipulator-Robot-with-Python/install/manipulator_msgs/lib/python3.12/site-packages/manipulator_msgs/srv/_quaternion_to_euler_s.c
[9.276s] Listing '/home/rajitha-niroshan/FYP/Repos/Others/ROS2-Manipulator-Robot-with-Python/install/manipulator_msgs/lib/python3.12/site-packages/manipulator_msgs'...
[9.276s] Compiling '/home/rajitha-niroshan/FYP/Repos/Others/ROS2-Manipulator-Robot-with-Python/install/manipulator_msgs/lib/python3.12/site-packages/manipulator_msgs/__init__.py'...
[9.276s] Listing '/home/rajitha-niroshan/FYP/Repos/Others/ROS2-Manipulator-Robot-with-Python/install/manipulator_msgs/lib/python3.12/site-packages/manipulator_msgs/srv'...
[9.276s] Compiling '/home/rajitha-niroshan/FYP/Repos/Others/ROS2-Manipulator-Robot-with-Python/install/manipulator_msgs/lib/python3.12/site-packages/manipulator_msgs/srv/__init__.py'...
[9.276s] Compiling '/home/rajitha-niroshan/FYP/Repos/Others/ROS2-Manipulator-Robot-with-Python/install/manipulator_msgs/lib/python3.12/site-packages/manipulator_msgs/srv/_add_two_ints.py'...
[9.276s] Compiling '/home/rajitha-niroshan/FYP/Repos/Others/ROS2-Manipulator-Robot-with-Python/install/manipulator_msgs/lib/python3.12/site-packages/manipulator_msgs/srv/_euler_to_quaternion.py'...
[9.276s] Compiling '/home/rajitha-niroshan/FYP/Repos/Others/ROS2-Manipulator-Robot-with-Python/install/manipulator_msgs/lib/python3.12/site-packages/manipulator_msgs/srv/_quaternion_to_euler.py'...
[9.282s] -- Installing: /home/rajitha-niroshan/FYP/Repos/Others/ROS2-Manipulator-Robot-with-Python/install/manipulator_msgs/lib/python3.12/site-packages/manipulator_msgs/manipulator_msgs_s__rosidl_typesupport_fastrtps_c.so
[9.282s] -- Set non-toolchain portion of runtime path of "/home/rajitha-niroshan/FYP/Repos/Others/ROS2-Manipulator-Robot-with-Python/install/manipulator_msgs/lib/python3.12/site-packages/manipulator_msgs/manipulator_msgs_s__rosidl_typesupport_fastrtps_c.so" to ""
[9.282s] -- Installing: /home/rajitha-niroshan/FYP/Repos/Others/ROS2-Manipulator-Robot-with-Python/install/manipulator_msgs/lib/python3.12/site-packages/manipulator_msgs/manipulator_msgs_s__rosidl_typesupport_introspection_c.so
[9.283s] -- Set non-toolchain portion of runtime path of "/home/rajitha-niroshan/FYP/Repos/Others/ROS2-Manipulator-Robot-with-Python/install/manipulator_msgs/lib/python3.12/site-packages/manipulator_msgs/manipulator_msgs_s__rosidl_typesupport_introspection_c.so" to ""
[9.283s] -- Installing: /home/rajitha-niroshan/FYP/Repos/Others/ROS2-Manipulator-Robot-with-Python/install/manipulator_msgs/lib/python3.12/site-packages/manipulator_msgs/manipulator_msgs_s__rosidl_typesupport_c.so
[9.283s] -- Set non-toolchain portion of runtime path of "/home/rajitha-niroshan/FYP/Repos/Others/ROS2-Manipulator-Robot-with-Python/install/manipulator_msgs/lib/python3.12/site-packages/manipulator_msgs/manipulator_msgs_s__rosidl_typesupport_c.so" to ""
[9.283s] -- Installing: /home/rajitha-niroshan/FYP/Repos/Others/ROS2-Manipulator-Robot-with-Python/install/manipulator_msgs/lib/libmanipulator_msgs__rosidl_generator_py.so
[9.284s] -- Set non-toolchain portion of runtime path of "/home/rajitha-niroshan/FYP/Repos/Others/ROS2-Manipulator-Robot-with-Python/install/manipulator_msgs/lib/libmanipulator_msgs__rosidl_generator_py.so" to ""
[9.284s] -- Installing: /home/rajitha-niroshan/FYP/Repos/Others/ROS2-Manipulator-Robot-with-Python/install/manipulator_msgs/share/manipulator_msgs/srv/AddTwoInts.idl
[9.284s] -- Installing: /home/rajitha-niroshan/FYP/Repos/Others/ROS2-Manipulator-Robot-with-Python/install/manipulator_msgs/share/manipulator_msgs/srv/QuaternionToEuler.idl
[9.284s] -- Installing: /home/rajitha-niroshan/FYP/Repos/Others/ROS2-Manipulator-Robot-with-Python/install/manipulator_msgs/share/manipulator_msgs/srv/EulerToQuaternion.idl
[9.284s] -- Installing: /home/rajitha-niroshan/FYP/Repos/Others/ROS2-Manipulator-Robot-with-Python/install/manipulator_msgs/share/manipulator_msgs/srv/AddTwoInts.srv
[9.284s] -- Installing: /home/rajitha-niroshan/FYP/Repos/Others/ROS2-Manipulator-Robot-with-Python/install/manipulator_msgs/share/manipulator_msgs/srv/QuaternionToEuler.srv
[9.285s] -- Installing: /home/rajitha-niroshan/FYP/Repos/Others/ROS2-Manipulator-Robot-with-Python/install/manipulator_msgs/share/manipulator_msgs/srv/EulerToQuaternion.srv
[9.285s] -- Installing: /home/rajitha-niroshan/FYP/Repos/Others/ROS2-Manipulator-Robot-with-Python/install/manipulator_msgs/share/ament_index/resource_index/package_run_dependencies/manipulator_msgs
[9.285s] -- Installing: /home/rajitha-niroshan/FYP/Repos/Others/ROS2-Manipulator-Robot-with-Python/install/manipulator_msgs/share/ament_index/resource_index/parent_prefix_path/manipulator_msgs
[9.285s] -- Installing: /home/rajitha-niroshan/FYP/Repos/Others/ROS2-Manipulator-Robot-with-Python/install/manipulator_msgs/share/manipulator_msgs/environment/ament_prefix_path.sh
[9.285s] -- Installing: /home/rajitha-niroshan/FYP/Repos/Others/ROS2-Manipulator-Robot-with-Python/install/manipulator_msgs/share/manipulator_msgs/environment/ament_prefix_path.dsv
[9.285s] -- Installing: /home/rajitha-niroshan/FYP/Repos/Others/ROS2-Manipulator-Robot-with-Python/install/manipulator_msgs/share/manipulator_msgs/environment/path.sh
[9.286s] -- Installing: /home/rajitha-niroshan/FYP/Repos/Others/ROS2-Manipulator-Robot-with-Python/install/manipulator_msgs/share/manipulator_msgs/environment/path.dsv
[9.286s] -- Installing: /home/rajitha-niroshan/FYP/Repos/Others/ROS2-Manipulator-Robot-with-Python/install/manipulator_msgs/share/manipulator_msgs/local_setup.bash
[9.286s] -- Installing: /home/rajitha-niroshan/FYP/Repos/Others/ROS2-Manipulator-Robot-with-Python/install/manipulator_msgs/share/manipulator_msgs/local_setup.sh
[9.286s] -- Installing: /home/rajitha-niroshan/FYP/Repos/Others/ROS2-Manipulator-Robot-with-Python/install/manipulator_msgs/share/manipulator_msgs/local_setup.zsh
[9.286s] -- Installing: /home/rajitha-niroshan/FYP/Repos/Others/ROS2-Manipulator-Robot-with-Python/install/manipulator_msgs/share/manipulator_msgs/local_setup.dsv
[9.286s] -- Installing: /home/rajitha-niroshan/FYP/Repos/Others/ROS2-Manipulator-Robot-with-Python/install/manipulator_msgs/share/manipulator_msgs/package.dsv
[9.286s] -- Installing: /home/rajitha-niroshan/FYP/Repos/Others/ROS2-Manipulator-Robot-with-Python/install/manipulator_msgs/share/ament_index/resource_index/packages/manipulator_msgs
[9.286s] -- Installing: /home/rajitha-niroshan/FYP/Repos/Others/ROS2-Manipulator-Robot-with-Python/install/manipulator_msgs/share/manipulator_msgs/cmake/export_manipulator_msgs__rosidl_generator_cExport.cmake
[9.286s] -- Installing: /home/rajitha-niroshan/FYP/Repos/Others/ROS2-Manipulator-Robot-with-Python/install/manipulator_msgs/share/manipulator_msgs/cmake/export_manipulator_msgs__rosidl_generator_cExport-noconfig.cmake
[9.287s] -- Installing: /home/rajitha-niroshan/FYP/Repos/Others/ROS2-Manipulator-Robot-with-Python/install/manipulator_msgs/share/manipulator_msgs/cmake/export_manipulator_msgs__rosidl_typesupport_fastrtps_cExport.cmake
[9.287s] -- Installing: /home/rajitha-niroshan/FYP/Repos/Others/ROS2-Manipulator-Robot-with-Python/install/manipulator_msgs/share/manipulator_msgs/cmake/export_manipulator_msgs__rosidl_typesupport_fastrtps_cExport-noconfig.cmake
[9.287s] -- Installing: /home/rajitha-niroshan/FYP/Repos/Others/ROS2-Manipulator-Robot-with-Python/install/manipulator_msgs/share/manipulator_msgs/cmake/export_manipulator_msgs__rosidl_generator_cppExport.cmake
[9.287s] -- Installing: /home/rajitha-niroshan/FYP/Repos/Others/ROS2-Manipulator-Robot-with-Python/install/manipulator_msgs/share/manipulator_msgs/cmake/export_manipulator_msgs__rosidl_typesupport_fastrtps_cppExport.cmake
[9.287s] -- Installing: /home/rajitha-niroshan/FYP/Repos/Others/ROS2-Manipulator-Robot-with-Python/install/manipulator_msgs/share/manipulator_msgs/cmake/export_manipulator_msgs__rosidl_typesupport_fastrtps_cppExport-noconfig.cmake
[9.287s] -- Installing: /home/rajitha-niroshan/FYP/Repos/Others/ROS2-Manipulator-Robot-with-Python/install/manipulator_msgs/share/manipulator_msgs/cmake/manipulator_msgs__rosidl_typesupport_introspection_cExport.cmake
[9.287s] -- Installing: /home/rajitha-niroshan/FYP/Repos/Others/ROS2-Manipulator-Robot-with-Python/install/manipulator_msgs/share/manipulator_msgs/cmake/manipulator_msgs__rosidl_typesupport_introspection_cExport-noconfig.cmake
[9.288s] -- Installing: /home/rajitha-niroshan/FYP/Repos/Others/ROS2-Manipulator-Robot-with-Python/install/manipulator_msgs/share/manipulator_msgs/cmake/manipulator_msgs__rosidl_typesupport_cExport.cmake
[9.288s] -- Installing: /home/rajitha-niroshan/FYP/Repos/Others/ROS2-Manipulator-Robot-with-Python/install/manipulator_msgs/share/manipulator_msgs/cmake/manipulator_msgs__rosidl_typesupport_cExport-noconfig.cmake
[9.288s] -- Installing: /home/rajitha-niroshan/FYP/Repos/Others/ROS2-Manipulator-Robot-with-Python/install/manipulator_msgs/share/manipulator_msgs/cmake/manipulator_msgs__rosidl_typesupport_introspection_cppExport.cmake
[9.288s] -- Installing: /home/rajitha-niroshan/FYP/Repos/Others/ROS2-Manipulator-Robot-with-Python/install/manipulator_msgs/share/manipulator_msgs/cmake/manipulator_msgs__rosidl_typesupport_introspection_cppExport-noconfig.cmake
[9.288s] -- Installing: /home/rajitha-niroshan/FYP/Repos/Others/ROS2-Manipulator-Robot-with-Python/install/manipulator_msgs/share/manipulator_msgs/cmake/manipulator_msgs__rosidl_typesupport_cppExport.cmake
[9.288s] -- Installing: /home/rajitha-niroshan/FYP/Repos/Others/ROS2-Manipulator-Robot-with-Python/install/manipulator_msgs/share/manipulator_msgs/cmake/manipulator_msgs__rosidl_typesupport_cppExport-noconfig.cmake
[9.289s] -- Installing: /home/rajitha-niroshan/FYP/Repos/Others/ROS2-Manipulator-Robot-with-Python/install/manipulator_msgs/share/manipulator_msgs/cmake/export_manipulator_msgs__rosidl_generator_pyExport.cmake
[9.289s] -- Installing: /home/rajitha-niroshan/FYP/Repos/Others/ROS2-Manipulator-Robot-with-Python/install/manipulator_msgs/share/manipulator_msgs/cmake/export_manipulator_msgs__rosidl_generator_pyExport-noconfig.cmake
[9.289s] -- Installing: /home/rajitha-niroshan/FYP/Repos/Others/ROS2-Manipulator-Robot-with-Python/install/manipulator_msgs/share/manipulator_msgs/cmake/rosidl_cmake-extras.cmake
[9.289s] -- Installing: /home/rajitha-niroshan/FYP/Repos/Others/ROS2-Manipulator-Robot-with-Python/install/manipulator_msgs/share/manipulator_msgs/cmake/ament_cmake_export_dependencies-extras.cmake
[9.289s] -- Installing: /home/rajitha-niroshan/FYP/Repos/Others/ROS2-Manipulator-Robot-with-Python/install/manipulator_msgs/share/manipulator_msgs/cmake/ament_cmake_export_include_directories-extras.cmake
[9.289s] -- Installing: /home/rajitha-niroshan/FYP/Repos/Others/ROS2-Manipulator-Robot-with-Python/install/manipulator_msgs/share/manipulator_msgs/cmake/ament_cmake_export_libraries-extras.cmake
[9.289s] -- Installing: /home/rajitha-niroshan/FYP/Repos/Others/ROS2-Manipulator-Robot-with-Python/install/manipulator_msgs/share/manipulator_msgs/cmake/ament_cmake_export_targets-extras.cmake
[9.289s] -- Installing: /home/rajitha-niroshan/FYP/Repos/Others/ROS2-Manipulator-Robot-with-Python/install/manipulator_msgs/share/manipulator_msgs/cmake/rosidl_cmake_export_typesupport_targets-extras.cmake
[9.289s] -- Installing: /home/rajitha-niroshan/FYP/Repos/Others/ROS2-Manipulator-Robot-with-Python/install/manipulator_msgs/share/manipulator_msgs/cmake/rosidl_cmake_export_typesupport_libraries-extras.cmake
[9.289s] -- Installing: /home/rajitha-niroshan/FYP/Repos/Others/ROS2-Manipulator-Robot-with-Python/install/manipulator_msgs/share/manipulator_msgs/cmake/manipulator_msgsConfig.cmake
[9.290s] -- Installing: /home/rajitha-niroshan/FYP/Repos/Others/ROS2-Manipulator-Robot-with-Python/install/manipulator_msgs/share/manipulator_msgs/cmake/manipulator_msgsConfig-version.cmake
[9.290s] -- Installing: /home/rajitha-niroshan/FYP/Repos/Others/ROS2-Manipulator-Robot-with-Python/install/manipulator_msgs/share/manipulator_msgs/package.xml
[9.292s] Invoked command in '/home/rajitha-niroshan/FYP/Repos/Others/ROS2-Manipulator-Robot-with-Python/build/manipulator_msgs' returned '0': CMAKE_PREFIX_PATH=${CMAKE_PREFIX_PATH}:/opt/ros/jazzy DEBUGINFOD_URLS=https://debuginfod.ubuntu.com /usr/bin/cmake --install /home/rajitha-niroshan/FYP/Repos/Others/ROS2-Manipulator-Robot-with-Python/build/manipulator_msgs
