[0.113s] DEBUG:colcon:Command line arguments: ['/usr/bin/colcon', 'list', '-p', '--base-paths', '/home/rajitha-niroshan/FYP/Repos/Others/ROS2-Manipulator-Robot-with-Python', '--log-base', '/dev/null']
[0.113s] DEBUG:colcon:Parsed command line arguments: Namespace(log_base=None, log_level=None, verb_name='list', build_base='build', ignore_user_meta=False, metas=['./colcon.meta'], base_paths=['/home/rajitha-niroshan/FYP/Repos/Others/ROS2-Manipulator-Robot-with-Python', '--log-base', '/dev/null'], packages_ignore=None, packages_ignore_regex=None, paths=None, packages_up_to=None, packages_up_to_regex=None, packages_above=None, packages_above_and_dependencies=None, packages_above_depth=None, packages_select_by_dep=None, packages_skip_by_dep=None, packages_skip_up_to=None, packages_select_build_failed=False, packages_skip_build_finished=False, packages_select_test_failures=False, packages_skip_test_passed=False, packages_select=None, packages_skip=None, packages_select_regex=None, packages_skip_regex=None, packages_start=None, packages_end=None, allow_overriding=[], topological_order=False, names_only=False, paths_only=True, topological_graph=False, topological_graph_dot=False, topological_graph_density=False, topological_graph_legend=False, topological_graph_dot_cluster=False, topological_graph_dot_include_skipped=False, mixin_files=None, mixin=None, verb_parser=<colcon_mixin.mixin.mixin_argument.MixinArgumentDecorator object at 0x7a1ef8485b50>, verb_extension=<colcon_package_information.verb.list.ListVerb object at 0x7a1ef8db99d0>, main=<bound method ListVerb.main of <colcon_package_information.verb.list.ListVerb object at 0x7a1ef8db99d0>>, mixin_verb=('list',))
[0.151s] Level 1:colcon.colcon_core.package_discovery:discover_packages(colcon_meta) check parameters
[0.151s] Level 1:colcon.colcon_core.package_discovery:discover_packages(recursive) check parameters
[0.151s] Level 1:colcon.colcon_core.package_discovery:discover_packages(ignore) check parameters
[0.151s] Level 1:colcon.colcon_core.package_discovery:discover_packages(path) check parameters
[0.151s] Level 1:colcon.colcon_core.package_discovery:discover_packages(recursive) discover
[0.152s] INFO:colcon.colcon_core.package_discovery:Crawling recursively for packages in '/home/rajitha-niroshan/FYP/Repos/Others/ROS2-Manipulator-Robot-with-Python', '/home/rajitha-niroshan/FYP/Repos/Others/ROS2-Manipulator-Robot-with-Python/--log-base', '/dev/null'
[0.152s] Level 1:colcon.colcon_core.package_identification:_identify(/home/rajitha-niroshan/FYP/Repos/Others/ROS2-Manipulator-Robot-with-Python) by extensions ['ignore', 'ignore_ament_install']
[0.152s] Level 1:colcon.colcon_core.package_identification:_identify(/home/rajitha-niroshan/FYP/Repos/Others/ROS2-Manipulator-Robot-with-Python) by extension 'ignore'
[0.152s] Level 1:colcon.colcon_core.package_identification:_identify(/home/rajitha-niroshan/FYP/Repos/Others/ROS2-Manipulator-Robot-with-Python) by extension 'ignore_ament_install'
[0.152s] Level 1:colcon.colcon_core.package_identification:_identify(/home/rajitha-niroshan/FYP/Repos/Others/ROS2-Manipulator-Robot-with-Python) by extensions ['colcon_pkg']
[0.152s] Level 1:colcon.colcon_core.package_identification:_identify(/home/rajitha-niroshan/FYP/Repos/Others/ROS2-Manipulator-Robot-with-Python) by extension 'colcon_pkg'
[0.152s] Level 1:colcon.colcon_core.package_identification:_identify(/home/rajitha-niroshan/FYP/Repos/Others/ROS2-Manipulator-Robot-with-Python) by extensions ['colcon_meta']
[0.152s] Level 1:colcon.colcon_core.package_identification:_identify(/home/rajitha-niroshan/FYP/Repos/Others/ROS2-Manipulator-Robot-with-Python) by extension 'colcon_meta'
[0.152s] Level 1:colcon.colcon_core.package_identification:_identify(/home/rajitha-niroshan/FYP/Repos/Others/ROS2-Manipulator-Robot-with-Python) by extensions ['ros']
[0.152s] Level 1:colcon.colcon_core.package_identification:_identify(/home/rajitha-niroshan/FYP/Repos/Others/ROS2-Manipulator-Robot-with-Python) by extension 'ros'
[0.177s] Level 1:colcon.colcon_core.package_identification:_identify(/home/rajitha-niroshan/FYP/Repos/Others/ROS2-Manipulator-Robot-with-Python) by extensions ['cmake', 'python']
[0.177s] Level 1:colcon.colcon_core.package_identification:_identify(/home/rajitha-niroshan/FYP/Repos/Others/ROS2-Manipulator-Robot-with-Python) by extension 'cmake'
[0.177s] Level 1:colcon.colcon_core.package_identification:_identify(/home/rajitha-niroshan/FYP/Repos/Others/ROS2-Manipulator-Robot-with-Python) by extension 'python'
[0.177s] Level 1:colcon.colcon_core.package_identification:_identify(/home/rajitha-niroshan/FYP/Repos/Others/ROS2-Manipulator-Robot-with-Python) by extensions ['python_setup_py']
[0.178s] Level 1:colcon.colcon_core.package_identification:_identify(/home/rajitha-niroshan/FYP/Repos/Others/ROS2-Manipulator-Robot-with-Python) by extension 'python_setup_py'
[0.178s] Level 1:colcon.colcon_core.package_identification:_identify(/home/rajitha-niroshan/FYP/Repos/Others/ROS2-Manipulator-Robot-with-Python/build) by extensions ['ignore', 'ignore_ament_install']
[0.178s] Level 1:colcon.colcon_core.package_identification:_identify(/home/rajitha-niroshan/FYP/Repos/Others/ROS2-Manipulator-Robot-with-Python/build) by extension 'ignore'
[0.178s] Level 1:colcon.colcon_core.package_identification:_identify(/home/rajitha-niroshan/FYP/Repos/Others/ROS2-Manipulator-Robot-with-Python/build) ignored
[0.178s] Level 1:colcon.colcon_core.package_identification:_identify(/home/rajitha-niroshan/FYP/Repos/Others/ROS2-Manipulator-Robot-with-Python/install) by extensions ['ignore', 'ignore_ament_install']
[0.178s] Level 1:colcon.colcon_core.package_identification:_identify(/home/rajitha-niroshan/FYP/Repos/Others/ROS2-Manipulator-Robot-with-Python/install) by extension 'ignore'
[0.178s] Level 1:colcon.colcon_core.package_identification:_identify(/home/rajitha-niroshan/FYP/Repos/Others/ROS2-Manipulator-Robot-with-Python/install) ignored
[0.178s] Level 1:colcon.colcon_core.package_identification:_identify(/home/rajitha-niroshan/FYP/Repos/Others/ROS2-Manipulator-Robot-with-Python/log) by extensions ['ignore', 'ignore_ament_install']
[0.178s] Level 1:colcon.colcon_core.package_identification:_identify(/home/rajitha-niroshan/FYP/Repos/Others/ROS2-Manipulator-Robot-with-Python/log) by extension 'ignore'
[0.178s] Level 1:colcon.colcon_core.package_identification:_identify(/home/rajitha-niroshan/FYP/Repos/Others/ROS2-Manipulator-Robot-with-Python/log) ignored
[0.178s] Level 1:colcon.colcon_core.package_identification:_identify(/home/rajitha-niroshan/FYP/Repos/Others/ROS2-Manipulator-Robot-with-Python/src) by extensions ['ignore', 'ignore_ament_install']
[0.179s] Level 1:colcon.colcon_core.package_identification:_identify(/home/rajitha-niroshan/FYP/Repos/Others/ROS2-Manipulator-Robot-with-Python/src) by extension 'ignore'
[0.179s] Level 1:colcon.colcon_core.package_identification:_identify(/home/rajitha-niroshan/FYP/Repos/Others/ROS2-Manipulator-Robot-with-Python/src) by extension 'ignore_ament_install'
[0.179s] Level 1:colcon.colcon_core.package_identification:_identify(/home/rajitha-niroshan/FYP/Repos/Others/ROS2-Manipulator-Robot-with-Python/src) by extensions ['colcon_pkg']
[0.179s] Level 1:colcon.colcon_core.package_identification:_identify(/home/rajitha-niroshan/FYP/Repos/Others/ROS2-Manipulator-Robot-with-Python/src) by extension 'colcon_pkg'
[0.179s] Level 1:colcon.colcon_core.package_identification:_identify(/home/rajitha-niroshan/FYP/Repos/Others/ROS2-Manipulator-Robot-with-Python/src) by extensions ['colcon_meta']
[0.179s] Level 1:colcon.colcon_core.package_identification:_identify(/home/rajitha-niroshan/FYP/Repos/Others/ROS2-Manipulator-Robot-with-Python/src) by extension 'colcon_meta'
[0.179s] Level 1:colcon.colcon_core.package_identification:_identify(/home/rajitha-niroshan/FYP/Repos/Others/ROS2-Manipulator-Robot-with-Python/src) by extensions ['ros']
[0.179s] Level 1:colcon.colcon_core.package_identification:_identify(/home/rajitha-niroshan/FYP/Repos/Others/ROS2-Manipulator-Robot-with-Python/src) by extension 'ros'
[0.179s] Level 1:colcon.colcon_core.package_identification:_identify(/home/rajitha-niroshan/FYP/Repos/Others/ROS2-Manipulator-Robot-with-Python/src) by extensions ['cmake', 'python']
[0.179s] Level 1:colcon.colcon_core.package_identification:_identify(/home/rajitha-niroshan/FYP/Repos/Others/ROS2-Manipulator-Robot-with-Python/src) by extension 'cmake'
[0.179s] Level 1:colcon.colcon_core.package_identification:_identify(/home/rajitha-niroshan/FYP/Repos/Others/ROS2-Manipulator-Robot-with-Python/src) by extension 'python'
[0.179s] Level 1:colcon.colcon_core.package_identification:_identify(/home/rajitha-niroshan/FYP/Repos/Others/ROS2-Manipulator-Robot-with-Python/src) by extensions ['python_setup_py']
[0.179s] Level 1:colcon.colcon_core.package_identification:_identify(/home/rajitha-niroshan/FYP/Repos/Others/ROS2-Manipulator-Robot-with-Python/src) by extension 'python_setup_py'
[0.179s] Level 1:colcon.colcon_core.package_identification:_identify(/home/rajitha-niroshan/FYP/Repos/Others/ROS2-Manipulator-Robot-with-Python/src/manipulator_description) by extensions ['ignore', 'ignore_ament_install']
[0.179s] Level 1:colcon.colcon_core.package_identification:_identify(/home/rajitha-niroshan/FYP/Repos/Others/ROS2-Manipulator-Robot-with-Python/src/manipulator_description) by extension 'ignore'
[0.179s] Level 1:colcon.colcon_core.package_identification:_identify(/home/rajitha-niroshan/FYP/Repos/Others/ROS2-Manipulator-Robot-with-Python/src/manipulator_description) by extension 'ignore_ament_install'
[0.180s] Level 1:colcon.colcon_core.package_identification:_identify(/home/rajitha-niroshan/FYP/Repos/Others/ROS2-Manipulator-Robot-with-Python/src/manipulator_description) by extensions ['colcon_pkg']
[0.180s] Level 1:colcon.colcon_core.package_identification:_identify(/home/rajitha-niroshan/FYP/Repos/Others/ROS2-Manipulator-Robot-with-Python/src/manipulator_description) by extension 'colcon_pkg'
[0.180s] Level 1:colcon.colcon_core.package_identification:_identify(/home/rajitha-niroshan/FYP/Repos/Others/ROS2-Manipulator-Robot-with-Python/src/manipulator_description) by extensions ['colcon_meta']
[0.180s] Level 1:colcon.colcon_core.package_identification:_identify(/home/rajitha-niroshan/FYP/Repos/Others/ROS2-Manipulator-Robot-with-Python/src/manipulator_description) by extension 'colcon_meta'
[0.180s] Level 1:colcon.colcon_core.package_identification:_identify(/home/rajitha-niroshan/FYP/Repos/Others/ROS2-Manipulator-Robot-with-Python/src/manipulator_description) by extensions ['ros']
[0.180s] Level 1:colcon.colcon_core.package_identification:_identify(/home/rajitha-niroshan/FYP/Repos/Others/ROS2-Manipulator-Robot-with-Python/src/manipulator_description) by extension 'ros'
[0.183s] DEBUG:colcon.colcon_core.package_identification:Package '/home/rajitha-niroshan/FYP/Repos/Others/ROS2-Manipulator-Robot-with-Python/src/manipulator_description' with type 'ros.ament_cmake' and name 'manipulator_description'
[0.183s] Level 1:colcon.colcon_core.package_discovery:discover_packages(recursive) using defaults
