[0.177s] Invoking command in '/home/rajitha-niroshan/FYP/Repos/Others/our_arm_v2/build/manipulator_utils': AMENT_PREFIX_PATH=/home/rajitha-niroshan/FYP/Repos/Others/our_arm_v2/install/manipulator_msgs:${AMENT_PREFIX_PATH} CMAKE_PREFIX_PATH=/home/rajitha-niroshan/FYP/Repos/Others/our_arm_v2/install/manipulator_msgs:/home/rajitha-niroshan/Uni/Sem7/Autonomous/ros2_ws/install/cpp_pubsub:/opt/ros/jazzy/opt/gz_launch_vendor:/opt/ros/jazzy/opt/gz_sim_vendor:/opt/ros/jazzy/opt/gz_sensors_vendor:/opt/ros/jazzy/opt/gz_physics_vendor:/opt/ros/jazzy/opt/sdformat_vendor:/opt/ros/jazzy/opt/gz_gui_vendor:/opt/ros/jazzy/opt/gz_transport_vendor:/opt/ros/jazzy/opt/gz_rendering_vendor:/opt/ros/jazzy/opt/gz_plugin_vendor:/opt/ros/jazzy/opt/gz_fuel_tools_vendor:/opt/ros/jazzy/opt/gz_msgs_vendor:/opt/ros/jazzy/opt/gz_common_vendor:/opt/ros/jazzy/opt/gz_math_vendor:/opt/ros/jazzy/opt/gz_utils_vendor:/opt/ros/jazzy/opt/gz_tools_vendor:/opt/ros/jazzy/opt/gz_ogre_next_vendor:/opt/ros/jazzy/opt/gz_dartsim_vendor:/opt/ros/jazzy/opt/gz_cmake_vendor:/opt/ros/jazzy DEBUGINFOD_URLS=https://debuginfod.ubuntu.com LD_LIBRARY_PATH=/home/rajitha-niroshan/FYP/Repos/Others/our_arm_v2/install/manipulator_msgs/lib:${LD_LIBRARY_PATH} PYTHONPATH=/home/rajitha-niroshan/FYP/Repos/Others/our_arm_v2/install/manipulator_msgs/lib/python3.12/site-packages:${PYTHONPATH} /usr/bin/cmake --build /home/rajitha-niroshan/FYP/Repos/Others/our_arm_v2/build/manipulator_utils -- -j8 -l8
[0.221s] Built target ament_cmake_python_copy_manipulator_utils
[0.385s] running egg_info
[0.399s] writing manipulator_utils.egg-info/PKG-INFO
[0.399s] writing dependency_links to manipulator_utils.egg-info/dependency_links.txt
[0.399s] writing top-level names to manipulator_utils.egg-info/top_level.txt
[0.445s] reading manifest file 'manipulator_utils.egg-info/SOURCES.txt'
[0.445s] writing manifest file 'manipulator_utils.egg-info/SOURCES.txt'
[0.465s] Built target ament_cmake_python_build_manipulator_utils_egg
[0.474s] Invoked command in '/home/rajitha-niroshan/FYP/Repos/Others/our_arm_v2/build/manipulator_utils' returned '0': AMENT_PREFIX_PATH=/home/rajitha-niroshan/FYP/Repos/Others/our_arm_v2/install/manipulator_msgs:${AMENT_PREFIX_PATH} CMAKE_PREFIX_PATH=/home/rajitha-niroshan/FYP/Repos/Others/our_arm_v2/install/manipulator_msgs:/home/rajitha-niroshan/Uni/Sem7/Autonomous/ros2_ws/install/cpp_pubsub:/opt/ros/jazzy/opt/gz_launch_vendor:/opt/ros/jazzy/opt/gz_sim_vendor:/opt/ros/jazzy/opt/gz_sensors_vendor:/opt/ros/jazzy/opt/gz_physics_vendor:/opt/ros/jazzy/opt/sdformat_vendor:/opt/ros/jazzy/opt/gz_gui_vendor:/opt/ros/jazzy/opt/gz_transport_vendor:/opt/ros/jazzy/opt/gz_rendering_vendor:/opt/ros/jazzy/opt/gz_plugin_vendor:/opt/ros/jazzy/opt/gz_fuel_tools_vendor:/opt/ros/jazzy/opt/gz_msgs_vendor:/opt/ros/jazzy/opt/gz_common_vendor:/opt/ros/jazzy/opt/gz_math_vendor:/opt/ros/jazzy/opt/gz_utils_vendor:/opt/ros/jazzy/opt/gz_tools_vendor:/opt/ros/jazzy/opt/gz_ogre_next_vendor:/opt/ros/jazzy/opt/gz_dartsim_vendor:/opt/ros/jazzy/opt/gz_cmake_vendor:/opt/ros/jazzy DEBUGINFOD_URLS=https://debuginfod.ubuntu.com LD_LIBRARY_PATH=/home/rajitha-niroshan/FYP/Repos/Others/our_arm_v2/install/manipulator_msgs/lib:${LD_LIBRARY_PATH} PYTHONPATH=/home/rajitha-niroshan/FYP/Repos/Others/our_arm_v2/install/manipulator_msgs/lib/python3.12/site-packages:${PYTHONPATH} /usr/bin/cmake --build /home/rajitha-niroshan/FYP/Repos/Others/our_arm_v2/build/manipulator_utils -- -j8 -l8
[0.475s] Invoking command in '/home/rajitha-niroshan/FYP/Repos/Others/our_arm_v2/build/manipulator_utils': AMENT_PREFIX_PATH=/home/rajitha-niroshan/FYP/Repos/Others/our_arm_v2/install/manipulator_msgs:${AMENT_PREFIX_PATH} CMAKE_PREFIX_PATH=/home/rajitha-niroshan/FYP/Repos/Others/our_arm_v2/install/manipulator_msgs:/home/rajitha-niroshan/Uni/Sem7/Autonomous/ros2_ws/install/cpp_pubsub:/opt/ros/jazzy/opt/gz_launch_vendor:/opt/ros/jazzy/opt/gz_sim_vendor:/opt/ros/jazzy/opt/gz_sensors_vendor:/opt/ros/jazzy/opt/gz_physics_vendor:/opt/ros/jazzy/opt/sdformat_vendor:/opt/ros/jazzy/opt/gz_gui_vendor:/opt/ros/jazzy/opt/gz_transport_vendor:/opt/ros/jazzy/opt/gz_rendering_vendor:/opt/ros/jazzy/opt/gz_plugin_vendor:/opt/ros/jazzy/opt/gz_fuel_tools_vendor:/opt/ros/jazzy/opt/gz_msgs_vendor:/opt/ros/jazzy/opt/gz_common_vendor:/opt/ros/jazzy/opt/gz_math_vendor:/opt/ros/jazzy/opt/gz_utils_vendor:/opt/ros/jazzy/opt/gz_tools_vendor:/opt/ros/jazzy/opt/gz_ogre_next_vendor:/opt/ros/jazzy/opt/gz_dartsim_vendor:/opt/ros/jazzy/opt/gz_cmake_vendor:/opt/ros/jazzy DEBUGINFOD_URLS=https://debuginfod.ubuntu.com LD_LIBRARY_PATH=/home/rajitha-niroshan/FYP/Repos/Others/our_arm_v2/install/manipulator_msgs/lib:${LD_LIBRARY_PATH} PYTHONPATH=/home/rajitha-niroshan/FYP/Repos/Others/our_arm_v2/install/manipulator_msgs/lib/python3.12/site-packages:${PYTHONPATH} /usr/bin/cmake --install /home/rajitha-niroshan/FYP/Repos/Others/our_arm_v2/build/manipulator_utils
[0.482s] -- Install configuration: ""
[0.482s] -- Up-to-date: /home/rajitha-niroshan/FYP/Repos/Others/our_arm_v2/install/manipulator_utils/share/manipulator_utils/environment/pythonpath.sh
[0.482s] -- Up-to-date: /home/rajitha-niroshan/FYP/Repos/Others/our_arm_v2/install/manipulator_utils/share/manipulator_utils/environment/pythonpath.dsv
[0.482s] -- Up-to-date: /home/rajitha-niroshan/FYP/Repos/Others/our_arm_v2/install/manipulator_utils/lib/python3.12/site-packages/manipulator_utils-0.0.0-py3.12.egg-info
[0.483s] -- Installing: /home/rajitha-niroshan/FYP/Repos/Others/our_arm_v2/install/manipulator_utils/lib/python3.12/site-packages/manipulator_utils-0.0.0-py3.12.egg-info/dependency_links.txt
[0.483s] -- Installing: /home/rajitha-niroshan/FYP/Repos/Others/our_arm_v2/install/manipulator_utils/lib/python3.12/site-packages/manipulator_utils-0.0.0-py3.12.egg-info/SOURCES.txt
[0.483s] -- Installing: /home/rajitha-niroshan/FYP/Repos/Others/our_arm_v2/install/manipulator_utils/lib/python3.12/site-packages/manipulator_utils-0.0.0-py3.12.egg-info/PKG-INFO
[0.483s] -- Installing: /home/rajitha-niroshan/FYP/Repos/Others/our_arm_v2/install/manipulator_utils/lib/python3.12/site-packages/manipulator_utils-0.0.0-py3.12.egg-info/top_level.txt
[0.483s] -- Up-to-date: /home/rajitha-niroshan/FYP/Repos/Others/our_arm_v2/install/manipulator_utils/lib/python3.12/site-packages/manipulator_utils
[0.483s] -- Up-to-date: /home/rajitha-niroshan/FYP/Repos/Others/our_arm_v2/install/manipulator_utils/lib/python3.12/site-packages/manipulator_utils/__init__.py
[0.483s] -- Up-to-date: /home/rajitha-niroshan/FYP/Repos/Others/our_arm_v2/install/manipulator_utils/lib/python3.12/site-packages/manipulator_utils/angle_conversion.py
[0.507s] Listing '/home/rajitha-niroshan/FYP/Repos/Others/our_arm_v2/install/manipulator_utils/lib/python3.12/site-packages/manipulator_utils'...
[0.512s] -- Up-to-date: /home/rajitha-niroshan/FYP/Repos/Others/our_arm_v2/install/manipulator_utils/lib/manipulator_utils/angle_conversion.py
[0.512s] -- Up-to-date: /home/rajitha-niroshan/FYP/Repos/Others/our_arm_v2/install/manipulator_utils/share/ament_index/resource_index/package_run_dependencies/manipulator_utils
[0.512s] -- Up-to-date: /home/rajitha-niroshan/FYP/Repos/Others/our_arm_v2/install/manipulator_utils/share/ament_index/resource_index/parent_prefix_path/manipulator_utils
[0.512s] -- Up-to-date: /home/rajitha-niroshan/FYP/Repos/Others/our_arm_v2/install/manipulator_utils/share/manipulator_utils/environment/ament_prefix_path.sh
[0.512s] -- Up-to-date: /home/rajitha-niroshan/FYP/Repos/Others/our_arm_v2/install/manipulator_utils/share/manipulator_utils/environment/ament_prefix_path.dsv
[0.512s] -- Up-to-date: /home/rajitha-niroshan/FYP/Repos/Others/our_arm_v2/install/manipulator_utils/share/manipulator_utils/environment/path.sh
[0.512s] -- Up-to-date: /home/rajitha-niroshan/FYP/Repos/Others/our_arm_v2/install/manipulator_utils/share/manipulator_utils/environment/path.dsv
[0.512s] -- Up-to-date: /home/rajitha-niroshan/FYP/Repos/Others/our_arm_v2/install/manipulator_utils/share/manipulator_utils/local_setup.bash
[0.512s] -- Up-to-date: /home/rajitha-niroshan/FYP/Repos/Others/our_arm_v2/install/manipulator_utils/share/manipulator_utils/local_setup.sh
[0.512s] -- Up-to-date: /home/rajitha-niroshan/FYP/Repos/Others/our_arm_v2/install/manipulator_utils/share/manipulator_utils/local_setup.zsh
[0.513s] -- Up-to-date: /home/rajitha-niroshan/FYP/Repos/Others/our_arm_v2/install/manipulator_utils/share/manipulator_utils/local_setup.dsv
[0.513s] -- Installing: /home/rajitha-niroshan/FYP/Repos/Others/our_arm_v2/install/manipulator_utils/share/manipulator_utils/package.dsv
[0.513s] -- Up-to-date: /home/rajitha-niroshan/FYP/Repos/Others/our_arm_v2/install/manipulator_utils/share/ament_index/resource_index/packages/manipulator_utils
[0.513s] -- Up-to-date: /home/rajitha-niroshan/FYP/Repos/Others/our_arm_v2/install/manipulator_utils/share/manipulator_utils/cmake/manipulator_utilsConfig.cmake
[0.513s] -- Up-to-date: /home/rajitha-niroshan/FYP/Repos/Others/our_arm_v2/install/manipulator_utils/share/manipulator_utils/cmake/manipulator_utilsConfig-version.cmake
[0.513s] -- Up-to-date: /home/rajitha-niroshan/FYP/Repos/Others/our_arm_v2/install/manipulator_utils/share/manipulator_utils/package.xml
[0.515s] Invoked command in '/home/rajitha-niroshan/FYP/Repos/Others/our_arm_v2/build/manipulator_utils' returned '0': AMENT_PREFIX_PATH=/home/rajitha-niroshan/FYP/Repos/Others/our_arm_v2/install/manipulator_msgs:${AMENT_PREFIX_PATH} CMAKE_PREFIX_PATH=/home/rajitha-niroshan/FYP/Repos/Others/our_arm_v2/install/manipulator_msgs:/home/rajitha-niroshan/Uni/Sem7/Autonomous/ros2_ws/install/cpp_pubsub:/opt/ros/jazzy/opt/gz_launch_vendor:/opt/ros/jazzy/opt/gz_sim_vendor:/opt/ros/jazzy/opt/gz_sensors_vendor:/opt/ros/jazzy/opt/gz_physics_vendor:/opt/ros/jazzy/opt/sdformat_vendor:/opt/ros/jazzy/opt/gz_gui_vendor:/opt/ros/jazzy/opt/gz_transport_vendor:/opt/ros/jazzy/opt/gz_rendering_vendor:/opt/ros/jazzy/opt/gz_plugin_vendor:/opt/ros/jazzy/opt/gz_fuel_tools_vendor:/opt/ros/jazzy/opt/gz_msgs_vendor:/opt/ros/jazzy/opt/gz_common_vendor:/opt/ros/jazzy/opt/gz_math_vendor:/opt/ros/jazzy/opt/gz_utils_vendor:/opt/ros/jazzy/opt/gz_tools_vendor:/opt/ros/jazzy/opt/gz_ogre_next_vendor:/opt/ros/jazzy/opt/gz_dartsim_vendor:/opt/ros/jazzy/opt/gz_cmake_vendor:/opt/ros/jazzy DEBUGINFOD_URLS=https://debuginfod.ubuntu.com LD_LIBRARY_PATH=/home/rajitha-niroshan/FYP/Repos/Others/our_arm_v2/install/manipulator_msgs/lib:${LD_LIBRARY_PATH} PYTHONPATH=/home/rajitha-niroshan/FYP/Repos/Others/our_arm_v2/install/manipulator_msgs/lib/python3.12/site-packages:${PYTHONPATH} /usr/bin/cmake --install /home/rajitha-niroshan/FYP/Repos/Others/our_arm_v2/build/manipulator_utils
