[0.012s] Invoking command in '/home/rajitha-niroshan/FYP/Repos/Others/ROS2-Manipulator-Robot-with-Python/build/manipulator_msgs': CMAKE_PREFIX_PATH=${CMAKE_PREFIX_PATH}:/opt/ros/jazzy DEBUGINFOD_URLS=https://debuginfod.ubuntu.com /usr/bin/cmake --build /home/rajitha-niroshan/FYP/Repos/Others/ROS2-Manipulator-Robot-with-Python/build/manipulator_msgs -- -j8 -l8
[0.050s] [  1%] Built target manipulator_msgs__rosidl_generator_type_description
[0.058s] [  1%] Built target ament_cmake_python_copy_manipulator_msgs
[0.068s] [  3%] Built target manipulator_msgs__cpp
[0.069s] [ 24%] Built target manipulator_msgs__rosidl_generator_c
[0.100s] [ 33%] Built target manipulator_msgs__rosidl_typesupport_fastrtps_c
[0.100s] [ 55%] Built target manipulator_msgs__rosidl_typesupport_cpp
[0.102s] [ 55%] Built target manipulator_msgs__rosidl_typesupport_c
[0.102s] [ 64%] Built target manipulator_msgs__rosidl_typesupport_introspection_c
[0.102s] [ 70%] Built target manipulator_msgs__rosidl_typesupport_fastrtps_cpp
[0.110s] [ 79%] Built target manipulator_msgs__rosidl_typesupport_introspection_cpp
[0.126s] [ 79%] Built target manipulator_msgs
[0.142s] [ 81%] Built target manipulator_msgs__py
[0.160s] [ 88%] Built target manipulator_msgs__rosidl_generator_py
[0.179s] [ 96%] Built target manipulator_msgs_s__rosidl_typesupport_fastrtps_c
[0.179s] [ 96%] Built target manipulator_msgs_s__rosidl_typesupport_c
[0.179s] [100%] Built target manipulator_msgs_s__rosidl_typesupport_introspection_c
[0.255s] running egg_info
[0.269s] writing manipulator_msgs.egg-info/PKG-INFO
[0.269s] writing dependency_links to manipulator_msgs.egg-info/dependency_links.txt
[0.269s] writing top-level names to manipulator_msgs.egg-info/top_level.txt
[0.315s] reading manifest file 'manipulator_msgs.egg-info/SOURCES.txt'
[0.315s] writing manifest file 'manipulator_msgs.egg-info/SOURCES.txt'
[0.336s] [100%] Built target ament_cmake_python_build_manipulator_msgs_egg
[0.345s] Invoked command in '/home/rajitha-niroshan/FYP/Repos/Others/ROS2-Manipulator-Robot-with-Python/build/manipulator_msgs' returned '0': CMAKE_PREFIX_PATH=${CMAKE_PREFIX_PATH}:/opt/ros/jazzy DEBUGINFOD_URLS=https://debuginfod.ubuntu.com /usr/bin/cmake --build /home/rajitha-niroshan/FYP/Repos/Others/ROS2-Manipulator-Robot-with-Python/build/manipulator_msgs -- -j8 -l8
[0.346s] Invoking command in '/home/rajitha-niroshan/FYP/Repos/Others/ROS2-Manipulator-Robot-with-Python/build/manipulator_msgs': CMAKE_PREFIX_PATH=${CMAKE_PREFIX_PATH}:/opt/ros/jazzy DEBUGINFOD_URLS=https://debuginfod.ubuntu.com /usr/bin/cmake --install /home/rajitha-niroshan/FYP/Repos/Others/ROS2-Manipulator-Robot-with-Python/build/manipulator_msgs
[0.353s] -- Install configuration: ""
[0.353s] -- Up-to-date: /home/rajitha-niroshan/FYP/Repos/Others/ROS2-Manipulator-Robot-with-Python/install/manipulator_msgs/share/ament_index/resource_index/rosidl_interfaces/manipulator_msgs
[0.353s] -- Up-to-date: /home/rajitha-niroshan/FYP/Repos/Others/ROS2-Manipulator-Robot-with-Python/install/manipulator_msgs/share/manipulator_msgs/srv/AddTwoInts.json
[0.353s] -- Up-to-date: /home/rajitha-niroshan/FYP/Repos/Others/ROS2-Manipulator-Robot-with-Python/install/manipulator_msgs/share/manipulator_msgs/srv/QuaternionToEuler.json
[0.353s] -- Up-to-date: /home/rajitha-niroshan/FYP/Repos/Others/ROS2-Manipulator-Robot-with-Python/install/manipulator_msgs/share/manipulator_msgs/srv/EulerToQuaternion.json
[0.353s] -- Up-to-date: /home/rajitha-niroshan/FYP/Repos/Others/ROS2-Manipulator-Robot-with-Python/install/manipulator_msgs/include/manipulator_msgs/manipulator_msgs
[0.353s] -- Up-to-date: /home/rajitha-niroshan/FYP/Repos/Others/ROS2-Manipulator-Robot-with-Python/install/manipulator_msgs/include/manipulator_msgs/manipulator_msgs/msg
[0.353s] -- Up-to-date: /home/rajitha-niroshan/FYP/Repos/Others/ROS2-Manipulator-Robot-with-Python/install/manipulator_msgs/include/manipulator_msgs/manipulator_msgs/msg/rosidl_generator_c__visibility_control.h
[0.353s] -- Up-to-date: /home/rajitha-niroshan/FYP/Repos/Others/ROS2-Manipulator-Robot-with-Python/install/manipulator_msgs/include/manipulator_msgs/manipulator_msgs/srv
[0.354s] -- Up-to-date: /home/rajitha-niroshan/FYP/Repos/Others/ROS2-Manipulator-Robot-with-Python/install/manipulator_msgs/include/manipulator_msgs/manipulator_msgs/srv/euler_to_quaternion.h
[0.354s] -- Up-to-date: /home/rajitha-niroshan/FYP/Repos/Others/ROS2-Manipulator-Robot-with-Python/install/manipulator_msgs/include/manipulator_msgs/manipulator_msgs/srv/quaternion_to_euler.h
[0.354s] -- Up-to-date: /home/rajitha-niroshan/FYP/Repos/Others/ROS2-Manipulator-Robot-with-Python/install/manipulator_msgs/include/manipulator_msgs/manipulator_msgs/srv/add_two_ints.h
[0.354s] -- Up-to-date: /home/rajitha-niroshan/FYP/Repos/Others/ROS2-Manipulator-Robot-with-Python/install/manipulator_msgs/include/manipulator_msgs/manipulator_msgs/srv/detail
[0.354s] -- Up-to-date: /home/rajitha-niroshan/FYP/Repos/Others/ROS2-Manipulator-Robot-with-Python/install/manipulator_msgs/include/manipulator_msgs/manipulator_msgs/srv/detail/quaternion_to_euler__type_support.c
[0.354s] -- Up-to-date: /home/rajitha-niroshan/FYP/Repos/Others/ROS2-Manipulator-Robot-with-Python/install/manipulator_msgs/include/manipulator_msgs/manipulator_msgs/srv/detail/euler_to_quaternion__type_support.h
[0.354s] -- Up-to-date: /home/rajitha-niroshan/FYP/Repos/Others/ROS2-Manipulator-Robot-with-Python/install/manipulator_msgs/include/manipulator_msgs/manipulator_msgs/srv/detail/quaternion_to_euler__type_support.h
[0.354s] -- Up-to-date: /home/rajitha-niroshan/FYP/Repos/Others/ROS2-Manipulator-Robot-with-Python/install/manipulator_msgs/include/manipulator_msgs/manipulator_msgs/srv/detail/quaternion_to_euler__description.c
[0.354s] -- Up-to-date: /home/rajitha-niroshan/FYP/Repos/Others/ROS2-Manipulator-Robot-with-Python/install/manipulator_msgs/include/manipulator_msgs/manipulator_msgs/srv/detail/add_two_ints__functions.c
[0.354s] -- Up-to-date: /home/rajitha-niroshan/FYP/Repos/Others/ROS2-Manipulator-Robot-with-Python/install/manipulator_msgs/include/manipulator_msgs/manipulator_msgs/srv/detail/euler_to_quaternion__type_support.c
[0.355s] -- Up-to-date: /home/rajitha-niroshan/FYP/Repos/Others/ROS2-Manipulator-Robot-with-Python/install/manipulator_msgs/include/manipulator_msgs/manipulator_msgs/srv/detail/quaternion_to_euler__struct.h
[0.355s] -- Up-to-date: /home/rajitha-niroshan/FYP/Repos/Others/ROS2-Manipulator-Robot-with-Python/install/manipulator_msgs/include/manipulator_msgs/manipulator_msgs/srv/detail/euler_to_quaternion__struct.h
[0.355s] -- Up-to-date: /home/rajitha-niroshan/FYP/Repos/Others/ROS2-Manipulator-Robot-with-Python/install/manipulator_msgs/include/manipulator_msgs/manipulator_msgs/srv/detail/add_two_ints__description.c
[0.355s] -- Up-to-date: /home/rajitha-niroshan/FYP/Repos/Others/ROS2-Manipulator-Robot-with-Python/install/manipulator_msgs/include/manipulator_msgs/manipulator_msgs/srv/detail/add_two_ints__type_support.c
[0.355s] -- Up-to-date: /home/rajitha-niroshan/FYP/Repos/Others/ROS2-Manipulator-Robot-with-Python/install/manipulator_msgs/include/manipulator_msgs/manipulator_msgs/srv/detail/add_two_ints__type_support.h
[0.355s] -- Up-to-date: /home/rajitha-niroshan/FYP/Repos/Others/ROS2-Manipulator-Robot-with-Python/install/manipulator_msgs/include/manipulator_msgs/manipulator_msgs/srv/detail/quaternion_to_euler__functions.c
[0.355s] -- Up-to-date: /home/rajitha-niroshan/FYP/Repos/Others/ROS2-Manipulator-Robot-with-Python/install/manipulator_msgs/include/manipulator_msgs/manipulator_msgs/srv/detail/add_two_ints__struct.h
[0.355s] -- Up-to-date: /home/rajitha-niroshan/FYP/Repos/Others/ROS2-Manipulator-Robot-with-Python/install/manipulator_msgs/include/manipulator_msgs/manipulator_msgs/srv/detail/euler_to_quaternion__functions.c
[0.355s] -- Up-to-date: /home/rajitha-niroshan/FYP/Repos/Others/ROS2-Manipulator-Robot-with-Python/install/manipulator_msgs/include/manipulator_msgs/manipulator_msgs/srv/detail/euler_to_quaternion__description.c
[0.355s] -- Up-to-date: /home/rajitha-niroshan/FYP/Repos/Others/ROS2-Manipulator-Robot-with-Python/install/manipulator_msgs/include/manipulator_msgs/manipulator_msgs/srv/detail/quaternion_to_euler__functions.h
[0.356s] -- Up-to-date: /home/rajitha-niroshan/FYP/Repos/Others/ROS2-Manipulator-Robot-with-Python/install/manipulator_msgs/include/manipulator_msgs/manipulator_msgs/srv/detail/add_two_ints__functions.h
[0.356s] -- Up-to-date: /home/rajitha-niroshan/FYP/Repos/Others/ROS2-Manipulator-Robot-with-Python/install/manipulator_msgs/include/manipulator_msgs/manipulator_msgs/srv/detail/euler_to_quaternion__functions.h
[0.356s] -- Up-to-date: /home/rajitha-niroshan/FYP/Repos/Others/ROS2-Manipulator-Robot-with-Python/install/manipulator_msgs/share/manipulator_msgs/environment/library_path.sh
[0.356s] -- Up-to-date: /home/rajitha-niroshan/FYP/Repos/Others/ROS2-Manipulator-Robot-with-Python/install/manipulator_msgs/share/manipulator_msgs/environment/library_path.dsv
[0.356s] -- Up-to-date: /home/rajitha-niroshan/FYP/Repos/Others/ROS2-Manipulator-Robot-with-Python/install/manipulator_msgs/lib/libmanipulator_msgs__rosidl_generator_c.so
[0.356s] -- Up-to-date: /home/rajitha-niroshan/FYP/Repos/Others/ROS2-Manipulator-Robot-with-Python/install/manipulator_msgs/include/manipulator_msgs/manipulator_msgs
[0.356s] -- Up-to-date: /home/rajitha-niroshan/FYP/Repos/Others/ROS2-Manipulator-Robot-with-Python/install/manipulator_msgs/include/manipulator_msgs/manipulator_msgs/msg
[0.356s] -- Up-to-date: /home/rajitha-niroshan/FYP/Repos/Others/ROS2-Manipulator-Robot-with-Python/install/manipulator_msgs/include/manipulator_msgs/manipulator_msgs/msg/rosidl_typesupport_fastrtps_c__visibility_control.h
[0.356s] -- Up-to-date: /home/rajitha-niroshan/FYP/Repos/Others/ROS2-Manipulator-Robot-with-Python/install/manipulator_msgs/include/manipulator_msgs/manipulator_msgs/srv
[0.356s] -- Up-to-date: /home/rajitha-niroshan/FYP/Repos/Others/ROS2-Manipulator-Robot-with-Python/install/manipulator_msgs/include/manipulator_msgs/manipulator_msgs/srv/detail
[0.357s] -- Up-to-date: /home/rajitha-niroshan/FYP/Repos/Others/ROS2-Manipulator-Robot-with-Python/install/manipulator_msgs/include/manipulator_msgs/manipulator_msgs/srv/detail/add_two_ints__rosidl_typesupport_fastrtps_c.h
[0.357s] -- Up-to-date: /home/rajitha-niroshan/FYP/Repos/Others/ROS2-Manipulator-Robot-with-Python/install/manipulator_msgs/include/manipulator_msgs/manipulator_msgs/srv/detail/quaternion_to_euler__rosidl_typesupport_fastrtps_c.h
[0.357s] -- Up-to-date: /home/rajitha-niroshan/FYP/Repos/Others/ROS2-Manipulator-Robot-with-Python/install/manipulator_msgs/include/manipulator_msgs/manipulator_msgs/srv/detail/euler_to_quaternion__rosidl_typesupport_fastrtps_c.h
[0.357s] -- Up-to-date: /home/rajitha-niroshan/FYP/Repos/Others/ROS2-Manipulator-Robot-with-Python/install/manipulator_msgs/lib/libmanipulator_msgs__rosidl_typesupport_fastrtps_c.so
[0.357s] -- Up-to-date: /home/rajitha-niroshan/FYP/Repos/Others/ROS2-Manipulator-Robot-with-Python/install/manipulator_msgs/include/manipulator_msgs/manipulator_msgs
[0.357s] -- Up-to-date: /home/rajitha-niroshan/FYP/Repos/Others/ROS2-Manipulator-Robot-with-Python/install/manipulator_msgs/include/manipulator_msgs/manipulator_msgs/msg
[0.357s] -- Up-to-date: /home/rajitha-niroshan/FYP/Repos/Others/ROS2-Manipulator-Robot-with-Python/install/manipulator_msgs/include/manipulator_msgs/manipulator_msgs/msg/rosidl_generator_cpp__visibility_control.hpp
[0.357s] -- Up-to-date: /home/rajitha-niroshan/FYP/Repos/Others/ROS2-Manipulator-Robot-with-Python/install/manipulator_msgs/include/manipulator_msgs/manipulator_msgs/srv
[0.357s] -- Up-to-date: /home/rajitha-niroshan/FYP/Repos/Others/ROS2-Manipulator-Robot-with-Python/install/manipulator_msgs/include/manipulator_msgs/manipulator_msgs/srv/add_two_ints.hpp
[0.357s] -- Up-to-date: /home/rajitha-niroshan/FYP/Repos/Others/ROS2-Manipulator-Robot-with-Python/install/manipulator_msgs/include/manipulator_msgs/manipulator_msgs/srv/euler_to_quaternion.hpp
[0.357s] -- Up-to-date: /home/rajitha-niroshan/FYP/Repos/Others/ROS2-Manipulator-Robot-with-Python/install/manipulator_msgs/include/manipulator_msgs/manipulator_msgs/srv/quaternion_to_euler.hpp
[0.358s] -- Up-to-date: /home/rajitha-niroshan/FYP/Repos/Others/ROS2-Manipulator-Robot-with-Python/install/manipulator_msgs/include/manipulator_msgs/manipulator_msgs/srv/detail
[0.358s] -- Up-to-date: /home/rajitha-niroshan/FYP/Repos/Others/ROS2-Manipulator-Robot-with-Python/install/manipulator_msgs/include/manipulator_msgs/manipulator_msgs/srv/detail/euler_to_quaternion__type_support.hpp
[0.358s] -- Up-to-date: /home/rajitha-niroshan/FYP/Repos/Others/ROS2-Manipulator-Robot-with-Python/install/manipulator_msgs/include/manipulator_msgs/manipulator_msgs/srv/detail/euler_to_quaternion__builder.hpp
[0.358s] -- Up-to-date: /home/rajitha-niroshan/FYP/Repos/Others/ROS2-Manipulator-Robot-with-Python/install/manipulator_msgs/include/manipulator_msgs/manipulator_msgs/srv/detail/quaternion_to_euler__builder.hpp
[0.358s] -- Up-to-date: /home/rajitha-niroshan/FYP/Repos/Others/ROS2-Manipulator-Robot-with-Python/install/manipulator_msgs/include/manipulator_msgs/manipulator_msgs/srv/detail/add_two_ints__builder.hpp
[0.358s] -- Up-to-date: /home/rajitha-niroshan/FYP/Repos/Others/ROS2-Manipulator-Robot-with-Python/install/manipulator_msgs/include/manipulator_msgs/manipulator_msgs/srv/detail/add_two_ints__traits.hpp
[0.358s] -- Up-to-date: /home/rajitha-niroshan/FYP/Repos/Others/ROS2-Manipulator-Robot-with-Python/install/manipulator_msgs/include/manipulator_msgs/manipulator_msgs/srv/detail/euler_to_quaternion__traits.hpp
[0.358s] -- Up-to-date: /home/rajitha-niroshan/FYP/Repos/Others/ROS2-Manipulator-Robot-with-Python/install/manipulator_msgs/include/manipulator_msgs/manipulator_msgs/srv/detail/quaternion_to_euler__type_support.hpp
[0.358s] -- Up-to-date: /home/rajitha-niroshan/FYP/Repos/Others/ROS2-Manipulator-Robot-with-Python/install/manipulator_msgs/include/manipulator_msgs/manipulator_msgs/srv/detail/add_two_ints__type_support.hpp
[0.358s] -- Up-to-date: /home/rajitha-niroshan/FYP/Repos/Others/ROS2-Manipulator-Robot-with-Python/install/manipulator_msgs/include/manipulator_msgs/manipulator_msgs/srv/detail/add_two_ints__struct.hpp
[0.359s] -- Up-to-date: /home/rajitha-niroshan/FYP/Repos/Others/ROS2-Manipulator-Robot-with-Python/install/manipulator_msgs/include/manipulator_msgs/manipulator_msgs/srv/detail/quaternion_to_euler__struct.hpp
[0.359s] -- Up-to-date: /home/rajitha-niroshan/FYP/Repos/Others/ROS2-Manipulator-Robot-with-Python/install/manipulator_msgs/include/manipulator_msgs/manipulator_msgs/srv/detail/quaternion_to_euler__traits.hpp
[0.359s] -- Up-to-date: /home/rajitha-niroshan/FYP/Repos/Others/ROS2-Manipulator-Robot-with-Python/install/manipulator_msgs/include/manipulator_msgs/manipulator_msgs/srv/detail/euler_to_quaternion__struct.hpp
[0.359s] -- Up-to-date: /home/rajitha-niroshan/FYP/Repos/Others/ROS2-Manipulator-Robot-with-Python/install/manipulator_msgs/include/manipulator_msgs/manipulator_msgs
[0.359s] -- Up-to-date: /home/rajitha-niroshan/FYP/Repos/Others/ROS2-Manipulator-Robot-with-Python/install/manipulator_msgs/include/manipulator_msgs/manipulator_msgs/msg
[0.359s] -- Up-to-date: /home/rajitha-niroshan/FYP/Repos/Others/ROS2-Manipulator-Robot-with-Python/install/manipulator_msgs/include/manipulator_msgs/manipulator_msgs/msg/rosidl_typesupport_fastrtps_cpp__visibility_control.h
[0.359s] -- Up-to-date: /home/rajitha-niroshan/FYP/Repos/Others/ROS2-Manipulator-Robot-with-Python/install/manipulator_msgs/include/manipulator_msgs/manipulator_msgs/srv
[0.359s] -- Up-to-date: /home/rajitha-niroshan/FYP/Repos/Others/ROS2-Manipulator-Robot-with-Python/install/manipulator_msgs/include/manipulator_msgs/manipulator_msgs/srv/detail
[0.359s] -- Up-to-date: /home/rajitha-niroshan/FYP/Repos/Others/ROS2-Manipulator-Robot-with-Python/install/manipulator_msgs/include/manipulator_msgs/manipulator_msgs/srv/detail/quaternion_to_euler__rosidl_typesupport_fastrtps_cpp.hpp
[0.359s] -- Up-to-date: /home/rajitha-niroshan/FYP/Repos/Others/ROS2-Manipulator-Robot-with-Python/install/manipulator_msgs/include/manipulator_msgs/manipulator_msgs/srv/detail/dds_fastrtps
[0.359s] -- Up-to-date: /home/rajitha-niroshan/FYP/Repos/Others/ROS2-Manipulator-Robot-with-Python/install/manipulator_msgs/include/manipulator_msgs/manipulator_msgs/srv/detail/add_two_ints__rosidl_typesupport_fastrtps_cpp.hpp
[0.359s] -- Up-to-date: /home/rajitha-niroshan/FYP/Repos/Others/ROS2-Manipulator-Robot-with-Python/install/manipulator_msgs/include/manipulator_msgs/manipulator_msgs/srv/detail/euler_to_quaternion__rosidl_typesupport_fastrtps_cpp.hpp
[0.359s] -- Up-to-date: /home/rajitha-niroshan/FYP/Repos/Others/ROS2-Manipulator-Robot-with-Python/install/manipulator_msgs/lib/libmanipulator_msgs__rosidl_typesupport_fastrtps_cpp.so
[0.359s] -- Up-to-date: /home/rajitha-niroshan/FYP/Repos/Others/ROS2-Manipulator-Robot-with-Python/install/manipulator_msgs/include/manipulator_msgs/manipulator_msgs
[0.359s] -- Up-to-date: /home/rajitha-niroshan/FYP/Repos/Others/ROS2-Manipulator-Robot-with-Python/install/manipulator_msgs/include/manipulator_msgs/manipulator_msgs/msg
[0.359s] -- Up-to-date: /home/rajitha-niroshan/FYP/Repos/Others/ROS2-Manipulator-Robot-with-Python/install/manipulator_msgs/include/manipulator_msgs/manipulator_msgs/msg/rosidl_typesupport_introspection_c__visibility_control.h
[0.359s] -- Up-to-date: /home/rajitha-niroshan/FYP/Repos/Others/ROS2-Manipulator-Robot-with-Python/install/manipulator_msgs/include/manipulator_msgs/manipulator_msgs/srv
[0.360s] -- Up-to-date: /home/rajitha-niroshan/FYP/Repos/Others/ROS2-Manipulator-Robot-with-Python/install/manipulator_msgs/include/manipulator_msgs/manipulator_msgs/srv/detail
[0.360s] -- Up-to-date: /home/rajitha-niroshan/FYP/Repos/Others/ROS2-Manipulator-Robot-with-Python/install/manipulator_msgs/include/manipulator_msgs/manipulator_msgs/srv/detail/quaternion_to_euler__type_support.c
[0.360s] -- Up-to-date: /home/rajitha-niroshan/FYP/Repos/Others/ROS2-Manipulator-Robot-with-Python/install/manipulator_msgs/include/manipulator_msgs/manipulator_msgs/srv/detail/euler_to_quaternion__type_support.c
[0.360s] -- Up-to-date: /home/rajitha-niroshan/FYP/Repos/Others/ROS2-Manipulator-Robot-with-Python/install/manipulator_msgs/include/manipulator_msgs/manipulator_msgs/srv/detail/euler_to_quaternion__rosidl_typesupport_introspection_c.h
[0.360s] -- Up-to-date: /home/rajitha-niroshan/FYP/Repos/Others/ROS2-Manipulator-Robot-with-Python/install/manipulator_msgs/include/manipulator_msgs/manipulator_msgs/srv/detail/add_two_ints__type_support.c
[0.360s] -- Up-to-date: /home/rajitha-niroshan/FYP/Repos/Others/ROS2-Manipulator-Robot-with-Python/install/manipulator_msgs/include/manipulator_msgs/manipulator_msgs/srv/detail/quaternion_to_euler__rosidl_typesupport_introspection_c.h
[0.360s] -- Up-to-date: /home/rajitha-niroshan/FYP/Repos/Others/ROS2-Manipulator-Robot-with-Python/install/manipulator_msgs/include/manipulator_msgs/manipulator_msgs/srv/detail/add_two_ints__rosidl_typesupport_introspection_c.h
[0.360s] -- Up-to-date: /home/rajitha-niroshan/FYP/Repos/Others/ROS2-Manipulator-Robot-with-Python/install/manipulator_msgs/lib/libmanipulator_msgs__rosidl_typesupport_introspection_c.so
[0.360s] -- Up-to-date: /home/rajitha-niroshan/FYP/Repos/Others/ROS2-Manipulator-Robot-with-Python/install/manipulator_msgs/lib/libmanipulator_msgs__rosidl_typesupport_c.so
[0.360s] -- Up-to-date: /home/rajitha-niroshan/FYP/Repos/Others/ROS2-Manipulator-Robot-with-Python/install/manipulator_msgs/include/manipulator_msgs/manipulator_msgs
[0.360s] -- Up-to-date: /home/rajitha-niroshan/FYP/Repos/Others/ROS2-Manipulator-Robot-with-Python/install/manipulator_msgs/include/manipulator_msgs/manipulator_msgs/srv
[0.360s] -- Up-to-date: /home/rajitha-niroshan/FYP/Repos/Others/ROS2-Manipulator-Robot-with-Python/install/manipulator_msgs/include/manipulator_msgs/manipulator_msgs/srv/detail
[0.360s] -- Up-to-date: /home/rajitha-niroshan/FYP/Repos/Others/ROS2-Manipulator-Robot-with-Python/install/manipulator_msgs/include/manipulator_msgs/manipulator_msgs/srv/detail/euler_to_quaternion__type_support.cpp
[0.360s] -- Up-to-date: /home/rajitha-niroshan/FYP/Repos/Others/ROS2-Manipulator-Robot-with-Python/install/manipulator_msgs/include/manipulator_msgs/manipulator_msgs/srv/detail/quaternion_to_euler__type_support.cpp
[0.360s] -- Up-to-date: /home/rajitha-niroshan/FYP/Repos/Others/ROS2-Manipulator-Robot-with-Python/install/manipulator_msgs/include/manipulator_msgs/manipulator_msgs/srv/detail/add_two_ints__rosidl_typesupport_introspection_cpp.hpp
[0.360s] -- Up-to-date: /home/rajitha-niroshan/FYP/Repos/Others/ROS2-Manipulator-Robot-with-Python/install/manipulator_msgs/include/manipulator_msgs/manipulator_msgs/srv/detail/euler_to_quaternion__rosidl_typesupport_introspection_cpp.hpp
[0.360s] -- Up-to-date: /home/rajitha-niroshan/FYP/Repos/Others/ROS2-Manipulator-Robot-with-Python/install/manipulator_msgs/include/manipulator_msgs/manipulator_msgs/srv/detail/add_two_ints__type_support.cpp
[0.360s] -- Up-to-date: /home/rajitha-niroshan/FYP/Repos/Others/ROS2-Manipulator-Robot-with-Python/install/manipulator_msgs/include/manipulator_msgs/manipulator_msgs/srv/detail/quaternion_to_euler__rosidl_typesupport_introspection_cpp.hpp
[0.360s] -- Up-to-date: /home/rajitha-niroshan/FYP/Repos/Others/ROS2-Manipulator-Robot-with-Python/install/manipulator_msgs/lib/libmanipulator_msgs__rosidl_typesupport_introspection_cpp.so
[0.361s] -- Up-to-date: /home/rajitha-niroshan/FYP/Repos/Others/ROS2-Manipulator-Robot-with-Python/install/manipulator_msgs/lib/libmanipulator_msgs__rosidl_typesupport_cpp.so
[0.361s] -- Up-to-date: /home/rajitha-niroshan/FYP/Repos/Others/ROS2-Manipulator-Robot-with-Python/install/manipulator_msgs/share/manipulator_msgs/environment/pythonpath.sh
[0.361s] -- Up-to-date: /home/rajitha-niroshan/FYP/Repos/Others/ROS2-Manipulator-Robot-with-Python/install/manipulator_msgs/share/manipulator_msgs/environment/pythonpath.dsv
[0.361s] -- Up-to-date: /home/rajitha-niroshan/FYP/Repos/Others/ROS2-Manipulator-Robot-with-Python/install/manipulator_msgs/lib/python3.12/site-packages/manipulator_msgs-0.0.0-py3.12.egg-info
[0.361s] -- Installing: /home/rajitha-niroshan/FYP/Repos/Others/ROS2-Manipulator-Robot-with-Python/install/manipulator_msgs/lib/python3.12/site-packages/manipulator_msgs-0.0.0-py3.12.egg-info/dependency_links.txt
[0.361s] -- Installing: /home/rajitha-niroshan/FYP/Repos/Others/ROS2-Manipulator-Robot-with-Python/install/manipulator_msgs/lib/python3.12/site-packages/manipulator_msgs-0.0.0-py3.12.egg-info/SOURCES.txt
[0.361s] -- Installing: /home/rajitha-niroshan/FYP/Repos/Others/ROS2-Manipulator-Robot-with-Python/install/manipulator_msgs/lib/python3.12/site-packages/manipulator_msgs-0.0.0-py3.12.egg-info/PKG-INFO
[0.361s] -- Installing: /home/rajitha-niroshan/FYP/Repos/Others/ROS2-Manipulator-Robot-with-Python/install/manipulator_msgs/lib/python3.12/site-packages/manipulator_msgs-0.0.0-py3.12.egg-info/top_level.txt
[0.361s] -- Up-to-date: /home/rajitha-niroshan/FYP/Repos/Others/ROS2-Manipulator-Robot-with-Python/install/manipulator_msgs/lib/python3.12/site-packages/manipulator_msgs
[0.361s] -- Up-to-date: /home/rajitha-niroshan/FYP/Repos/Others/ROS2-Manipulator-Robot-with-Python/install/manipulator_msgs/lib/python3.12/site-packages/manipulator_msgs/manipulator_msgs_s__rosidl_typesupport_introspection_c.so
[0.361s] -- Up-to-date: /home/rajitha-niroshan/FYP/Repos/Others/ROS2-Manipulator-Robot-with-Python/install/manipulator_msgs/lib/python3.12/site-packages/manipulator_msgs/__init__.py
[0.361s] -- Up-to-date: /home/rajitha-niroshan/FYP/Repos/Others/ROS2-Manipulator-Robot-with-Python/install/manipulator_msgs/lib/python3.12/site-packages/manipulator_msgs/manipulator_msgs_s__rosidl_typesupport_c.so
[0.361s] -- Up-to-date: /home/rajitha-niroshan/FYP/Repos/Others/ROS2-Manipulator-Robot-with-Python/install/manipulator_msgs/lib/python3.12/site-packages/manipulator_msgs/_manipulator_msgs_s.ep.rosidl_typesupport_introspection_c.c
[0.361s] -- Up-to-date: /home/rajitha-niroshan/FYP/Repos/Others/ROS2-Manipulator-Robot-with-Python/install/manipulator_msgs/lib/python3.12/site-packages/manipulator_msgs/_manipulator_msgs_s.ep.rosidl_typesupport_fastrtps_c.c
[0.361s] -- Up-to-date: /home/rajitha-niroshan/FYP/Repos/Others/ROS2-Manipulator-Robot-with-Python/install/manipulator_msgs/lib/python3.12/site-packages/manipulator_msgs/_manipulator_msgs_s.ep.rosidl_typesupport_c.c
[0.361s] -- Up-to-date: /home/rajitha-niroshan/FYP/Repos/Others/ROS2-Manipulator-Robot-with-Python/install/manipulator_msgs/lib/python3.12/site-packages/manipulator_msgs/manipulator_msgs_s__rosidl_typesupport_fastrtps_c.so
[0.361s] -- Up-to-date: /home/rajitha-niroshan/FYP/Repos/Others/ROS2-Manipulator-Robot-with-Python/install/manipulator_msgs/lib/python3.12/site-packages/manipulator_msgs/srv
[0.361s] -- Up-to-date: /home/rajitha-niroshan/FYP/Repos/Others/ROS2-Manipulator-Robot-with-Python/install/manipulator_msgs/lib/python3.12/site-packages/manipulator_msgs/srv/__init__.py
[0.361s] -- Up-to-date: /home/rajitha-niroshan/FYP/Repos/Others/ROS2-Manipulator-Robot-with-Python/install/manipulator_msgs/lib/python3.12/site-packages/manipulator_msgs/srv/_add_two_ints.py
[0.361s] -- Up-to-date: /home/rajitha-niroshan/FYP/Repos/Others/ROS2-Manipulator-Robot-with-Python/install/manipulator_msgs/lib/python3.12/site-packages/manipulator_msgs/srv/_euler_to_quaternion_s.c
[0.361s] -- Up-to-date: /home/rajitha-niroshan/FYP/Repos/Others/ROS2-Manipulator-Robot-with-Python/install/manipulator_msgs/lib/python3.12/site-packages/manipulator_msgs/srv/_add_two_ints_s.c
[0.361s] -- Up-to-date: /home/rajitha-niroshan/FYP/Repos/Others/ROS2-Manipulator-Robot-with-Python/install/manipulator_msgs/lib/python3.12/site-packages/manipulator_msgs/srv/_quaternion_to_euler.py
[0.362s] -- Up-to-date: /home/rajitha-niroshan/FYP/Repos/Others/ROS2-Manipulator-Robot-with-Python/install/manipulator_msgs/lib/python3.12/site-packages/manipulator_msgs/srv/_euler_to_quaternion.py
[0.362s] -- Up-to-date: /home/rajitha-niroshan/FYP/Repos/Others/ROS2-Manipulator-Robot-with-Python/install/manipulator_msgs/lib/python3.12/site-packages/manipulator_msgs/srv/_quaternion_to_euler_s.c
[0.385s] Listing '/home/rajitha-niroshan/FYP/Repos/Others/ROS2-Manipulator-Robot-with-Python/install/manipulator_msgs/lib/python3.12/site-packages/manipulator_msgs'...
[0.385s] Listing '/home/rajitha-niroshan/FYP/Repos/Others/ROS2-Manipulator-Robot-with-Python/install/manipulator_msgs/lib/python3.12/site-packages/manipulator_msgs/srv'...
[0.389s] -- Up-to-date: /home/rajitha-niroshan/FYP/Repos/Others/ROS2-Manipulator-Robot-with-Python/install/manipulator_msgs/lib/python3.12/site-packages/manipulator_msgs/manipulator_msgs_s__rosidl_typesupport_fastrtps_c.so
[0.389s] -- Up-to-date: /home/rajitha-niroshan/FYP/Repos/Others/ROS2-Manipulator-Robot-with-Python/install/manipulator_msgs/lib/python3.12/site-packages/manipulator_msgs/manipulator_msgs_s__rosidl_typesupport_introspection_c.so
[0.389s] -- Up-to-date: /home/rajitha-niroshan/FYP/Repos/Others/ROS2-Manipulator-Robot-with-Python/install/manipulator_msgs/lib/python3.12/site-packages/manipulator_msgs/manipulator_msgs_s__rosidl_typesupport_c.so
[0.390s] -- Up-to-date: /home/rajitha-niroshan/FYP/Repos/Others/ROS2-Manipulator-Robot-with-Python/install/manipulator_msgs/lib/libmanipulator_msgs__rosidl_generator_py.so
[0.390s] -- Up-to-date: /home/rajitha-niroshan/FYP/Repos/Others/ROS2-Manipulator-Robot-with-Python/install/manipulator_msgs/share/manipulator_msgs/srv/AddTwoInts.idl
[0.390s] -- Up-to-date: /home/rajitha-niroshan/FYP/Repos/Others/ROS2-Manipulator-Robot-with-Python/install/manipulator_msgs/share/manipulator_msgs/srv/QuaternionToEuler.idl
[0.390s] -- Up-to-date: /home/rajitha-niroshan/FYP/Repos/Others/ROS2-Manipulator-Robot-with-Python/install/manipulator_msgs/share/manipulator_msgs/srv/EulerToQuaternion.idl
[0.390s] -- Up-to-date: /home/rajitha-niroshan/FYP/Repos/Others/ROS2-Manipulator-Robot-with-Python/install/manipulator_msgs/share/manipulator_msgs/srv/AddTwoInts.srv
[0.390s] -- Up-to-date: /home/rajitha-niroshan/FYP/Repos/Others/ROS2-Manipulator-Robot-with-Python/install/manipulator_msgs/share/manipulator_msgs/srv/QuaternionToEuler.srv
[0.390s] -- Up-to-date: /home/rajitha-niroshan/FYP/Repos/Others/ROS2-Manipulator-Robot-with-Python/install/manipulator_msgs/share/manipulator_msgs/srv/EulerToQuaternion.srv
[0.390s] -- Up-to-date: /home/rajitha-niroshan/FYP/Repos/Others/ROS2-Manipulator-Robot-with-Python/install/manipulator_msgs/share/ament_index/resource_index/package_run_dependencies/manipulator_msgs
[0.390s] -- Up-to-date: /home/rajitha-niroshan/FYP/Repos/Others/ROS2-Manipulator-Robot-with-Python/install/manipulator_msgs/share/ament_index/resource_index/parent_prefix_path/manipulator_msgs
[0.390s] -- Up-to-date: /home/rajitha-niroshan/FYP/Repos/Others/ROS2-Manipulator-Robot-with-Python/install/manipulator_msgs/share/manipulator_msgs/environment/ament_prefix_path.sh
[0.390s] -- Up-to-date: /home/rajitha-niroshan/FYP/Repos/Others/ROS2-Manipulator-Robot-with-Python/install/manipulator_msgs/share/manipulator_msgs/environment/ament_prefix_path.dsv
[0.390s] -- Up-to-date: /home/rajitha-niroshan/FYP/Repos/Others/ROS2-Manipulator-Robot-with-Python/install/manipulator_msgs/share/manipulator_msgs/environment/path.sh
[0.390s] -- Up-to-date: /home/rajitha-niroshan/FYP/Repos/Others/ROS2-Manipulator-Robot-with-Python/install/manipulator_msgs/share/manipulator_msgs/environment/path.dsv
[0.391s] -- Up-to-date: /home/rajitha-niroshan/FYP/Repos/Others/ROS2-Manipulator-Robot-with-Python/install/manipulator_msgs/share/manipulator_msgs/local_setup.bash
[0.391s] -- Up-to-date: /home/rajitha-niroshan/FYP/Repos/Others/ROS2-Manipulator-Robot-with-Python/install/manipulator_msgs/share/manipulator_msgs/local_setup.sh
[0.391s] -- Up-to-date: /home/rajitha-niroshan/FYP/Repos/Others/ROS2-Manipulator-Robot-with-Python/install/manipulator_msgs/share/manipulator_msgs/local_setup.zsh
[0.391s] -- Up-to-date: /home/rajitha-niroshan/FYP/Repos/Others/ROS2-Manipulator-Robot-with-Python/install/manipulator_msgs/share/manipulator_msgs/local_setup.dsv
[0.391s] -- Installing: /home/rajitha-niroshan/FYP/Repos/Others/ROS2-Manipulator-Robot-with-Python/install/manipulator_msgs/share/manipulator_msgs/package.dsv
[0.391s] -- Up-to-date: /home/rajitha-niroshan/FYP/Repos/Others/ROS2-Manipulator-Robot-with-Python/install/manipulator_msgs/share/ament_index/resource_index/packages/manipulator_msgs
[0.391s] -- Up-to-date: /home/rajitha-niroshan/FYP/Repos/Others/ROS2-Manipulator-Robot-with-Python/install/manipulator_msgs/share/manipulator_msgs/cmake/export_manipulator_msgs__rosidl_generator_cExport.cmake
[0.391s] -- Up-to-date: /home/rajitha-niroshan/FYP/Repos/Others/ROS2-Manipulator-Robot-with-Python/install/manipulator_msgs/share/manipulator_msgs/cmake/export_manipulator_msgs__rosidl_generator_cExport-noconfig.cmake
[0.391s] -- Up-to-date: /home/rajitha-niroshan/FYP/Repos/Others/ROS2-Manipulator-Robot-with-Python/install/manipulator_msgs/share/manipulator_msgs/cmake/export_manipulator_msgs__rosidl_typesupport_fastrtps_cExport.cmake
[0.391s] -- Up-to-date: /home/rajitha-niroshan/FYP/Repos/Others/ROS2-Manipulator-Robot-with-Python/install/manipulator_msgs/share/manipulator_msgs/cmake/export_manipulator_msgs__rosidl_typesupport_fastrtps_cExport-noconfig.cmake
[0.391s] -- Up-to-date: /home/rajitha-niroshan/FYP/Repos/Others/ROS2-Manipulator-Robot-with-Python/install/manipulator_msgs/share/manipulator_msgs/cmake/export_manipulator_msgs__rosidl_generator_cppExport.cmake
[0.391s] -- Up-to-date: /home/rajitha-niroshan/FYP/Repos/Others/ROS2-Manipulator-Robot-with-Python/install/manipulator_msgs/share/manipulator_msgs/cmake/export_manipulator_msgs__rosidl_typesupport_fastrtps_cppExport.cmake
[0.391s] -- Up-to-date: /home/rajitha-niroshan/FYP/Repos/Others/ROS2-Manipulator-Robot-with-Python/install/manipulator_msgs/share/manipulator_msgs/cmake/export_manipulator_msgs__rosidl_typesupport_fastrtps_cppExport-noconfig.cmake
[0.391s] -- Up-to-date: /home/rajitha-niroshan/FYP/Repos/Others/ROS2-Manipulator-Robot-with-Python/install/manipulator_msgs/share/manipulator_msgs/cmake/manipulator_msgs__rosidl_typesupport_introspection_cExport.cmake
[0.391s] -- Up-to-date: /home/rajitha-niroshan/FYP/Repos/Others/ROS2-Manipulator-Robot-with-Python/install/manipulator_msgs/share/manipulator_msgs/cmake/manipulator_msgs__rosidl_typesupport_introspection_cExport-noconfig.cmake
[0.392s] -- Up-to-date: /home/rajitha-niroshan/FYP/Repos/Others/ROS2-Manipulator-Robot-with-Python/install/manipulator_msgs/share/manipulator_msgs/cmake/manipulator_msgs__rosidl_typesupport_cExport.cmake
[0.392s] -- Up-to-date: /home/rajitha-niroshan/FYP/Repos/Others/ROS2-Manipulator-Robot-with-Python/install/manipulator_msgs/share/manipulator_msgs/cmake/manipulator_msgs__rosidl_typesupport_cExport-noconfig.cmake
[0.392s] -- Up-to-date: /home/rajitha-niroshan/FYP/Repos/Others/ROS2-Manipulator-Robot-with-Python/install/manipulator_msgs/share/manipulator_msgs/cmake/manipulator_msgs__rosidl_typesupport_introspection_cppExport.cmake
[0.392s] -- Up-to-date: /home/rajitha-niroshan/FYP/Repos/Others/ROS2-Manipulator-Robot-with-Python/install/manipulator_msgs/share/manipulator_msgs/cmake/manipulator_msgs__rosidl_typesupport_introspection_cppExport-noconfig.cmake
[0.392s] -- Up-to-date: /home/rajitha-niroshan/FYP/Repos/Others/ROS2-Manipulator-Robot-with-Python/install/manipulator_msgs/share/manipulator_msgs/cmake/manipulator_msgs__rosidl_typesupport_cppExport.cmake
[0.392s] -- Up-to-date: /home/rajitha-niroshan/FYP/Repos/Others/ROS2-Manipulator-Robot-with-Python/install/manipulator_msgs/share/manipulator_msgs/cmake/manipulator_msgs__rosidl_typesupport_cppExport-noconfig.cmake
[0.392s] -- Up-to-date: /home/rajitha-niroshan/FYP/Repos/Others/ROS2-Manipulator-Robot-with-Python/install/manipulator_msgs/share/manipulator_msgs/cmake/export_manipulator_msgs__rosidl_generator_pyExport.cmake
[0.392s] -- Up-to-date: /home/rajitha-niroshan/FYP/Repos/Others/ROS2-Manipulator-Robot-with-Python/install/manipulator_msgs/share/manipulator_msgs/cmake/export_manipulator_msgs__rosidl_generator_pyExport-noconfig.cmake
[0.392s] -- Up-to-date: /home/rajitha-niroshan/FYP/Repos/Others/ROS2-Manipulator-Robot-with-Python/install/manipulator_msgs/share/manipulator_msgs/cmake/rosidl_cmake-extras.cmake
[0.392s] -- Up-to-date: /home/rajitha-niroshan/FYP/Repos/Others/ROS2-Manipulator-Robot-with-Python/install/manipulator_msgs/share/manipulator_msgs/cmake/ament_cmake_export_dependencies-extras.cmake
[0.392s] -- Up-to-date: /home/rajitha-niroshan/FYP/Repos/Others/ROS2-Manipulator-Robot-with-Python/install/manipulator_msgs/share/manipulator_msgs/cmake/ament_cmake_export_include_directories-extras.cmake
[0.392s] -- Up-to-date: /home/rajitha-niroshan/FYP/Repos/Others/ROS2-Manipulator-Robot-with-Python/install/manipulator_msgs/share/manipulator_msgs/cmake/ament_cmake_export_libraries-extras.cmake
[0.392s] -- Up-to-date: /home/rajitha-niroshan/FYP/Repos/Others/ROS2-Manipulator-Robot-with-Python/install/manipulator_msgs/share/manipulator_msgs/cmake/ament_cmake_export_targets-extras.cmake
[0.392s] -- Up-to-date: /home/rajitha-niroshan/FYP/Repos/Others/ROS2-Manipulator-Robot-with-Python/install/manipulator_msgs/share/manipulator_msgs/cmake/rosidl_cmake_export_typesupport_targets-extras.cmake
[0.392s] -- Up-to-date: /home/rajitha-niroshan/FYP/Repos/Others/ROS2-Manipulator-Robot-with-Python/install/manipulator_msgs/share/manipulator_msgs/cmake/rosidl_cmake_export_typesupport_libraries-extras.cmake
[0.392s] -- Up-to-date: /home/rajitha-niroshan/FYP/Repos/Others/ROS2-Manipulator-Robot-with-Python/install/manipulator_msgs/share/manipulator_msgs/cmake/manipulator_msgsConfig.cmake
[0.392s] -- Up-to-date: /home/rajitha-niroshan/FYP/Repos/Others/ROS2-Manipulator-Robot-with-Python/install/manipulator_msgs/share/manipulator_msgs/cmake/manipulator_msgsConfig-version.cmake
[0.393s] -- Up-to-date: /home/rajitha-niroshan/FYP/Repos/Others/ROS2-Manipulator-Robot-with-Python/install/manipulator_msgs/share/manipulator_msgs/package.xml
[0.395s] Invoked command in '/home/rajitha-niroshan/FYP/Repos/Others/ROS2-Manipulator-Robot-with-Python/build/manipulator_msgs' returned '0': CMAKE_PREFIX_PATH=${CMAKE_PREFIX_PATH}:/opt/ros/jazzy DEBUGINFOD_URLS=https://debuginfod.ubuntu.com /usr/bin/cmake --install /home/rajitha-niroshan/FYP/Repos/Others/ROS2-Manipulator-Robot-with-Python/build/manipulator_msgs
