[0.013s] Invoking command in '/home/rajitha-niroshan/FYP/Repos/ROS2-Manipulator-Robot-with-Python/build/manipulator_description': CMAKE_PREFIX_PATH=${CMAKE_PREFIX_PATH}:/opt/ros/jazzy DEBUGINFOD_URLS=https://debuginfod.ubuntu.com /usr/bin/cmake /home/rajitha-niroshan/FYP/Repos/ROS2-Manipulator-Robot-with-Python/src/manipulator_description -DCMAKE_INSTALL_PREFIX=/home/rajitha-niroshan/FYP/Repos/ROS2-Manipulator-Robot-with-Python/install/manipulator_description
[0.118s] -- The C compiler identification is GNU 13.3.0
[0.205s] -- The CXX compiler identification is GNU 13.3.0
[0.231s] -- Detecting C compiler ABI info
[0.402s] -- Detecting C compiler ABI info - done
[0.419s] -- Check for working C compiler: /usr/bin/cc - skipped
[0.419s] -- Detecting C compile features
[0.420s] -- Detecting C compile features - done
[0.434s] -- Detecting CXX compiler ABI info
[0.606s] -- Detecting CXX compiler ABI info - done
[0.622s] -- Check for working CXX compiler: /usr/bin/c++ - skipped
[0.624s] -- Detecting CXX compile features
[0.625s] -- Detecting CXX compile features - done
[0.634s] -- Found ament_cmake: 2.5.4 (/opt/ros/jazzy/share/ament_cmake/cmake)
[0.887s] -- Found Python3: /usr/bin/python3 (found version "3.12.3") found components: Interpreter 
[1.094s] -- Found ament_lint_auto: 0.17.3 (/opt/ros/jazzy/share/ament_lint_auto/cmake)
[1.265s] -- Added test 'lint_cmake' to check CMake code style
[1.267s] -- Added test 'xmllint' to check XML markup files
[1.269s] -- Configuring done (1.2s)
[1.274s] -- Generating done (0.0s)
[1.275s] -- Build files have been written to: /home/rajitha-niroshan/FYP/Repos/ROS2-Manipulator-Robot-with-Python/build/manipulator_description
[1.287s] Invoked command in '/home/rajitha-niroshan/FYP/Repos/ROS2-Manipulator-Robot-with-Python/build/manipulator_description' returned '0': CMAKE_PREFIX_PATH=${CMAKE_PREFIX_PATH}:/opt/ros/jazzy DEBUGINFOD_URLS=https://debuginfod.ubuntu.com /usr/bin/cmake /home/rajitha-niroshan/FYP/Repos/ROS2-Manipulator-Robot-with-Python/src/manipulator_description -DCMAKE_INSTALL_PREFIX=/home/rajitha-niroshan/FYP/Repos/ROS2-Manipulator-Robot-with-Python/install/manipulator_description
[1.287s] Invoking command in '/home/rajitha-niroshan/FYP/Repos/ROS2-Manipulator-Robot-with-Python/build/manipulator_description': CMAKE_PREFIX_PATH=${CMAKE_PREFIX_PATH}:/opt/ros/jazzy DEBUGINFOD_URLS=https://debuginfod.ubuntu.com /usr/bin/cmake --build /home/rajitha-niroshan/FYP/Repos/ROS2-Manipulator-Robot-with-Python/build/manipulator_description -- -j8 -l8
[1.340s] Invoked command in '/home/rajitha-niroshan/FYP/Repos/ROS2-Manipulator-Robot-with-Python/build/manipulator_description' returned '0': CMAKE_PREFIX_PATH=${CMAKE_PREFIX_PATH}:/opt/ros/jazzy DEBUGINFOD_URLS=https://debuginfod.ubuntu.com /usr/bin/cmake --build /home/rajitha-niroshan/FYP/Repos/ROS2-Manipulator-Robot-with-Python/build/manipulator_description -- -j8 -l8
[1.354s] Invoking command in '/home/rajitha-niroshan/FYP/Repos/ROS2-Manipulator-Robot-with-Python/build/manipulator_description': CMAKE_PREFIX_PATH=${CMAKE_PREFIX_PATH}:/opt/ros/jazzy DEBUGINFOD_URLS=https://debuginfod.ubuntu.com /usr/bin/cmake --install /home/rajitha-niroshan/FYP/Repos/ROS2-Manipulator-Robot-with-Python/build/manipulator_description
[1.370s] -- Install configuration: ""
[1.370s] -- Installing: /home/rajitha-niroshan/FYP/Repos/ROS2-Manipulator-Robot-with-Python/install/manipulator_description/share/ament_index/resource_index/package_run_dependencies/manipulator_description
[1.370s] -- Installing: /home/rajitha-niroshan/FYP/Repos/ROS2-Manipulator-Robot-with-Python/install/manipulator_description/share/ament_index/resource_index/parent_prefix_path/manipulator_description
[1.371s] -- Installing: /home/rajitha-niroshan/FYP/Repos/ROS2-Manipulator-Robot-with-Python/install/manipulator_description/share/manipulator_description/environment/ament_prefix_path.sh
[1.371s] -- Installing: /home/rajitha-niroshan/FYP/Repos/ROS2-Manipulator-Robot-with-Python/install/manipulator_description/share/manipulator_description/environment/ament_prefix_path.dsv
[1.371s] -- Installing: /home/rajitha-niroshan/FYP/Repos/ROS2-Manipulator-Robot-with-Python/install/manipulator_description/share/manipulator_description/environment/path.sh
[1.372s] -- Installing: /home/rajitha-niroshan/FYP/Repos/ROS2-Manipulator-Robot-with-Python/install/manipulator_description/share/manipulator_description/environment/path.dsv
[1.372s] -- Installing: /home/rajitha-niroshan/FYP/Repos/ROS2-Manipulator-Robot-with-Python/install/manipulator_description/share/manipulator_description/local_setup.bash
[1.372s] -- Installing: /home/rajitha-niroshan/FYP/Repos/ROS2-Manipulator-Robot-with-Python/install/manipulator_description/share/manipulator_description/local_setup.sh
[1.372s] -- Installing: /home/rajitha-niroshan/FYP/Repos/ROS2-Manipulator-Robot-with-Python/install/manipulator_description/share/manipulator_description/local_setup.zsh
[1.373s] -- Installing: /home/rajitha-niroshan/FYP/Repos/ROS2-Manipulator-Robot-with-Python/install/manipulator_description/share/manipulator_description/local_setup.dsv
[1.373s] -- Installing: /home/rajitha-niroshan/FYP/Repos/ROS2-Manipulator-Robot-with-Python/install/manipulator_description/share/manipulator_description/package.dsv
[1.374s] -- Installing: /home/rajitha-niroshan/FYP/Repos/ROS2-Manipulator-Robot-with-Python/install/manipulator_description/share/ament_index/resource_index/packages/manipulator_description
[1.374s] -- Installing: /home/rajitha-niroshan/FYP/Repos/ROS2-Manipulator-Robot-with-Python/install/manipulator_description/share/manipulator_description/cmake/manipulator_descriptionConfig.cmake
[1.375s] -- Installing: /home/rajitha-niroshan/FYP/Repos/ROS2-Manipulator-Robot-with-Python/install/manipulator_description/share/manipulator_description/cmake/manipulator_descriptionConfig-version.cmake
[1.375s] -- Installing: /home/rajitha-niroshan/FYP/Repos/ROS2-Manipulator-Robot-with-Python/install/manipulator_description/share/manipulator_description/package.xml
[1.375s] Invoked command in '/home/rajitha-niroshan/FYP/Repos/ROS2-Manipulator-Robot-with-Python/build/manipulator_description' returned '0': CMAKE_PREFIX_PATH=${CMAKE_PREFIX_PATH}:/opt/ros/jazzy DEBUGINFOD_URLS=https://debuginfod.ubuntu.com /usr/bin/cmake --install /home/rajitha-niroshan/FYP/Repos/ROS2-Manipulator-Robot-with-Python/build/manipulator_description
