[0.023s] Invoking command in '/home/rajitha-niroshan/FYP/Repos/Others/our_arm_v2/build/manipulator_msgs': CMAKE_PREFIX_PATH=${CMAKE_PREFIX_PATH}:/opt/ros/jazzy DEBUGINFOD_URLS=https://debuginfod.ubuntu.com /usr/bin/cmake --build /home/rajitha-niroshan/FYP/Repos/Others/our_arm_v2/build/manipulator_msgs -- -j8 -l8
[0.084s] [  1%] Built target manipulator_msgs__rosidl_generator_type_description
[0.092s] [  1%] Built target ament_cmake_python_copy_manipulator_msgs
[0.112s] [  3%] Built target manipulator_msgs__cpp
[0.113s] [ 25%] Built target manipulator_msgs__rosidl_generator_c
[0.153s] [ 35%] Built target manipulator_msgs__rosidl_typesupport_cpp
[0.153s] [ 43%] Built target manipulator_msgs__rosidl_typesupport_c
[0.159s] [ 53%] Built target manipulator_msgs__rosidl_typesupport_introspection_c
[0.159s] [ 62%] Built target manipulator_msgs__rosidl_typesupport_fastrtps_c
[0.159s] [ 71%] Built target manipulator_msgs__rosidl_typesupport_introspection_cpp
[0.166s] [ 81%] Built target manipulator_msgs__rosidl_typesupport_fastrtps_cpp
[0.193s] [ 81%] Built target manipulator_msgs
[0.217s] [ 82%] Built target manipulator_msgs__py
[0.247s] [ 90%] Built target manipulator_msgs__rosidl_generator_py
[0.274s] [100%] Built target manipulator_msgs_s__rosidl_typesupport_introspection_c
[0.274s] [100%] Built target manipulator_msgs_s__rosidl_typesupport_c
[0.275s] [100%] Built target manipulator_msgs_s__rosidl_typesupport_fastrtps_c
[0.405s] running egg_info
[0.436s] writing manipulator_msgs.egg-info/PKG-INFO
[0.436s] writing dependency_links to manipulator_msgs.egg-info/dependency_links.txt
[0.436s] writing top-level names to manipulator_msgs.egg-info/top_level.txt
[0.514s] reading manifest file 'manipulator_msgs.egg-info/SOURCES.txt'
[0.515s] writing manifest file 'manipulator_msgs.egg-info/SOURCES.txt'
[0.544s] [100%] Built target ament_cmake_python_build_manipulator_msgs_egg
[0.559s] Invoked command in '/home/rajitha-niroshan/FYP/Repos/Others/our_arm_v2/build/manipulator_msgs' returned '0': CMAKE_PREFIX_PATH=${CMAKE_PREFIX_PATH}:/opt/ros/jazzy DEBUGINFOD_URLS=https://debuginfod.ubuntu.com /usr/bin/cmake --build /home/rajitha-niroshan/FYP/Repos/Others/our_arm_v2/build/manipulator_msgs -- -j8 -l8
[0.562s] Invoking command in '/home/rajitha-niroshan/FYP/Repos/Others/our_arm_v2/build/manipulator_msgs': CMAKE_PREFIX_PATH=${CMAKE_PREFIX_PATH}:/opt/ros/jazzy DEBUGINFOD_URLS=https://debuginfod.ubuntu.com /usr/bin/cmake --install /home/rajitha-niroshan/FYP/Repos/Others/our_arm_v2/build/manipulator_msgs
[0.577s] -- Install configuration: ""
[0.577s] -- Up-to-date: /home/rajitha-niroshan/FYP/Repos/Others/our_arm_v2/install/manipulator_msgs/share/ament_index/resource_index/rosidl_interfaces/manipulator_msgs
[0.578s] -- Up-to-date: /home/rajitha-niroshan/FYP/Repos/Others/our_arm_v2/install/manipulator_msgs/share/manipulator_msgs/srv/AddTwoInts.json
[0.578s] -- Up-to-date: /home/rajitha-niroshan/FYP/Repos/Others/our_arm_v2/install/manipulator_msgs/share/manipulator_msgs/srv/QuaternionToEuler.json
[0.578s] -- Up-to-date: /home/rajitha-niroshan/FYP/Repos/Others/our_arm_v2/install/manipulator_msgs/share/manipulator_msgs/srv/EulerToQuaternion.json
[0.578s] -- Up-to-date: /home/rajitha-niroshan/FYP/Repos/Others/our_arm_v2/install/manipulator_msgs/share/manipulator_msgs/action/Fibonacci.json
[0.578s] -- Up-to-date: /home/rajitha-niroshan/FYP/Repos/Others/our_arm_v2/install/manipulator_msgs/include/manipulator_msgs/manipulator_msgs
[0.578s] -- Up-to-date: /home/rajitha-niroshan/FYP/Repos/Others/our_arm_v2/install/manipulator_msgs/include/manipulator_msgs/manipulator_msgs/action
[0.579s] -- Up-to-date: /home/rajitha-niroshan/FYP/Repos/Others/our_arm_v2/install/manipulator_msgs/include/manipulator_msgs/manipulator_msgs/action/fibonacci.h
[0.579s] -- Up-to-date: /home/rajitha-niroshan/FYP/Repos/Others/our_arm_v2/install/manipulator_msgs/include/manipulator_msgs/manipulator_msgs/action/detail
[0.579s] -- Up-to-date: /home/rajitha-niroshan/FYP/Repos/Others/our_arm_v2/install/manipulator_msgs/include/manipulator_msgs/manipulator_msgs/action/detail/fibonacci__functions.h
[0.579s] -- Up-to-date: /home/rajitha-niroshan/FYP/Repos/Others/our_arm_v2/install/manipulator_msgs/include/manipulator_msgs/manipulator_msgs/action/detail/fibonacci__description.c
[0.580s] -- Up-to-date: /home/rajitha-niroshan/FYP/Repos/Others/our_arm_v2/install/manipulator_msgs/include/manipulator_msgs/manipulator_msgs/action/detail/fibonacci__type_support.c
[0.580s] -- Up-to-date: /home/rajitha-niroshan/FYP/Repos/Others/our_arm_v2/install/manipulator_msgs/include/manipulator_msgs/manipulator_msgs/action/detail/fibonacci__functions.c
[0.580s] -- Up-to-date: /home/rajitha-niroshan/FYP/Repos/Others/our_arm_v2/install/manipulator_msgs/include/manipulator_msgs/manipulator_msgs/action/detail/fibonacci__struct.h
[0.580s] -- Up-to-date: /home/rajitha-niroshan/FYP/Repos/Others/our_arm_v2/install/manipulator_msgs/include/manipulator_msgs/manipulator_msgs/action/detail/fibonacci__type_support.h
[0.580s] -- Up-to-date: /home/rajitha-niroshan/FYP/Repos/Others/our_arm_v2/install/manipulator_msgs/include/manipulator_msgs/manipulator_msgs/msg
[0.580s] -- Up-to-date: /home/rajitha-niroshan/FYP/Repos/Others/our_arm_v2/install/manipulator_msgs/include/manipulator_msgs/manipulator_msgs/msg/rosidl_generator_c__visibility_control.h
[0.581s] -- Up-to-date: /home/rajitha-niroshan/FYP/Repos/Others/our_arm_v2/install/manipulator_msgs/include/manipulator_msgs/manipulator_msgs/srv
[0.581s] -- Up-to-date: /home/rajitha-niroshan/FYP/Repos/Others/our_arm_v2/install/manipulator_msgs/include/manipulator_msgs/manipulator_msgs/srv/euler_to_quaternion.h
[0.581s] -- Up-to-date: /home/rajitha-niroshan/FYP/Repos/Others/our_arm_v2/install/manipulator_msgs/include/manipulator_msgs/manipulator_msgs/srv/quaternion_to_euler.h
[0.581s] -- Up-to-date: /home/rajitha-niroshan/FYP/Repos/Others/our_arm_v2/install/manipulator_msgs/include/manipulator_msgs/manipulator_msgs/srv/add_two_ints.h
[0.581s] -- Up-to-date: /home/rajitha-niroshan/FYP/Repos/Others/our_arm_v2/install/manipulator_msgs/include/manipulator_msgs/manipulator_msgs/srv/detail
[0.581s] -- Up-to-date: /home/rajitha-niroshan/FYP/Repos/Others/our_arm_v2/install/manipulator_msgs/include/manipulator_msgs/manipulator_msgs/srv/detail/quaternion_to_euler__type_support.c
[0.581s] -- Up-to-date: /home/rajitha-niroshan/FYP/Repos/Others/our_arm_v2/install/manipulator_msgs/include/manipulator_msgs/manipulator_msgs/srv/detail/euler_to_quaternion__type_support.h
[0.582s] -- Up-to-date: /home/rajitha-niroshan/FYP/Repos/Others/our_arm_v2/install/manipulator_msgs/include/manipulator_msgs/manipulator_msgs/srv/detail/quaternion_to_euler__type_support.h
[0.582s] -- Up-to-date: /home/rajitha-niroshan/FYP/Repos/Others/our_arm_v2/install/manipulator_msgs/include/manipulator_msgs/manipulator_msgs/srv/detail/quaternion_to_euler__description.c
[0.582s] -- Up-to-date: /home/rajitha-niroshan/FYP/Repos/Others/our_arm_v2/install/manipulator_msgs/include/manipulator_msgs/manipulator_msgs/srv/detail/add_two_ints__functions.c
[0.582s] -- Up-to-date: /home/rajitha-niroshan/FYP/Repos/Others/our_arm_v2/install/manipulator_msgs/include/manipulator_msgs/manipulator_msgs/srv/detail/euler_to_quaternion__type_support.c
[0.582s] -- Up-to-date: /home/rajitha-niroshan/FYP/Repos/Others/our_arm_v2/install/manipulator_msgs/include/manipulator_msgs/manipulator_msgs/srv/detail/quaternion_to_euler__struct.h
[0.582s] -- Up-to-date: /home/rajitha-niroshan/FYP/Repos/Others/our_arm_v2/install/manipulator_msgs/include/manipulator_msgs/manipulator_msgs/srv/detail/euler_to_quaternion__struct.h
[0.582s] -- Up-to-date: /home/rajitha-niroshan/FYP/Repos/Others/our_arm_v2/install/manipulator_msgs/include/manipulator_msgs/manipulator_msgs/srv/detail/add_two_ints__description.c
[0.582s] -- Up-to-date: /home/rajitha-niroshan/FYP/Repos/Others/our_arm_v2/install/manipulator_msgs/include/manipulator_msgs/manipulator_msgs/srv/detail/add_two_ints__type_support.c
[0.582s] -- Up-to-date: /home/rajitha-niroshan/FYP/Repos/Others/our_arm_v2/install/manipulator_msgs/include/manipulator_msgs/manipulator_msgs/srv/detail/add_two_ints__type_support.h
[0.583s] -- Up-to-date: /home/rajitha-niroshan/FYP/Repos/Others/our_arm_v2/install/manipulator_msgs/include/manipulator_msgs/manipulator_msgs/srv/detail/quaternion_to_euler__functions.c
[0.583s] -- Up-to-date: /home/rajitha-niroshan/FYP/Repos/Others/our_arm_v2/install/manipulator_msgs/include/manipulator_msgs/manipulator_msgs/srv/detail/add_two_ints__struct.h
[0.583s] -- Up-to-date: /home/rajitha-niroshan/FYP/Repos/Others/our_arm_v2/install/manipulator_msgs/include/manipulator_msgs/manipulator_msgs/srv/detail/euler_to_quaternion__functions.c
[0.583s] -- Up-to-date: /home/rajitha-niroshan/FYP/Repos/Others/our_arm_v2/install/manipulator_msgs/include/manipulator_msgs/manipulator_msgs/srv/detail/euler_to_quaternion__description.c
[0.583s] -- Up-to-date: /home/rajitha-niroshan/FYP/Repos/Others/our_arm_v2/install/manipulator_msgs/include/manipulator_msgs/manipulator_msgs/srv/detail/quaternion_to_euler__functions.h
[0.583s] -- Up-to-date: /home/rajitha-niroshan/FYP/Repos/Others/our_arm_v2/install/manipulator_msgs/include/manipulator_msgs/manipulator_msgs/srv/detail/add_two_ints__functions.h
[0.584s] -- Up-to-date: /home/rajitha-niroshan/FYP/Repos/Others/our_arm_v2/install/manipulator_msgs/include/manipulator_msgs/manipulator_msgs/srv/detail/euler_to_quaternion__functions.h
[0.584s] -- Up-to-date: /home/rajitha-niroshan/FYP/Repos/Others/our_arm_v2/install/manipulator_msgs/share/manipulator_msgs/environment/library_path.sh
[0.584s] -- Up-to-date: /home/rajitha-niroshan/FYP/Repos/Others/our_arm_v2/install/manipulator_msgs/share/manipulator_msgs/environment/library_path.dsv
[0.584s] -- Up-to-date: /home/rajitha-niroshan/FYP/Repos/Others/our_arm_v2/install/manipulator_msgs/lib/libmanipulator_msgs__rosidl_generator_c.so
[0.584s] -- Up-to-date: /home/rajitha-niroshan/FYP/Repos/Others/our_arm_v2/install/manipulator_msgs/include/manipulator_msgs/manipulator_msgs
[0.585s] -- Up-to-date: /home/rajitha-niroshan/FYP/Repos/Others/our_arm_v2/install/manipulator_msgs/include/manipulator_msgs/manipulator_msgs/action
[0.585s] -- Up-to-date: /home/rajitha-niroshan/FYP/Repos/Others/our_arm_v2/install/manipulator_msgs/include/manipulator_msgs/manipulator_msgs/action/detail
[0.585s] -- Up-to-date: /home/rajitha-niroshan/FYP/Repos/Others/our_arm_v2/install/manipulator_msgs/include/manipulator_msgs/manipulator_msgs/action/detail/fibonacci__rosidl_typesupport_fastrtps_c.h
[0.585s] -- Up-to-date: /home/rajitha-niroshan/FYP/Repos/Others/our_arm_v2/install/manipulator_msgs/include/manipulator_msgs/manipulator_msgs/msg
[0.585s] -- Up-to-date: /home/rajitha-niroshan/FYP/Repos/Others/our_arm_v2/install/manipulator_msgs/include/manipulator_msgs/manipulator_msgs/msg/rosidl_typesupport_fastrtps_c__visibility_control.h
[0.585s] -- Up-to-date: /home/rajitha-niroshan/FYP/Repos/Others/our_arm_v2/install/manipulator_msgs/include/manipulator_msgs/manipulator_msgs/srv
[0.586s] -- Up-to-date: /home/rajitha-niroshan/FYP/Repos/Others/our_arm_v2/install/manipulator_msgs/include/manipulator_msgs/manipulator_msgs/srv/detail
[0.586s] -- Up-to-date: /home/rajitha-niroshan/FYP/Repos/Others/our_arm_v2/install/manipulator_msgs/include/manipulator_msgs/manipulator_msgs/srv/detail/add_two_ints__rosidl_typesupport_fastrtps_c.h
[0.586s] -- Up-to-date: /home/rajitha-niroshan/FYP/Repos/Others/our_arm_v2/install/manipulator_msgs/include/manipulator_msgs/manipulator_msgs/srv/detail/quaternion_to_euler__rosidl_typesupport_fastrtps_c.h
[0.586s] -- Up-to-date: /home/rajitha-niroshan/FYP/Repos/Others/our_arm_v2/install/manipulator_msgs/include/manipulator_msgs/manipulator_msgs/srv/detail/euler_to_quaternion__rosidl_typesupport_fastrtps_c.h
[0.587s] -- Up-to-date: /home/rajitha-niroshan/FYP/Repos/Others/our_arm_v2/install/manipulator_msgs/lib/libmanipulator_msgs__rosidl_typesupport_fastrtps_c.so
[0.587s] -- Up-to-date: /home/rajitha-niroshan/FYP/Repos/Others/our_arm_v2/install/manipulator_msgs/include/manipulator_msgs/manipulator_msgs
[0.587s] -- Up-to-date: /home/rajitha-niroshan/FYP/Repos/Others/our_arm_v2/install/manipulator_msgs/include/manipulator_msgs/manipulator_msgs/action
[0.587s] -- Up-to-date: /home/rajitha-niroshan/FYP/Repos/Others/our_arm_v2/install/manipulator_msgs/include/manipulator_msgs/manipulator_msgs/action/fibonacci.hpp
[0.587s] -- Up-to-date: /home/rajitha-niroshan/FYP/Repos/Others/our_arm_v2/install/manipulator_msgs/include/manipulator_msgs/manipulator_msgs/action/detail
[0.587s] -- Up-to-date: /home/rajitha-niroshan/FYP/Repos/Others/our_arm_v2/install/manipulator_msgs/include/manipulator_msgs/manipulator_msgs/action/detail/fibonacci__type_support.hpp
[0.588s] -- Up-to-date: /home/rajitha-niroshan/FYP/Repos/Others/our_arm_v2/install/manipulator_msgs/include/manipulator_msgs/manipulator_msgs/action/detail/fibonacci__struct.hpp
[0.588s] -- Up-to-date: /home/rajitha-niroshan/FYP/Repos/Others/our_arm_v2/install/manipulator_msgs/include/manipulator_msgs/manipulator_msgs/action/detail/fibonacci__traits.hpp
[0.588s] -- Up-to-date: /home/rajitha-niroshan/FYP/Repos/Others/our_arm_v2/install/manipulator_msgs/include/manipulator_msgs/manipulator_msgs/action/detail/fibonacci__builder.hpp
[0.588s] -- Up-to-date: /home/rajitha-niroshan/FYP/Repos/Others/our_arm_v2/install/manipulator_msgs/include/manipulator_msgs/manipulator_msgs/msg
[0.588s] -- Up-to-date: /home/rajitha-niroshan/FYP/Repos/Others/our_arm_v2/install/manipulator_msgs/include/manipulator_msgs/manipulator_msgs/msg/rosidl_generator_cpp__visibility_control.hpp
[0.588s] -- Up-to-date: /home/rajitha-niroshan/FYP/Repos/Others/our_arm_v2/install/manipulator_msgs/include/manipulator_msgs/manipulator_msgs/srv
[0.588s] -- Up-to-date: /home/rajitha-niroshan/FYP/Repos/Others/our_arm_v2/install/manipulator_msgs/include/manipulator_msgs/manipulator_msgs/srv/add_two_ints.hpp
[0.589s] -- Up-to-date: /home/rajitha-niroshan/FYP/Repos/Others/our_arm_v2/install/manipulator_msgs/include/manipulator_msgs/manipulator_msgs/srv/euler_to_quaternion.hpp
[0.589s] -- Up-to-date: /home/rajitha-niroshan/FYP/Repos/Others/our_arm_v2/install/manipulator_msgs/include/manipulator_msgs/manipulator_msgs/srv/quaternion_to_euler.hpp
[0.589s] -- Up-to-date: /home/rajitha-niroshan/FYP/Repos/Others/our_arm_v2/install/manipulator_msgs/include/manipulator_msgs/manipulator_msgs/srv/detail
[0.589s] -- Up-to-date: /home/rajitha-niroshan/FYP/Repos/Others/our_arm_v2/install/manipulator_msgs/include/manipulator_msgs/manipulator_msgs/srv/detail/euler_to_quaternion__type_support.hpp
[0.589s] -- Up-to-date: /home/rajitha-niroshan/FYP/Repos/Others/our_arm_v2/install/manipulator_msgs/include/manipulator_msgs/manipulator_msgs/srv/detail/euler_to_quaternion__builder.hpp
[0.589s] -- Up-to-date: /home/rajitha-niroshan/FYP/Repos/Others/our_arm_v2/install/manipulator_msgs/include/manipulator_msgs/manipulator_msgs/srv/detail/quaternion_to_euler__builder.hpp
[0.589s] -- Up-to-date: /home/rajitha-niroshan/FYP/Repos/Others/our_arm_v2/install/manipulator_msgs/include/manipulator_msgs/manipulator_msgs/srv/detail/add_two_ints__builder.hpp
[0.589s] -- Up-to-date: /home/rajitha-niroshan/FYP/Repos/Others/our_arm_v2/install/manipulator_msgs/include/manipulator_msgs/manipulator_msgs/srv/detail/add_two_ints__traits.hpp
[0.589s] -- Up-to-date: /home/rajitha-niroshan/FYP/Repos/Others/our_arm_v2/install/manipulator_msgs/include/manipulator_msgs/manipulator_msgs/srv/detail/euler_to_quaternion__traits.hpp
[0.590s] -- Up-to-date: /home/rajitha-niroshan/FYP/Repos/Others/our_arm_v2/install/manipulator_msgs/include/manipulator_msgs/manipulator_msgs/srv/detail/quaternion_to_euler__type_support.hpp
[0.590s] -- Up-to-date: /home/rajitha-niroshan/FYP/Repos/Others/our_arm_v2/install/manipulator_msgs/include/manipulator_msgs/manipulator_msgs/srv/detail/add_two_ints__type_support.hpp
[0.590s] -- Up-to-date: /home/rajitha-niroshan/FYP/Repos/Others/our_arm_v2/install/manipulator_msgs/include/manipulator_msgs/manipulator_msgs/srv/detail/add_two_ints__struct.hpp
[0.590s] -- Up-to-date: /home/rajitha-niroshan/FYP/Repos/Others/our_arm_v2/install/manipulator_msgs/include/manipulator_msgs/manipulator_msgs/srv/detail/quaternion_to_euler__struct.hpp
[0.590s] -- Up-to-date: /home/rajitha-niroshan/FYP/Repos/Others/our_arm_v2/install/manipulator_msgs/include/manipulator_msgs/manipulator_msgs/srv/detail/quaternion_to_euler__traits.hpp
[0.590s] -- Up-to-date: /home/rajitha-niroshan/FYP/Repos/Others/our_arm_v2/install/manipulator_msgs/include/manipulator_msgs/manipulator_msgs/srv/detail/euler_to_quaternion__struct.hpp
[0.590s] -- Up-to-date: /home/rajitha-niroshan/FYP/Repos/Others/our_arm_v2/install/manipulator_msgs/include/manipulator_msgs/manipulator_msgs
[0.590s] -- Up-to-date: /home/rajitha-niroshan/FYP/Repos/Others/our_arm_v2/install/manipulator_msgs/include/manipulator_msgs/manipulator_msgs/action
[0.590s] -- Up-to-date: /home/rajitha-niroshan/FYP/Repos/Others/our_arm_v2/install/manipulator_msgs/include/manipulator_msgs/manipulator_msgs/action/detail
[0.591s] -- Up-to-date: /home/rajitha-niroshan/FYP/Repos/Others/our_arm_v2/install/manipulator_msgs/include/manipulator_msgs/manipulator_msgs/action/detail/dds_fastrtps
[0.591s] -- Up-to-date: /home/rajitha-niroshan/FYP/Repos/Others/our_arm_v2/install/manipulator_msgs/include/manipulator_msgs/manipulator_msgs/action/detail/fibonacci__rosidl_typesupport_fastrtps_cpp.hpp
[0.591s] -- Up-to-date: /home/rajitha-niroshan/FYP/Repos/Others/our_arm_v2/install/manipulator_msgs/include/manipulator_msgs/manipulator_msgs/msg
[0.591s] -- Up-to-date: /home/rajitha-niroshan/FYP/Repos/Others/our_arm_v2/install/manipulator_msgs/include/manipulator_msgs/manipulator_msgs/msg/rosidl_typesupport_fastrtps_cpp__visibility_control.h
[0.591s] -- Up-to-date: /home/rajitha-niroshan/FYP/Repos/Others/our_arm_v2/install/manipulator_msgs/include/manipulator_msgs/manipulator_msgs/srv
[0.591s] -- Up-to-date: /home/rajitha-niroshan/FYP/Repos/Others/our_arm_v2/install/manipulator_msgs/include/manipulator_msgs/manipulator_msgs/srv/detail
[0.591s] -- Up-to-date: /home/rajitha-niroshan/FYP/Repos/Others/our_arm_v2/install/manipulator_msgs/include/manipulator_msgs/manipulator_msgs/srv/detail/quaternion_to_euler__rosidl_typesupport_fastrtps_cpp.hpp
[0.591s] -- Up-to-date: /home/rajitha-niroshan/FYP/Repos/Others/our_arm_v2/install/manipulator_msgs/include/manipulator_msgs/manipulator_msgs/srv/detail/dds_fastrtps
[0.591s] -- Up-to-date: /home/rajitha-niroshan/FYP/Repos/Others/our_arm_v2/install/manipulator_msgs/include/manipulator_msgs/manipulator_msgs/srv/detail/add_two_ints__rosidl_typesupport_fastrtps_cpp.hpp
[0.591s] -- Up-to-date: /home/rajitha-niroshan/FYP/Repos/Others/our_arm_v2/install/manipulator_msgs/include/manipulator_msgs/manipulator_msgs/srv/detail/euler_to_quaternion__rosidl_typesupport_fastrtps_cpp.hpp
[0.592s] -- Up-to-date: /home/rajitha-niroshan/FYP/Repos/Others/our_arm_v2/install/manipulator_msgs/lib/libmanipulator_msgs__rosidl_typesupport_fastrtps_cpp.so
[0.592s] -- Up-to-date: /home/rajitha-niroshan/FYP/Repos/Others/our_arm_v2/install/manipulator_msgs/include/manipulator_msgs/manipulator_msgs
[0.592s] -- Up-to-date: /home/rajitha-niroshan/FYP/Repos/Others/our_arm_v2/install/manipulator_msgs/include/manipulator_msgs/manipulator_msgs/action
[0.592s] -- Up-to-date: /home/rajitha-niroshan/FYP/Repos/Others/our_arm_v2/install/manipulator_msgs/include/manipulator_msgs/manipulator_msgs/action/detail
[0.592s] -- Up-to-date: /home/rajitha-niroshan/FYP/Repos/Others/our_arm_v2/install/manipulator_msgs/include/manipulator_msgs/manipulator_msgs/action/detail/fibonacci__rosidl_typesupport_introspection_c.h
[0.592s] -- Up-to-date: /home/rajitha-niroshan/FYP/Repos/Others/our_arm_v2/install/manipulator_msgs/include/manipulator_msgs/manipulator_msgs/action/detail/fibonacci__type_support.c
[0.592s] -- Up-to-date: /home/rajitha-niroshan/FYP/Repos/Others/our_arm_v2/install/manipulator_msgs/include/manipulator_msgs/manipulator_msgs/msg
[0.592s] -- Up-to-date: /home/rajitha-niroshan/FYP/Repos/Others/our_arm_v2/install/manipulator_msgs/include/manipulator_msgs/manipulator_msgs/msg/rosidl_typesupport_introspection_c__visibility_control.h
[0.592s] -- Up-to-date: /home/rajitha-niroshan/FYP/Repos/Others/our_arm_v2/install/manipulator_msgs/include/manipulator_msgs/manipulator_msgs/srv
[0.592s] -- Up-to-date: /home/rajitha-niroshan/FYP/Repos/Others/our_arm_v2/install/manipulator_msgs/include/manipulator_msgs/manipulator_msgs/srv/detail
[0.593s] -- Up-to-date: /home/rajitha-niroshan/FYP/Repos/Others/our_arm_v2/install/manipulator_msgs/include/manipulator_msgs/manipulator_msgs/srv/detail/quaternion_to_euler__type_support.c
[0.593s] -- Up-to-date: /home/rajitha-niroshan/FYP/Repos/Others/our_arm_v2/install/manipulator_msgs/include/manipulator_msgs/manipulator_msgs/srv/detail/euler_to_quaternion__type_support.c
[0.593s] -- Up-to-date: /home/rajitha-niroshan/FYP/Repos/Others/our_arm_v2/install/manipulator_msgs/include/manipulator_msgs/manipulator_msgs/srv/detail/euler_to_quaternion__rosidl_typesupport_introspection_c.h
[0.593s] -- Up-to-date: /home/rajitha-niroshan/FYP/Repos/Others/our_arm_v2/install/manipulator_msgs/include/manipulator_msgs/manipulator_msgs/srv/detail/add_two_ints__type_support.c
[0.593s] -- Up-to-date: /home/rajitha-niroshan/FYP/Repos/Others/our_arm_v2/install/manipulator_msgs/include/manipulator_msgs/manipulator_msgs/srv/detail/quaternion_to_euler__rosidl_typesupport_introspection_c.h
[0.593s] -- Up-to-date: /home/rajitha-niroshan/FYP/Repos/Others/our_arm_v2/install/manipulator_msgs/include/manipulator_msgs/manipulator_msgs/srv/detail/add_two_ints__rosidl_typesupport_introspection_c.h
[0.593s] -- Up-to-date: /home/rajitha-niroshan/FYP/Repos/Others/our_arm_v2/install/manipulator_msgs/lib/libmanipulator_msgs__rosidl_typesupport_introspection_c.so
[0.593s] -- Up-to-date: /home/rajitha-niroshan/FYP/Repos/Others/our_arm_v2/install/manipulator_msgs/lib/libmanipulator_msgs__rosidl_typesupport_c.so
[0.593s] -- Up-to-date: /home/rajitha-niroshan/FYP/Repos/Others/our_arm_v2/install/manipulator_msgs/include/manipulator_msgs/manipulator_msgs
[0.594s] -- Up-to-date: /home/rajitha-niroshan/FYP/Repos/Others/our_arm_v2/install/manipulator_msgs/include/manipulator_msgs/manipulator_msgs/action
[0.594s] -- Up-to-date: /home/rajitha-niroshan/FYP/Repos/Others/our_arm_v2/install/manipulator_msgs/include/manipulator_msgs/manipulator_msgs/action/detail
[0.594s] -- Up-to-date: /home/rajitha-niroshan/FYP/Repos/Others/our_arm_v2/install/manipulator_msgs/include/manipulator_msgs/manipulator_msgs/action/detail/fibonacci__type_support.cpp
[0.594s] -- Up-to-date: /home/rajitha-niroshan/FYP/Repos/Others/our_arm_v2/install/manipulator_msgs/include/manipulator_msgs/manipulator_msgs/action/detail/fibonacci__rosidl_typesupport_introspection_cpp.hpp
[0.594s] -- Up-to-date: /home/rajitha-niroshan/FYP/Repos/Others/our_arm_v2/install/manipulator_msgs/include/manipulator_msgs/manipulator_msgs/srv
[0.594s] -- Up-to-date: /home/rajitha-niroshan/FYP/Repos/Others/our_arm_v2/install/manipulator_msgs/include/manipulator_msgs/manipulator_msgs/srv/detail
[0.594s] -- Up-to-date: /home/rajitha-niroshan/FYP/Repos/Others/our_arm_v2/install/manipulator_msgs/include/manipulator_msgs/manipulator_msgs/srv/detail/euler_to_quaternion__type_support.cpp
[0.594s] -- Up-to-date: /home/rajitha-niroshan/FYP/Repos/Others/our_arm_v2/install/manipulator_msgs/include/manipulator_msgs/manipulator_msgs/srv/detail/quaternion_to_euler__type_support.cpp
[0.594s] -- Up-to-date: /home/rajitha-niroshan/FYP/Repos/Others/our_arm_v2/install/manipulator_msgs/include/manipulator_msgs/manipulator_msgs/srv/detail/add_two_ints__rosidl_typesupport_introspection_cpp.hpp
[0.595s] -- Up-to-date: /home/rajitha-niroshan/FYP/Repos/Others/our_arm_v2/install/manipulator_msgs/include/manipulator_msgs/manipulator_msgs/srv/detail/euler_to_quaternion__rosidl_typesupport_introspection_cpp.hpp
[0.595s] -- Up-to-date: /home/rajitha-niroshan/FYP/Repos/Others/our_arm_v2/install/manipulator_msgs/include/manipulator_msgs/manipulator_msgs/srv/detail/add_two_ints__type_support.cpp
[0.595s] -- Up-to-date: /home/rajitha-niroshan/FYP/Repos/Others/our_arm_v2/install/manipulator_msgs/include/manipulator_msgs/manipulator_msgs/srv/detail/quaternion_to_euler__rosidl_typesupport_introspection_cpp.hpp
[0.595s] -- Up-to-date: /home/rajitha-niroshan/FYP/Repos/Others/our_arm_v2/install/manipulator_msgs/lib/libmanipulator_msgs__rosidl_typesupport_introspection_cpp.so
[0.595s] -- Up-to-date: /home/rajitha-niroshan/FYP/Repos/Others/our_arm_v2/install/manipulator_msgs/lib/libmanipulator_msgs__rosidl_typesupport_cpp.so
[0.595s] -- Up-to-date: /home/rajitha-niroshan/FYP/Repos/Others/our_arm_v2/install/manipulator_msgs/share/manipulator_msgs/environment/pythonpath.sh
[0.595s] -- Up-to-date: /home/rajitha-niroshan/FYP/Repos/Others/our_arm_v2/install/manipulator_msgs/share/manipulator_msgs/environment/pythonpath.dsv
[0.595s] -- Up-to-date: /home/rajitha-niroshan/FYP/Repos/Others/our_arm_v2/install/manipulator_msgs/lib/python3.12/site-packages/manipulator_msgs-0.0.0-py3.12.egg-info
[0.595s] -- Installing: /home/rajitha-niroshan/FYP/Repos/Others/our_arm_v2/install/manipulator_msgs/lib/python3.12/site-packages/manipulator_msgs-0.0.0-py3.12.egg-info/dependency_links.txt
[0.595s] -- Installing: /home/rajitha-niroshan/FYP/Repos/Others/our_arm_v2/install/manipulator_msgs/lib/python3.12/site-packages/manipulator_msgs-0.0.0-py3.12.egg-info/SOURCES.txt
[0.596s] -- Installing: /home/rajitha-niroshan/FYP/Repos/Others/our_arm_v2/install/manipulator_msgs/lib/python3.12/site-packages/manipulator_msgs-0.0.0-py3.12.egg-info/PKG-INFO
[0.596s] -- Installing: /home/rajitha-niroshan/FYP/Repos/Others/our_arm_v2/install/manipulator_msgs/lib/python3.12/site-packages/manipulator_msgs-0.0.0-py3.12.egg-info/top_level.txt
[0.596s] -- Up-to-date: /home/rajitha-niroshan/FYP/Repos/Others/our_arm_v2/install/manipulator_msgs/lib/python3.12/site-packages/manipulator_msgs
[0.596s] -- Up-to-date: /home/rajitha-niroshan/FYP/Repos/Others/our_arm_v2/install/manipulator_msgs/lib/python3.12/site-packages/manipulator_msgs/manipulator_msgs_s__rosidl_typesupport_introspection_c.so
[0.596s] -- Up-to-date: /home/rajitha-niroshan/FYP/Repos/Others/our_arm_v2/install/manipulator_msgs/lib/python3.12/site-packages/manipulator_msgs/__init__.py
[0.596s] -- Up-to-date: /home/rajitha-niroshan/FYP/Repos/Others/our_arm_v2/install/manipulator_msgs/lib/python3.12/site-packages/manipulator_msgs/manipulator_msgs_s__rosidl_typesupport_c.so
[0.596s] -- Up-to-date: /home/rajitha-niroshan/FYP/Repos/Others/our_arm_v2/install/manipulator_msgs/lib/python3.12/site-packages/manipulator_msgs/_manipulator_msgs_s.ep.rosidl_typesupport_introspection_c.c
[0.596s] -- Up-to-date: /home/rajitha-niroshan/FYP/Repos/Others/our_arm_v2/install/manipulator_msgs/lib/python3.12/site-packages/manipulator_msgs/_manipulator_msgs_s.ep.rosidl_typesupport_fastrtps_c.c
[0.596s] -- Up-to-date: /home/rajitha-niroshan/FYP/Repos/Others/our_arm_v2/install/manipulator_msgs/lib/python3.12/site-packages/manipulator_msgs/_manipulator_msgs_s.ep.rosidl_typesupport_c.c
[0.597s] -- Up-to-date: /home/rajitha-niroshan/FYP/Repos/Others/our_arm_v2/install/manipulator_msgs/lib/python3.12/site-packages/manipulator_msgs/manipulator_msgs_s__rosidl_typesupport_fastrtps_c.so
[0.597s] -- Up-to-date: /home/rajitha-niroshan/FYP/Repos/Others/our_arm_v2/install/manipulator_msgs/lib/python3.12/site-packages/manipulator_msgs/action
[0.597s] -- Up-to-date: /home/rajitha-niroshan/FYP/Repos/Others/our_arm_v2/install/manipulator_msgs/lib/python3.12/site-packages/manipulator_msgs/action/__init__.py
[0.597s] -- Up-to-date: /home/rajitha-niroshan/FYP/Repos/Others/our_arm_v2/install/manipulator_msgs/lib/python3.12/site-packages/manipulator_msgs/action/_fibonacci_s.c
[0.597s] -- Up-to-date: /home/rajitha-niroshan/FYP/Repos/Others/our_arm_v2/install/manipulator_msgs/lib/python3.12/site-packages/manipulator_msgs/action/_fibonacci.py
[0.597s] -- Up-to-date: /home/rajitha-niroshan/FYP/Repos/Others/our_arm_v2/install/manipulator_msgs/lib/python3.12/site-packages/manipulator_msgs/srv
[0.597s] -- Up-to-date: /home/rajitha-niroshan/FYP/Repos/Others/our_arm_v2/install/manipulator_msgs/lib/python3.12/site-packages/manipulator_msgs/srv/__init__.py
[0.597s] -- Up-to-date: /home/rajitha-niroshan/FYP/Repos/Others/our_arm_v2/install/manipulator_msgs/lib/python3.12/site-packages/manipulator_msgs/srv/_add_two_ints.py
[0.598s] -- Up-to-date: /home/rajitha-niroshan/FYP/Repos/Others/our_arm_v2/install/manipulator_msgs/lib/python3.12/site-packages/manipulator_msgs/srv/_euler_to_quaternion_s.c
[0.598s] -- Up-to-date: /home/rajitha-niroshan/FYP/Repos/Others/our_arm_v2/install/manipulator_msgs/lib/python3.12/site-packages/manipulator_msgs/srv/_add_two_ints_s.c
[0.598s] -- Up-to-date: /home/rajitha-niroshan/FYP/Repos/Others/our_arm_v2/install/manipulator_msgs/lib/python3.12/site-packages/manipulator_msgs/srv/_quaternion_to_euler.py
[0.598s] -- Up-to-date: /home/rajitha-niroshan/FYP/Repos/Others/our_arm_v2/install/manipulator_msgs/lib/python3.12/site-packages/manipulator_msgs/srv/_euler_to_quaternion.py
[0.598s] -- Up-to-date: /home/rajitha-niroshan/FYP/Repos/Others/our_arm_v2/install/manipulator_msgs/lib/python3.12/site-packages/manipulator_msgs/srv/_quaternion_to_euler_s.c
[0.648s] Listing '/home/rajitha-niroshan/FYP/Repos/Others/our_arm_v2/install/manipulator_msgs/lib/python3.12/site-packages/manipulator_msgs'...
[0.648s] Listing '/home/rajitha-niroshan/FYP/Repos/Others/our_arm_v2/install/manipulator_msgs/lib/python3.12/site-packages/manipulator_msgs/action'...
[0.648s] Listing '/home/rajitha-niroshan/FYP/Repos/Others/our_arm_v2/install/manipulator_msgs/lib/python3.12/site-packages/manipulator_msgs/srv'...
[0.654s] -- Up-to-date: /home/rajitha-niroshan/FYP/Repos/Others/our_arm_v2/install/manipulator_msgs/lib/python3.12/site-packages/manipulator_msgs/manipulator_msgs_s__rosidl_typesupport_fastrtps_c.so
[0.655s] -- Up-to-date: /home/rajitha-niroshan/FYP/Repos/Others/our_arm_v2/install/manipulator_msgs/lib/python3.12/site-packages/manipulator_msgs/manipulator_msgs_s__rosidl_typesupport_introspection_c.so
[0.655s] -- Up-to-date: /home/rajitha-niroshan/FYP/Repos/Others/our_arm_v2/install/manipulator_msgs/lib/python3.12/site-packages/manipulator_msgs/manipulator_msgs_s__rosidl_typesupport_c.so
[0.655s] -- Up-to-date: /home/rajitha-niroshan/FYP/Repos/Others/our_arm_v2/install/manipulator_msgs/lib/libmanipulator_msgs__rosidl_generator_py.so
[0.655s] -- Up-to-date: /home/rajitha-niroshan/FYP/Repos/Others/our_arm_v2/install/manipulator_msgs/share/manipulator_msgs/srv/AddTwoInts.idl
[0.656s] -- Up-to-date: /home/rajitha-niroshan/FYP/Repos/Others/our_arm_v2/install/manipulator_msgs/share/manipulator_msgs/srv/QuaternionToEuler.idl
[0.656s] -- Up-to-date: /home/rajitha-niroshan/FYP/Repos/Others/our_arm_v2/install/manipulator_msgs/share/manipulator_msgs/srv/EulerToQuaternion.idl
[0.656s] -- Up-to-date: /home/rajitha-niroshan/FYP/Repos/Others/our_arm_v2/install/manipulator_msgs/share/manipulator_msgs/action/Fibonacci.idl
[0.656s] -- Up-to-date: /home/rajitha-niroshan/FYP/Repos/Others/our_arm_v2/install/manipulator_msgs/share/manipulator_msgs/srv/AddTwoInts.srv
[0.656s] -- Up-to-date: /home/rajitha-niroshan/FYP/Repos/Others/our_arm_v2/install/manipulator_msgs/share/manipulator_msgs/srv/QuaternionToEuler.srv
[0.656s] -- Up-to-date: /home/rajitha-niroshan/FYP/Repos/Others/our_arm_v2/install/manipulator_msgs/share/manipulator_msgs/srv/EulerToQuaternion.srv
[0.656s] -- Up-to-date: /home/rajitha-niroshan/FYP/Repos/Others/our_arm_v2/install/manipulator_msgs/share/manipulator_msgs/action/Fibonacci.action
[0.657s] -- Up-to-date: /home/rajitha-niroshan/FYP/Repos/Others/our_arm_v2/install/manipulator_msgs/share/ament_index/resource_index/package_run_dependencies/manipulator_msgs
[0.657s] -- Up-to-date: /home/rajitha-niroshan/FYP/Repos/Others/our_arm_v2/install/manipulator_msgs/share/ament_index/resource_index/parent_prefix_path/manipulator_msgs
[0.657s] -- Up-to-date: /home/rajitha-niroshan/FYP/Repos/Others/our_arm_v2/install/manipulator_msgs/share/manipulator_msgs/environment/ament_prefix_path.sh
[0.657s] -- Up-to-date: /home/rajitha-niroshan/FYP/Repos/Others/our_arm_v2/install/manipulator_msgs/share/manipulator_msgs/environment/ament_prefix_path.dsv
[0.657s] -- Up-to-date: /home/rajitha-niroshan/FYP/Repos/Others/our_arm_v2/install/manipulator_msgs/share/manipulator_msgs/environment/path.sh
[0.657s] -- Up-to-date: /home/rajitha-niroshan/FYP/Repos/Others/our_arm_v2/install/manipulator_msgs/share/manipulator_msgs/environment/path.dsv
[0.657s] -- Up-to-date: /home/rajitha-niroshan/FYP/Repos/Others/our_arm_v2/install/manipulator_msgs/share/manipulator_msgs/local_setup.bash
[0.657s] -- Up-to-date: /home/rajitha-niroshan/FYP/Repos/Others/our_arm_v2/install/manipulator_msgs/share/manipulator_msgs/local_setup.sh
[0.658s] -- Up-to-date: /home/rajitha-niroshan/FYP/Repos/Others/our_arm_v2/install/manipulator_msgs/share/manipulator_msgs/local_setup.zsh
[0.658s] -- Up-to-date: /home/rajitha-niroshan/FYP/Repos/Others/our_arm_v2/install/manipulator_msgs/share/manipulator_msgs/local_setup.dsv
[0.658s] -- Installing: /home/rajitha-niroshan/FYP/Repos/Others/our_arm_v2/install/manipulator_msgs/share/manipulator_msgs/package.dsv
[0.658s] -- Up-to-date: /home/rajitha-niroshan/FYP/Repos/Others/our_arm_v2/install/manipulator_msgs/share/ament_index/resource_index/packages/manipulator_msgs
[0.658s] -- Up-to-date: /home/rajitha-niroshan/FYP/Repos/Others/our_arm_v2/install/manipulator_msgs/share/manipulator_msgs/cmake/export_manipulator_msgs__rosidl_generator_cExport.cmake
[0.658s] -- Up-to-date: /home/rajitha-niroshan/FYP/Repos/Others/our_arm_v2/install/manipulator_msgs/share/manipulator_msgs/cmake/export_manipulator_msgs__rosidl_generator_cExport-noconfig.cmake
[0.659s] -- Up-to-date: /home/rajitha-niroshan/FYP/Repos/Others/our_arm_v2/install/manipulator_msgs/share/manipulator_msgs/cmake/export_manipulator_msgs__rosidl_typesupport_fastrtps_cExport.cmake
[0.659s] -- Up-to-date: /home/rajitha-niroshan/FYP/Repos/Others/our_arm_v2/install/manipulator_msgs/share/manipulator_msgs/cmake/export_manipulator_msgs__rosidl_typesupport_fastrtps_cExport-noconfig.cmake
[0.659s] -- Up-to-date: /home/rajitha-niroshan/FYP/Repos/Others/our_arm_v2/install/manipulator_msgs/share/manipulator_msgs/cmake/export_manipulator_msgs__rosidl_generator_cppExport.cmake
[0.659s] -- Up-to-date: /home/rajitha-niroshan/FYP/Repos/Others/our_arm_v2/install/manipulator_msgs/share/manipulator_msgs/cmake/export_manipulator_msgs__rosidl_typesupport_fastrtps_cppExport.cmake
[0.659s] -- Up-to-date: /home/rajitha-niroshan/FYP/Repos/Others/our_arm_v2/install/manipulator_msgs/share/manipulator_msgs/cmake/export_manipulator_msgs__rosidl_typesupport_fastrtps_cppExport-noconfig.cmake
[0.659s] -- Up-to-date: /home/rajitha-niroshan/FYP/Repos/Others/our_arm_v2/install/manipulator_msgs/share/manipulator_msgs/cmake/manipulator_msgs__rosidl_typesupport_introspection_cExport.cmake
[0.659s] -- Up-to-date: /home/rajitha-niroshan/FYP/Repos/Others/our_arm_v2/install/manipulator_msgs/share/manipulator_msgs/cmake/manipulator_msgs__rosidl_typesupport_introspection_cExport-noconfig.cmake
[0.659s] -- Up-to-date: /home/rajitha-niroshan/FYP/Repos/Others/our_arm_v2/install/manipulator_msgs/share/manipulator_msgs/cmake/manipulator_msgs__rosidl_typesupport_cExport.cmake
[0.659s] -- Up-to-date: /home/rajitha-niroshan/FYP/Repos/Others/our_arm_v2/install/manipulator_msgs/share/manipulator_msgs/cmake/manipulator_msgs__rosidl_typesupport_cExport-noconfig.cmake
[0.660s] -- Up-to-date: /home/rajitha-niroshan/FYP/Repos/Others/our_arm_v2/install/manipulator_msgs/share/manipulator_msgs/cmake/manipulator_msgs__rosidl_typesupport_introspection_cppExport.cmake
[0.660s] -- Up-to-date: /home/rajitha-niroshan/FYP/Repos/Others/our_arm_v2/install/manipulator_msgs/share/manipulator_msgs/cmake/manipulator_msgs__rosidl_typesupport_introspection_cppExport-noconfig.cmake
[0.660s] -- Up-to-date: /home/rajitha-niroshan/FYP/Repos/Others/our_arm_v2/install/manipulator_msgs/share/manipulator_msgs/cmake/manipulator_msgs__rosidl_typesupport_cppExport.cmake
[0.660s] -- Up-to-date: /home/rajitha-niroshan/FYP/Repos/Others/our_arm_v2/install/manipulator_msgs/share/manipulator_msgs/cmake/manipulator_msgs__rosidl_typesupport_cppExport-noconfig.cmake
[0.660s] -- Up-to-date: /home/rajitha-niroshan/FYP/Repos/Others/our_arm_v2/install/manipulator_msgs/share/manipulator_msgs/cmake/export_manipulator_msgs__rosidl_generator_pyExport.cmake
[0.660s] -- Up-to-date: /home/rajitha-niroshan/FYP/Repos/Others/our_arm_v2/install/manipulator_msgs/share/manipulator_msgs/cmake/export_manipulator_msgs__rosidl_generator_pyExport-noconfig.cmake
[0.660s] -- Up-to-date: /home/rajitha-niroshan/FYP/Repos/Others/our_arm_v2/install/manipulator_msgs/share/manipulator_msgs/cmake/rosidl_cmake-extras.cmake
[0.660s] -- Up-to-date: /home/rajitha-niroshan/FYP/Repos/Others/our_arm_v2/install/manipulator_msgs/share/manipulator_msgs/cmake/ament_cmake_export_dependencies-extras.cmake
[0.660s] -- Up-to-date: /home/rajitha-niroshan/FYP/Repos/Others/our_arm_v2/install/manipulator_msgs/share/manipulator_msgs/cmake/ament_cmake_export_include_directories-extras.cmake
[0.661s] -- Up-to-date: /home/rajitha-niroshan/FYP/Repos/Others/our_arm_v2/install/manipulator_msgs/share/manipulator_msgs/cmake/ament_cmake_export_libraries-extras.cmake
[0.661s] -- Up-to-date: /home/rajitha-niroshan/FYP/Repos/Others/our_arm_v2/install/manipulator_msgs/share/manipulator_msgs/cmake/ament_cmake_export_targets-extras.cmake
[0.661s] -- Up-to-date: /home/rajitha-niroshan/FYP/Repos/Others/our_arm_v2/install/manipulator_msgs/share/manipulator_msgs/cmake/rosidl_cmake_export_typesupport_targets-extras.cmake
[0.661s] -- Up-to-date: /home/rajitha-niroshan/FYP/Repos/Others/our_arm_v2/install/manipulator_msgs/share/manipulator_msgs/cmake/rosidl_cmake_export_typesupport_libraries-extras.cmake
[0.661s] -- Up-to-date: /home/rajitha-niroshan/FYP/Repos/Others/our_arm_v2/install/manipulator_msgs/share/manipulator_msgs/cmake/manipulator_msgsConfig.cmake
[0.661s] -- Up-to-date: /home/rajitha-niroshan/FYP/Repos/Others/our_arm_v2/install/manipulator_msgs/share/manipulator_msgs/cmake/manipulator_msgsConfig-version.cmake
[0.661s] -- Up-to-date: /home/rajitha-niroshan/FYP/Repos/Others/our_arm_v2/install/manipulator_msgs/share/manipulator_msgs/package.xml
[0.663s] Invoked command in '/home/rajitha-niroshan/FYP/Repos/Others/our_arm_v2/build/manipulator_msgs' returned '0': CMAKE_PREFIX_PATH=${CMAKE_PREFIX_PATH}:/opt/ros/jazzy DEBUGINFOD_URLS=https://debuginfod.ubuntu.com /usr/bin/cmake --install /home/rajitha-niroshan/FYP/Repos/Others/our_arm_v2/build/manipulator_msgs
